#
# There is insufficient memory for the Java Runtime Environment to continue.
# Native memory allocation (malloc) failed to allocate 2552368 bytes for Chunk::new
# Possible reasons:
#   The system is out of physical RAM or swap space
#   The process is running with CompressedOops enabled, and the Java Heap may be blocking the growth of the native heap
# Possible solutions:
#   Reduce memory load on the system
#   Increase physical memory or swap space
#   Check if swap backing store is full
#   Decrease Java heap size (-Xmx/-Xms)
#   Decrease number of Java threads
#   Decrease Java thread stack sizes (-Xss)
#   Set larger code cache with -XX:ReservedCodeCacheSize=
#   JVM is running with Unscaled Compressed Oops mode in which the Java heap is
#     placed in the first 4GB address space. The Java Heap base address is the
#     maximum limit for the native heap growth. Please use -XX:HeapBaseMinAddress
#     to set the Java Heap base and to place the Java Heap above 4GB virtual address.
# This output file may be truncated or incomplete.
#
#  Out of Memory Error (arena.cpp:191), pid=13360, tid=14344
#
# JRE version: OpenJDK Runtime Environment (17.0.9) (build 17.0.9+0--11185874)
# Java VM: OpenJDK 64-Bit Server VM (17.0.9+0--11185874, mixed mode, tiered, compressed oops, compressed class ptrs, g1 gc, windows-amd64)
# No core dump will be written. Minidumps are not enabled by default on client versions of Windows
#

---------------  S U M M A R Y ------------

Command Line: --add-opens=java.base/java.lang=ALL-UNNAMED --add-opens=java.base/java.lang.invoke=ALL-UNNAMED --add-opens=java.base/java.util=ALL-UNNAMED --add-opens=java.prefs/java.util.prefs=ALL-UNNAMED --add-exports=jdk.compiler/com.sun.tools.javac.api=ALL-UNNAMED --add-exports=jdk.compiler/com.sun.tools.javac.util=ALL-UNNAMED --add-opens=java.base/java.util=ALL-UNNAMED --add-opens=java.prefs/java.util.prefs=ALL-UNNAMED --add-opens=java.base/java.nio.charset=ALL-UNNAMED --add-opens=java.base/java.net=ALL-UNNAMED --add-opens=java.base/java.util.concurrent.atomic=ALL-UNNAMED --add-opens=java.xml/javax.xml.namespace=ALL-UNNAMED -XX:MaxMetaspaceSize=256m -XX:CICompilerCount=2 -XX:+HeapDumpOnOutOfMemoryError -Xms256m -Xmx512m -Dfile.encoding=windows-1252 -Duser.country=US -Duser.language=en -Duser.variant -javaagent:C:\Users\Jerusha\.gradle\wrapper\dists\gradle-8.12-all\ejduaidbjup3bmmkhw3rie4zb\gradle-8.12\lib\agents\gradle-instrumentation-agent-8.12.jar org.gradle.launcher.daemon.bootstrap.GradleDaemon 8.12

Host: 12th Gen Intel(R) Core(TM) i7-1255U, 12 cores, 7G,  Windows 11 , 64 bit Build 26100 (10.0.26100.7019)
Time: Mon Nov 10 12:50:03 2025 Sri Lanka Standard Time elapsed time: 9.767754 seconds (0d 0h 0m 9s)

---------------  T H R E A D  ---------------

Current thread (0x0000013a5db8d0b0):  JavaThread "C2 CompilerThread0" daemon [_thread_in_native, id=14344, stack(0x00000002b2800000,0x00000002b2900000)]


Current CompileTask:
C2:   9768 4299       4       org.gradle.internal.service.DefaultServiceRegistry$OwnServices::getService (317 bytes)

Stack: [0x00000002b2800000,0x00000002b2900000]
Native frames: (J=compiled Java code, j=interpreted, Vv=VM code, C=native code)
V  [jvm.dll+0x6886e9]
V  [jvm.dll+0x841e4a]
V  [jvm.dll+0x843a8e]
V  [jvm.dll+0x8440f3]
V  [jvm.dll+0x24c14f]
V  [jvm.dll+0xac44c]
V  [jvm.dll+0xaca9c]
V  [jvm.dll+0x36c1f7]
V  [jvm.dll+0x33651a]
V  [jvm.dll+0x3359ba]
V  [jvm.dll+0x21ddb1]
V  [jvm.dll+0x21d1d1]
V  [jvm.dll+0x1a674d]
V  [jvm.dll+0x22d088]
V  [jvm.dll+0x22b1c0]
V  [jvm.dll+0x7f62f7]
V  [jvm.dll+0x7f06aa]
V  [jvm.dll+0x687565]
C  [ucrtbase.dll+0x37b0]
C  [KERNEL32.DLL+0x2e8d7]
C  [ntdll.dll+0x8c53c]


---------------  P R O C E S S  ---------------

Threads class SMR info:
_java_thread_list=0x0000013a660d6e30, length=34, elements={
0x0000013a47020250, 0x0000013a5db55010, 0x0000013a5db559e0, 0x0000013a5db8a430,
0x0000013a5db8ad00, 0x0000013a5db8b5d0, 0x0000013a5db8c4b0, 0x0000013a5db8d0b0,
0x0000013a5db8d9c0, 0x0000013a5db90e90, 0x0000013a5d98e1c0, 0x0000013a5de07ec0,
0x0000013a6322a2a0, 0x0000013a63662020, 0x0000013a637622c0, 0x0000013a631d1190,
0x0000013a632e5d20, 0x0000013a631e47a0, 0x0000013a631e6600, 0x0000013a631e3360,
0x0000013a631e3870, 0x0000013a631e3d80, 0x0000013a631e4cb0, 0x0000013a631e4290,
0x0000013a631e51c0, 0x0000013a631e56d0, 0x0000013a631e5be0, 0x0000013a63d6bc70,
0x0000013a63d6c180, 0x0000013a63d6ea00, 0x0000013a63d6ef10, 0x0000013a63d6dad0,
0x0000013a63d6f930, 0x0000013a63d6f420
}

Java Threads: ( => current thread )
  0x0000013a47020250 JavaThread "main" [_thread_blocked, id=1460, stack(0x00000002b1b00000,0x00000002b1c00000)]
  0x0000013a5db55010 JavaThread "Reference Handler" daemon [_thread_blocked, id=4252, stack(0x00000002b2200000,0x00000002b2300000)]
  0x0000013a5db559e0 JavaThread "Finalizer" daemon [_thread_blocked, id=14060, stack(0x00000002b2300000,0x00000002b2400000)]
  0x0000013a5db8a430 JavaThread "Signal Dispatcher" daemon [_thread_blocked, id=8580, stack(0x00000002b2400000,0x00000002b2500000)]
  0x0000013a5db8ad00 JavaThread "Attach Listener" daemon [_thread_blocked, id=15880, stack(0x00000002b2500000,0x00000002b2600000)]
  0x0000013a5db8b5d0 JavaThread "Service Thread" daemon [_thread_blocked, id=7176, stack(0x00000002b2600000,0x00000002b2700000)]
  0x0000013a5db8c4b0 JavaThread "Monitor Deflation Thread" daemon [_thread_blocked, id=2836, stack(0x00000002b2700000,0x00000002b2800000)]
=>0x0000013a5db8d0b0 JavaThread "C2 CompilerThread0" daemon [_thread_in_native, id=14344, stack(0x00000002b2800000,0x00000002b2900000)]
  0x0000013a5db8d9c0 JavaThread "C1 CompilerThread0" daemon [_thread_blocked, id=15800, stack(0x00000002b2900000,0x00000002b2a00000)]
  0x0000013a5db90e90 JavaThread "Sweeper thread" daemon [_thread_blocked, id=16624, stack(0x00000002b2a00000,0x00000002b2b00000)]
  0x0000013a5d98e1c0 JavaThread "Common-Cleaner" daemon [_thread_blocked, id=13128, stack(0x00000002b2b00000,0x00000002b2c00000)]
  0x0000013a5de07ec0 JavaThread "Notification Thread" daemon [_thread_blocked, id=14212, stack(0x00000002b2c00000,0x00000002b2d00000)]
  0x0000013a6322a2a0 JavaThread "Daemon health stats" [_thread_blocked, id=11928, stack(0x00000002b3300000,0x00000002b3400000)]
  0x0000013a63662020 JavaThread "Incoming local TCP Connector on port 53273" [_thread_in_native, id=17300, stack(0x00000002b3400000,0x00000002b3500000)]
  0x0000013a637622c0 JavaThread "Daemon periodic checks" [_thread_blocked, id=10072, stack(0x00000002b3500000,0x00000002b3600000)]
  0x0000013a631d1190 JavaThread "Daemon" [_thread_blocked, id=1196, stack(0x00000002b3600000,0x00000002b3700000)]
  0x0000013a632e5d20 JavaThread "Handler for socket connection from /127.0.0.1:53273 to /127.0.0.1:53274" [_thread_in_native, id=12868, stack(0x00000002b3700000,0x00000002b3800000)]
  0x0000013a631e47a0 JavaThread "Cancel handler" [_thread_blocked, id=2604, stack(0x00000002b3800000,0x00000002b3900000)]
  0x0000013a631e6600 JavaThread "Daemon worker" [_thread_in_native, id=13420, stack(0x00000002b3900000,0x00000002b3a00000)]
  0x0000013a631e3360 JavaThread "Asynchronous log dispatcher for DefaultDaemonConnection: socket connection from /127.0.0.1:53273 to /127.0.0.1:53274" [_thread_blocked, id=7980, stack(0x00000002b3a00000,0x00000002b3b00000)]
  0x0000013a631e3870 JavaThread "Stdin handler" [_thread_blocked, id=2524, stack(0x00000002b3b00000,0x00000002b3c00000)]
  0x0000013a631e3d80 JavaThread "Daemon client event forwarder" [_thread_blocked, id=15104, stack(0x00000002b3c00000,0x00000002b3d00000)]
  0x0000013a631e4cb0 JavaThread "Cache worker for journal cache (C:\Users\Jerusha\.gradle\caches\journal-1)" [_thread_blocked, id=12184, stack(0x00000002b4300000,0x00000002b4400000)]
  0x0000013a631e4290 JavaThread "File lock request listener" [_thread_in_native, id=15888, stack(0x00000002b4400000,0x00000002b4500000)]
  0x0000013a631e51c0 JavaThread "Cache worker for file hash cache (C:\Users\Jerusha\.gradle\caches\8.12\fileHashes)" [_thread_blocked, id=16164, stack(0x00000002b4500000,0x00000002b4600000)]
  0x0000013a631e56d0 JavaThread "Cache worker for file hash cache (C:\Users\Jerusha\Desktop\CleaningApp\cleaning_app\android\.gradle\8.12\fileHashes)" [_thread_blocked, id=6824, stack(0x00000002b4600000,0x00000002b4700000)]
  0x0000013a631e5be0 JavaThread "Cache worker for Build Output Cleanup Cache (C:\Users\Jerusha\Desktop\CleaningApp\cleaning_app\android\.gradle\buildOutputCleanup)" [_thread_blocked, id=16060, stack(0x00000002b4700000,0x00000002b4800000)]
  0x0000013a63d6bc70 JavaThread "File watcher server" daemon [_thread_in_native, id=17208, stack(0x00000002b4800000,0x00000002b4900000)]
  0x0000013a63d6c180 JavaThread "File watcher consumer" daemon [_thread_blocked, id=14940, stack(0x00000002b4900000,0x00000002b4a00000)]
  0x0000013a63d6ea00 JavaThread "Cache worker for checksums cache (C:\Users\Jerusha\Desktop\CleaningApp\cleaning_app\android\.gradle\8.12\checksums)" [_thread_blocked, id=5960, stack(0x00000002b4a00000,0x00000002b4b00000)]
  0x0000013a63d6ef10 JavaThread "Cache worker for file content cache (C:\Users\Jerusha\.gradle\caches\8.12\fileContent)" [_thread_blocked, id=1320, stack(0x00000002b4b00000,0x00000002b4c00000)]
  0x0000013a63d6dad0 JavaThread "Cache worker for cache directory md-rule (C:\Users\Jerusha\.gradle\caches\8.12\md-rule)" [_thread_blocked, id=9784, stack(0x00000002b4c00000,0x00000002b4d00000)]
  0x0000013a63d6f930 JavaThread "Cache worker for cache directory md-supplier (C:\Users\Jerusha\.gradle\caches\8.12\md-supplier)" [_thread_blocked, id=17220, stack(0x00000002b4d00000,0x00000002b4e00000)]
  0x0000013a63d6f420 JavaThread "Cache worker for Build Output Cleanup Cache (C:\flutter\packages\flutter_tools\gradle\.gradle\buildOutputCleanup)" [_thread_blocked, id=7912, stack(0x00000002b4e00000,0x00000002b4f00000)]

Other Threads:
  0x0000013a5d9decd0 VMThread "VM Thread" [stack: 0x00000002b2100000,0x00000002b2200000] [id=4052]
  0x0000013a47020fe0 WatcherThread [stack: 0x00000002b2d00000,0x00000002b2e00000] [id=14560]
  0x0000013a4704f010 GCTaskThread "GC Thread#0" [stack: 0x00000002b1c00000,0x00000002b1d00000] [id=16244]
  0x0000013a62777670 GCTaskThread "GC Thread#1" [stack: 0x00000002b2e00000,0x00000002b2f00000] [id=12472]
  0x0000013a6223a8f0 GCTaskThread "GC Thread#2" [stack: 0x00000002b2f00000,0x00000002b3000000] [id=12644]
  0x0000013a62558bb0 GCTaskThread "GC Thread#3" [stack: 0x00000002b3000000,0x00000002b3100000] [id=10276]
  0x0000013a62558e70 GCTaskThread "GC Thread#4" [stack: 0x00000002b3100000,0x00000002b3200000] [id=6524]
  0x0000013a62790de0 GCTaskThread "GC Thread#5" [stack: 0x00000002b3200000,0x00000002b3300000] [id=16448]
  0x0000013a63b3f940 GCTaskThread "GC Thread#6" [stack: 0x00000002b3d00000,0x00000002b3e00000] [id=15924]
  0x0000013a637677c0 GCTaskThread "GC Thread#7" [stack: 0x00000002b3e00000,0x00000002b3f00000] [id=10488]
  0x0000013a63a928e0 GCTaskThread "GC Thread#8" [stack: 0x00000002b3f00000,0x00000002b4000000] [id=16200]
  0x0000013a63a92e60 GCTaskThread "GC Thread#9" [stack: 0x00000002b4000000,0x00000002b4100000] [id=7940]
  0x0000013a47053e70 ConcurrentGCThread "G1 Main Marker" [stack: 0x00000002b1d00000,0x00000002b1e00000] [id=11548]
  0x0000013a470547a0 ConcurrentGCThread "G1 Conc#0" [stack: 0x00000002b1e00000,0x00000002b1f00000] [id=1616]
  0x0000013a63a91de0 ConcurrentGCThread "G1 Conc#1" [stack: 0x00000002b4100000,0x00000002b4200000] [id=13332]
  0x0000013a63a92ba0 ConcurrentGCThread "G1 Conc#2" [stack: 0x00000002b4200000,0x00000002b4300000] [id=14152]
  0x0000013a470cdb80 ConcurrentGCThread "G1 Refine#0" [stack: 0x00000002b1f00000,0x00000002b2000000] [id=6704]
  0x0000013a470ce360 ConcurrentGCThread "G1 Service" [stack: 0x00000002b2000000,0x00000002b2100000] [id=17280]

Threads with active compile tasks:
C2 CompilerThread0     9821 4299       4       org.gradle.internal.service.DefaultServiceRegistry$OwnServices::getService (317 bytes)

VM state: not at safepoint (normal execution)

VM Mutex/Monitor currently owned by a thread: None

Heap address: 0x00000000e0000000, size: 512 MB, Compressed Oops mode: 32-bit

CDS archive(s) not mapped
Compressed class space mapped at: 0x0000000100000000-0x000000010d000000, reserved size: 218103808
Narrow klass base: 0x0000000000000000, Narrow klass shift: 3, Narrow klass range: 0x10d000000

GC Precious Log:
 CPUs: 12 total, 12 available
 Memory: 7896M
 Large Page Support: Disabled
 NUMA Support: Disabled
 Compressed Oops: Enabled (32-bit)
 Heap Region Size: 1M
 Heap Min Capacity: 256M
 Heap Initial Capacity: 256M
 Heap Max Capacity: 512M
 Pre-touch: Disabled
 Parallel Workers: 10
 Concurrent Workers: 3
 Concurrent Refinement Workers: 10
 Periodic GC: Disabled

Heap:
 garbage-first heap   total 262144K, used 46924K [0x00000000e0000000, 0x0000000100000000)
  region size 1024K, 23 young (23552K), 9 survivors (9216K)
 Metaspace       used 50852K, committed 51328K, reserved 278528K
  class space    used 6875K, committed 7104K, reserved 212992K

Heap Regions: E=young(eden), S=young(survivor), O=old, HS=humongous(starts), HC=humongous(continues), CS=collection set, F=free, OA=open archive, CA=closed archive, TAMS=top-at-mark-start (previous, next)
|   0|0x00000000e0000000, 0x00000000e0000000, 0x00000000e0100000|  0%| F|  |TAMS 0x00000000e0000000, 0x00000000e0000000| Untracked 
|   1|0x00000000e0100000, 0x00000000e0200000, 0x00000000e0200000|100%|HS|  |TAMS 0x00000000e0200000, 0x00000000e0100000| Complete 
|   2|0x00000000e0200000, 0x00000000e0300000, 0x00000000e0300000|100%|HC|  |TAMS 0x00000000e0300000, 0x00000000e0200000| Complete 
|   3|0x00000000e0300000, 0x00000000e0400000, 0x00000000e0400000|100%|HC|  |TAMS 0x00000000e0400000, 0x00000000e0300000| Complete 
|   4|0x00000000e0400000, 0x00000000e0500000, 0x00000000e0500000|100%| O|  |TAMS 0x00000000e0500000, 0x00000000e0400000| Untracked 
|   5|0x00000000e0500000, 0x00000000e0600000, 0x00000000e0600000|100%| O|  |TAMS 0x00000000e0600000, 0x00000000e0500000| Untracked 
|   6|0x00000000e0600000, 0x00000000e0700000, 0x00000000e0700000|100%| O|  |TAMS 0x00000000e0700000, 0x00000000e0600000| Untracked 
|   7|0x00000000e0700000, 0x00000000e0800000, 0x00000000e0800000|100%|HS|  |TAMS 0x00000000e0800000, 0x00000000e0700000| Complete 
|   8|0x00000000e0800000, 0x00000000e0900000, 0x00000000e0900000|100%| O|  |TAMS 0x00000000e0900000, 0x00000000e0800000| Untracked 
|   9|0x00000000e0900000, 0x00000000e0a00000, 0x00000000e0a00000|100%| O|  |TAMS 0x00000000e0a00000, 0x00000000e0900000| Untracked 
|  10|0x00000000e0a00000, 0x00000000e0b00000, 0x00000000e0b00000|100%| O|  |TAMS 0x00000000e0b00000, 0x00000000e0a00000| Untracked 
|  11|0x00000000e0b00000, 0x00000000e0c00000, 0x00000000e0c00000|100%| O|  |TAMS 0x00000000e0c00000, 0x00000000e0b00000| Untracked 
|  12|0x00000000e0c00000, 0x00000000e0d00000, 0x00000000e0d00000|100%| O|  |TAMS 0x00000000e0d00000, 0x00000000e0c00000| Untracked 
|  13|0x00000000e0d00000, 0x00000000e0e00000, 0x00000000e0e00000|100%| O|  |TAMS 0x00000000e0e00000, 0x00000000e0d00000| Untracked 
|  14|0x00000000e0e00000, 0x00000000e0f00000, 0x00000000e0f00000|100%| O|  |TAMS 0x00000000e0f00000, 0x00000000e0e00000| Untracked 
|  15|0x00000000e0f00000, 0x00000000e1000000, 0x00000000e1000000|100%| O|  |TAMS 0x00000000e1000000, 0x00000000e0f00000| Untracked 
|  16|0x00000000e1000000, 0x00000000e1100000, 0x00000000e1100000|100%| O|  |TAMS 0x00000000e1100000, 0x00000000e1000000| Untracked 
|  17|0x00000000e1100000, 0x00000000e1200000, 0x00000000e1200000|100%| O|  |TAMS 0x00000000e1200000, 0x00000000e1100000| Untracked 
|  18|0x00000000e1200000, 0x00000000e1300000, 0x00000000e1300000|100%| O|  |TAMS 0x00000000e1300000, 0x00000000e1200000| Untracked 
|  19|0x00000000e1300000, 0x00000000e1400000, 0x00000000e1400000|100%| O|  |TAMS 0x00000000e1400000, 0x00000000e1300000| Untracked 
|  20|0x00000000e1400000, 0x00000000e1500000, 0x00000000e1500000|100%| O|  |TAMS 0x00000000e1500000, 0x00000000e1400000| Untracked 
|  21|0x00000000e1500000, 0x00000000e1600000, 0x00000000e1600000|100%| O|  |TAMS 0x00000000e1600000, 0x00000000e1500000| Untracked 
|  22|0x00000000e1600000, 0x00000000e1700000, 0x00000000e1700000|100%| O|  |TAMS 0x00000000e1700000, 0x00000000e1600000| Untracked 
|  23|0x00000000e1700000, 0x00000000e1800000, 0x00000000e1800000|100%| O|  |TAMS 0x00000000e1800000, 0x00000000e1700000| Untracked 
|  24|0x00000000e1800000, 0x00000000e1900000, 0x00000000e1900000|100%| O|  |TAMS 0x00000000e1900000, 0x00000000e1800000| Untracked 
|  25|0x00000000e1900000, 0x00000000e195d000, 0x00000000e1a00000| 36%| O|  |TAMS 0x00000000e195d000, 0x00000000e1900000| Untracked 
|  26|0x00000000e1a00000, 0x00000000e1a00000, 0x00000000e1b00000|  0%| F|  |TAMS 0x00000000e1a00000, 0x00000000e1a00000| Untracked 
|  27|0x00000000e1b00000, 0x00000000e1b00000, 0x00000000e1c00000|  0%| F|  |TAMS 0x00000000e1b00000, 0x00000000e1b00000| Untracked 
|  28|0x00000000e1c00000, 0x00000000e1c00000, 0x00000000e1d00000|  0%| F|  |TAMS 0x00000000e1c00000, 0x00000000e1c00000| Untracked 
|  29|0x00000000e1d00000, 0x00000000e1d00000, 0x00000000e1e00000|  0%| F|  |TAMS 0x00000000e1d00000, 0x00000000e1d00000| Untracked 
|  30|0x00000000e1e00000, 0x00000000e1e00000, 0x00000000e1f00000|  0%| F|  |TAMS 0x00000000e1e00000, 0x00000000e1e00000| Untracked 
|  31|0x00000000e1f00000, 0x00000000e1f00000, 0x00000000e2000000|  0%| F|  |TAMS 0x00000000e1f00000, 0x00000000e1f00000| Untracked 
|  32|0x00000000e2000000, 0x00000000e2000000, 0x00000000e2100000|  0%| F|  |TAMS 0x00000000e2000000, 0x00000000e2000000| Untracked 
|  33|0x00000000e2100000, 0x00000000e2100000, 0x00000000e2200000|  0%| F|  |TAMS 0x00000000e2100000, 0x00000000e2100000| Untracked 
|  34|0x00000000e2200000, 0x00000000e2200000, 0x00000000e2300000|  0%| F|  |TAMS 0x00000000e2200000, 0x00000000e2200000| Untracked 
|  35|0x00000000e2300000, 0x00000000e2300000, 0x00000000e2400000|  0%| F|  |TAMS 0x00000000e2300000, 0x00000000e2300000| Untracked 
|  36|0x00000000e2400000, 0x00000000e2400000, 0x00000000e2500000|  0%| F|  |TAMS 0x00000000e2400000, 0x00000000e2400000| Untracked 
|  37|0x00000000e2500000, 0x00000000e2500000, 0x00000000e2600000|  0%| F|  |TAMS 0x00000000e2500000, 0x00000000e2500000| Untracked 
|  38|0x00000000e2600000, 0x00000000e2600000, 0x00000000e2700000|  0%| F|  |TAMS 0x00000000e2600000, 0x00000000e2600000| Untracked 
|  39|0x00000000e2700000, 0x00000000e2700000, 0x00000000e2800000|  0%| F|  |TAMS 0x00000000e2700000, 0x00000000e2700000| Untracked 
|  40|0x00000000e2800000, 0x00000000e2800000, 0x00000000e2900000|  0%| F|  |TAMS 0x00000000e2800000, 0x00000000e2800000| Untracked 
|  41|0x00000000e2900000, 0x00000000e2900000, 0x00000000e2a00000|  0%| F|  |TAMS 0x00000000e2900000, 0x00000000e2900000| Untracked 
|  42|0x00000000e2a00000, 0x00000000e2a00000, 0x00000000e2b00000|  0%| F|  |TAMS 0x00000000e2a00000, 0x00000000e2a00000| Untracked 
|  43|0x00000000e2b00000, 0x00000000e2b00000, 0x00000000e2c00000|  0%| F|  |TAMS 0x00000000e2b00000, 0x00000000e2b00000| Untracked 
|  44|0x00000000e2c00000, 0x00000000e2c00000, 0x00000000e2d00000|  0%| F|  |TAMS 0x00000000e2c00000, 0x00000000e2c00000| Untracked 
|  45|0x00000000e2d00000, 0x00000000e2d00000, 0x00000000e2e00000|  0%| F|  |TAMS 0x00000000e2d00000, 0x00000000e2d00000| Untracked 
|  46|0x00000000e2e00000, 0x00000000e2e00000, 0x00000000e2f00000|  0%| F|  |TAMS 0x00000000e2e00000, 0x00000000e2e00000| Untracked 
|  47|0x00000000e2f00000, 0x00000000e2f00000, 0x00000000e3000000|  0%| F|  |TAMS 0x00000000e2f00000, 0x00000000e2f00000| Untracked 
|  48|0x00000000e3000000, 0x00000000e3000000, 0x00000000e3100000|  0%| F|  |TAMS 0x00000000e3000000, 0x00000000e3000000| Untracked 
|  49|0x00000000e3100000, 0x00000000e3100000, 0x00000000e3200000|  0%| F|  |TAMS 0x00000000e3100000, 0x00000000e3100000| Untracked 
|  50|0x00000000e3200000, 0x00000000e3200000, 0x00000000e3300000|  0%| F|  |TAMS 0x00000000e3200000, 0x00000000e3200000| Untracked 
|  51|0x00000000e3300000, 0x00000000e3300000, 0x00000000e3400000|  0%| F|  |TAMS 0x00000000e3300000, 0x00000000e3300000| Untracked 
|  52|0x00000000e3400000, 0x00000000e3400000, 0x00000000e3500000|  0%| F|  |TAMS 0x00000000e3400000, 0x00000000e3400000| Untracked 
|  53|0x00000000e3500000, 0x00000000e3500000, 0x00000000e3600000|  0%| F|  |TAMS 0x00000000e3500000, 0x00000000e3500000| Untracked 
|  54|0x00000000e3600000, 0x00000000e3600000, 0x00000000e3700000|  0%| F|  |TAMS 0x00000000e3600000, 0x00000000e3600000| Untracked 
|  55|0x00000000e3700000, 0x00000000e3700000, 0x00000000e3800000|  0%| F|  |TAMS 0x00000000e3700000, 0x00000000e3700000| Untracked 
|  56|0x00000000e3800000, 0x00000000e3800000, 0x00000000e3900000|  0%| F|  |TAMS 0x00000000e3800000, 0x00000000e3800000| Untracked 
|  57|0x00000000e3900000, 0x00000000e3900000, 0x00000000e3a00000|  0%| F|  |TAMS 0x00000000e3900000, 0x00000000e3900000| Untracked 
|  58|0x00000000e3a00000, 0x00000000e3a00000, 0x00000000e3b00000|  0%| F|  |TAMS 0x00000000e3a00000, 0x00000000e3a00000| Untracked 
|  59|0x00000000e3b00000, 0x00000000e3b00000, 0x00000000e3c00000|  0%| F|  |TAMS 0x00000000e3b00000, 0x00000000e3b00000| Untracked 
|  60|0x00000000e3c00000, 0x00000000e3c00000, 0x00000000e3d00000|  0%| F|  |TAMS 0x00000000e3c00000, 0x00000000e3c00000| Untracked 
|  61|0x00000000e3d00000, 0x00000000e3d00000, 0x00000000e3e00000|  0%| F|  |TAMS 0x00000000e3d00000, 0x00000000e3d00000| Untracked 
|  62|0x00000000e3e00000, 0x00000000e3e00000, 0x00000000e3f00000|  0%| F|  |TAMS 0x00000000e3e00000, 0x00000000e3e00000| Untracked 
|  63|0x00000000e3f00000, 0x00000000e3f00000, 0x00000000e4000000|  0%| F|  |TAMS 0x00000000e3f00000, 0x00000000e3f00000| Untracked 
|  64|0x00000000e4000000, 0x00000000e4000000, 0x00000000e4100000|  0%| F|  |TAMS 0x00000000e4000000, 0x00000000e4000000| Untracked 
|  65|0x00000000e4100000, 0x00000000e4100000, 0x00000000e4200000|  0%| F|  |TAMS 0x00000000e4100000, 0x00000000e4100000| Untracked 
|  66|0x00000000e4200000, 0x00000000e4200000, 0x00000000e4300000|  0%| F|  |TAMS 0x00000000e4200000, 0x00000000e4200000| Untracked 
|  67|0x00000000e4300000, 0x00000000e4300000, 0x00000000e4400000|  0%| F|  |TAMS 0x00000000e4300000, 0x00000000e4300000| Untracked 
|  68|0x00000000e4400000, 0x00000000e4400000, 0x00000000e4500000|  0%| F|  |TAMS 0x00000000e4400000, 0x00000000e4400000| Untracked 
|  69|0x00000000e4500000, 0x00000000e4500000, 0x00000000e4600000|  0%| F|  |TAMS 0x00000000e4500000, 0x00000000e4500000| Untracked 
|  70|0x00000000e4600000, 0x00000000e4600000, 0x00000000e4700000|  0%| F|  |TAMS 0x00000000e4600000, 0x00000000e4600000| Untracked 
|  71|0x00000000e4700000, 0x00000000e4700000, 0x00000000e4800000|  0%| F|  |TAMS 0x00000000e4700000, 0x00000000e4700000| Untracked 
|  72|0x00000000e4800000, 0x00000000e4800000, 0x00000000e4900000|  0%| F|  |TAMS 0x00000000e4800000, 0x00000000e4800000| Untracked 
|  73|0x00000000e4900000, 0x00000000e4900000, 0x00000000e4a00000|  0%| F|  |TAMS 0x00000000e4900000, 0x00000000e4900000| Untracked 
|  74|0x00000000e4a00000, 0x00000000e4a00000, 0x00000000e4b00000|  0%| F|  |TAMS 0x00000000e4a00000, 0x00000000e4a00000| Untracked 
|  75|0x00000000e4b00000, 0x00000000e4b00000, 0x00000000e4c00000|  0%| F|  |TAMS 0x00000000e4b00000, 0x00000000e4b00000| Untracked 
|  76|0x00000000e4c00000, 0x00000000e4c00000, 0x00000000e4d00000|  0%| F|  |TAMS 0x00000000e4c00000, 0x00000000e4c00000| Untracked 
|  77|0x00000000e4d00000, 0x00000000e4d00000, 0x00000000e4e00000|  0%| F|  |TAMS 0x00000000e4d00000, 0x00000000e4d00000| Untracked 
|  78|0x00000000e4e00000, 0x00000000e4e00000, 0x00000000e4f00000|  0%| F|  |TAMS 0x00000000e4e00000, 0x00000000e4e00000| Untracked 
|  79|0x00000000e4f00000, 0x00000000e4f00000, 0x00000000e5000000|  0%| F|  |TAMS 0x00000000e4f00000, 0x00000000e4f00000| Untracked 
|  80|0x00000000e5000000, 0x00000000e5000000, 0x00000000e5100000|  0%| F|  |TAMS 0x00000000e5000000, 0x00000000e5000000| Untracked 
|  81|0x00000000e5100000, 0x00000000e5100000, 0x00000000e5200000|  0%| F|  |TAMS 0x00000000e5100000, 0x00000000e5100000| Untracked 
|  82|0x00000000e5200000, 0x00000000e5200000, 0x00000000e5300000|  0%| F|  |TAMS 0x00000000e5200000, 0x00000000e5200000| Untracked 
|  83|0x00000000e5300000, 0x00000000e5300000, 0x00000000e5400000|  0%| F|  |TAMS 0x00000000e5300000, 0x00000000e5300000| Untracked 
|  84|0x00000000e5400000, 0x00000000e5400000, 0x00000000e5500000|  0%| F|  |TAMS 0x00000000e5400000, 0x00000000e5400000| Untracked 
|  85|0x00000000e5500000, 0x00000000e5500000, 0x00000000e5600000|  0%| F|  |TAMS 0x00000000e5500000, 0x00000000e5500000| Untracked 
|  86|0x00000000e5600000, 0x00000000e5600000, 0x00000000e5700000|  0%| F|  |TAMS 0x00000000e5600000, 0x00000000e5600000| Untracked 
|  87|0x00000000e5700000, 0x00000000e5700000, 0x00000000e5800000|  0%| F|  |TAMS 0x00000000e5700000, 0x00000000e5700000| Untracked 
|  88|0x00000000e5800000, 0x00000000e5800000, 0x00000000e5900000|  0%| F|  |TAMS 0x00000000e5800000, 0x00000000e5800000| Untracked 
|  89|0x00000000e5900000, 0x00000000e5900000, 0x00000000e5a00000|  0%| F|  |TAMS 0x00000000e5900000, 0x00000000e5900000| Untracked 
|  90|0x00000000e5a00000, 0x00000000e5a00000, 0x00000000e5b00000|  0%| F|  |TAMS 0x00000000e5a00000, 0x00000000e5a00000| Untracked 
|  91|0x00000000e5b00000, 0x00000000e5b00000, 0x00000000e5c00000|  0%| F|  |TAMS 0x00000000e5b00000, 0x00000000e5b00000| Untracked 
|  92|0x00000000e5c00000, 0x00000000e5c00000, 0x00000000e5d00000|  0%| F|  |TAMS 0x00000000e5c00000, 0x00000000e5c00000| Untracked 
|  93|0x00000000e5d00000, 0x00000000e5d00000, 0x00000000e5e00000|  0%| F|  |TAMS 0x00000000e5d00000, 0x00000000e5d00000| Untracked 
|  94|0x00000000e5e00000, 0x00000000e5e76190, 0x00000000e5f00000| 46%| S|CS|TAMS 0x00000000e5e00000, 0x00000000e5e00000| Complete 
|  95|0x00000000e5f00000, 0x00000000e6000000, 0x00000000e6000000|100%| S|CS|TAMS 0x00000000e5f00000, 0x00000000e5f00000| Complete 
|  96|0x00000000e6000000, 0x00000000e6100000, 0x00000000e6100000|100%| S|CS|TAMS 0x00000000e6000000, 0x00000000e6000000| Complete 
|  97|0x00000000e6100000, 0x00000000e6200000, 0x00000000e6200000|100%| S|CS|TAMS 0x00000000e6100000, 0x00000000e6100000| Complete 
|  98|0x00000000e6200000, 0x00000000e6300000, 0x00000000e6300000|100%| S|CS|TAMS 0x00000000e6200000, 0x00000000e6200000| Complete 
|  99|0x00000000e6300000, 0x00000000e6400000, 0x00000000e6400000|100%| S|CS|TAMS 0x00000000e6300000, 0x00000000e6300000| Complete 
| 100|0x00000000e6400000, 0x00000000e6500000, 0x00000000e6500000|100%| S|CS|TAMS 0x00000000e6400000, 0x00000000e6400000| Complete 
| 101|0x00000000e6500000, 0x00000000e6600000, 0x00000000e6600000|100%| S|CS|TAMS 0x00000000e6500000, 0x00000000e6500000| Complete 
| 102|0x00000000e6600000, 0x00000000e6700000, 0x00000000e6700000|100%| S|CS|TAMS 0x00000000e6600000, 0x00000000e6600000| Complete 
| 103|0x00000000e6700000, 0x00000000e6700000, 0x00000000e6800000|  0%| F|  |TAMS 0x00000000e6700000, 0x00000000e6700000| Untracked 
| 104|0x00000000e6800000, 0x00000000e6800000, 0x00000000e6900000|  0%| F|  |TAMS 0x00000000e6800000, 0x00000000e6800000| Untracked 
| 105|0x00000000e6900000, 0x00000000e6900000, 0x00000000e6a00000|  0%| F|  |TAMS 0x00000000e6900000, 0x00000000e6900000| Untracked 
| 106|0x00000000e6a00000, 0x00000000e6a00000, 0x00000000e6b00000|  0%| F|  |TAMS 0x00000000e6a00000, 0x00000000e6a00000| Untracked 
| 107|0x00000000e6b00000, 0x00000000e6b00000, 0x00000000e6c00000|  0%| F|  |TAMS 0x00000000e6b00000, 0x00000000e6b00000| Untracked 
| 108|0x00000000e6c00000, 0x00000000e6c00000, 0x00000000e6d00000|  0%| F|  |TAMS 0x00000000e6c00000, 0x00000000e6c00000| Untracked 
| 109|0x00000000e6d00000, 0x00000000e6d00000, 0x00000000e6e00000|  0%| F|  |TAMS 0x00000000e6d00000, 0x00000000e6d00000| Untracked 
| 110|0x00000000e6e00000, 0x00000000e6e00000, 0x00000000e6f00000|  0%| F|  |TAMS 0x00000000e6e00000, 0x00000000e6e00000| Untracked 
| 111|0x00000000e6f00000, 0x00000000e6f00000, 0x00000000e7000000|  0%| F|  |TAMS 0x00000000e6f00000, 0x00000000e6f00000| Untracked 
| 112|0x00000000e7000000, 0x00000000e7000000, 0x00000000e7100000|  0%| F|  |TAMS 0x00000000e7000000, 0x00000000e7000000| Untracked 
| 113|0x00000000e7100000, 0x00000000e7100000, 0x00000000e7200000|  0%| F|  |TAMS 0x00000000e7100000, 0x00000000e7100000| Untracked 
| 114|0x00000000e7200000, 0x00000000e7200000, 0x00000000e7300000|  0%| F|  |TAMS 0x00000000e7200000, 0x00000000e7200000| Untracked 
| 115|0x00000000e7300000, 0x00000000e7300000, 0x00000000e7400000|  0%| F|  |TAMS 0x00000000e7300000, 0x00000000e7300000| Untracked 
| 116|0x00000000e7400000, 0x00000000e7400000, 0x00000000e7500000|  0%| F|  |TAMS 0x00000000e7400000, 0x00000000e7400000| Untracked 
| 117|0x00000000e7500000, 0x00000000e7500000, 0x00000000e7600000|  0%| F|  |TAMS 0x00000000e7500000, 0x00000000e7500000| Untracked 
| 118|0x00000000e7600000, 0x00000000e7600000, 0x00000000e7700000|  0%| F|  |TAMS 0x00000000e7600000, 0x00000000e7600000| Untracked 
| 119|0x00000000e7700000, 0x00000000e7700000, 0x00000000e7800000|  0%| F|  |TAMS 0x00000000e7700000, 0x00000000e7700000| Untracked 
| 120|0x00000000e7800000, 0x00000000e7800000, 0x00000000e7900000|  0%| F|  |TAMS 0x00000000e7800000, 0x00000000e7800000| Untracked 
| 121|0x00000000e7900000, 0x00000000e7900000, 0x00000000e7a00000|  0%| F|  |TAMS 0x00000000e7900000, 0x00000000e7900000| Untracked 
| 122|0x00000000e7a00000, 0x00000000e7a00000, 0x00000000e7b00000|  0%| F|  |TAMS 0x00000000e7a00000, 0x00000000e7a00000| Untracked 
| 123|0x00000000e7b00000, 0x00000000e7b00000, 0x00000000e7c00000|  0%| F|  |TAMS 0x00000000e7b00000, 0x00000000e7b00000| Untracked 
| 124|0x00000000e7c00000, 0x00000000e7c00000, 0x00000000e7d00000|  0%| F|  |TAMS 0x00000000e7c00000, 0x00000000e7c00000| Untracked 
| 125|0x00000000e7d00000, 0x00000000e7d00000, 0x00000000e7e00000|  0%| F|  |TAMS 0x00000000e7d00000, 0x00000000e7d00000| Untracked 
| 126|0x00000000e7e00000, 0x00000000e7e00000, 0x00000000e7f00000|  0%| F|  |TAMS 0x00000000e7e00000, 0x00000000e7e00000| Untracked 
| 127|0x00000000e7f00000, 0x00000000e7f00000, 0x00000000e8000000|  0%| F|  |TAMS 0x00000000e7f00000, 0x00000000e7f00000| Untracked 
| 128|0x00000000e8000000, 0x00000000e8000000, 0x00000000e8100000|  0%| F|  |TAMS 0x00000000e8000000, 0x00000000e8000000| Untracked 
| 129|0x00000000e8100000, 0x00000000e8100000, 0x00000000e8200000|  0%| F|  |TAMS 0x00000000e8100000, 0x00000000e8100000| Untracked 
| 130|0x00000000e8200000, 0x00000000e8200000, 0x00000000e8300000|  0%| F|  |TAMS 0x00000000e8200000, 0x00000000e8200000| Untracked 
| 131|0x00000000e8300000, 0x00000000e8300000, 0x00000000e8400000|  0%| F|  |TAMS 0x00000000e8300000, 0x00000000e8300000| Untracked 
| 132|0x00000000e8400000, 0x00000000e8400000, 0x00000000e8500000|  0%| F|  |TAMS 0x00000000e8400000, 0x00000000e8400000| Untracked 
| 133|0x00000000e8500000, 0x00000000e8500000, 0x00000000e8600000|  0%| F|  |TAMS 0x00000000e8500000, 0x00000000e8500000| Untracked 
| 134|0x00000000e8600000, 0x00000000e8600000, 0x00000000e8700000|  0%| F|  |TAMS 0x00000000e8600000, 0x00000000e8600000| Untracked 
| 135|0x00000000e8700000, 0x00000000e8700000, 0x00000000e8800000|  0%| F|  |TAMS 0x00000000e8700000, 0x00000000e8700000| Untracked 
| 136|0x00000000e8800000, 0x00000000e8800000, 0x00000000e8900000|  0%| F|  |TAMS 0x00000000e8800000, 0x00000000e8800000| Untracked 
| 137|0x00000000e8900000, 0x00000000e8900000, 0x00000000e8a00000|  0%| F|  |TAMS 0x00000000e8900000, 0x00000000e8900000| Untracked 
| 138|0x00000000e8a00000, 0x00000000e8a00000, 0x00000000e8b00000|  0%| F|  |TAMS 0x00000000e8a00000, 0x00000000e8a00000| Untracked 
| 139|0x00000000e8b00000, 0x00000000e8b00000, 0x00000000e8c00000|  0%| F|  |TAMS 0x00000000e8b00000, 0x00000000e8b00000| Untracked 
| 140|0x00000000e8c00000, 0x00000000e8c00000, 0x00000000e8d00000|  0%| F|  |TAMS 0x00000000e8c00000, 0x00000000e8c00000| Untracked 
| 141|0x00000000e8d00000, 0x00000000e8d00000, 0x00000000e8e00000|  0%| F|  |TAMS 0x00000000e8d00000, 0x00000000e8d00000| Untracked 
| 142|0x00000000e8e00000, 0x00000000e8e00000, 0x00000000e8f00000|  0%| F|  |TAMS 0x00000000e8e00000, 0x00000000e8e00000| Untracked 
| 143|0x00000000e8f00000, 0x00000000e8f00000, 0x00000000e9000000|  0%| F|  |TAMS 0x00000000e8f00000, 0x00000000e8f00000| Untracked 
| 144|0x00000000e9000000, 0x00000000e9000000, 0x00000000e9100000|  0%| F|  |TAMS 0x00000000e9000000, 0x00000000e9000000| Untracked 
| 145|0x00000000e9100000, 0x00000000e9100000, 0x00000000e9200000|  0%| F|  |TAMS 0x00000000e9100000, 0x00000000e9100000| Untracked 
| 146|0x00000000e9200000, 0x00000000e9200000, 0x00000000e9300000|  0%| F|  |TAMS 0x00000000e9200000, 0x00000000e9200000| Untracked 
| 147|0x00000000e9300000, 0x00000000e9300000, 0x00000000e9400000|  0%| F|  |TAMS 0x00000000e9300000, 0x00000000e9300000| Untracked 
| 148|0x00000000e9400000, 0x00000000e9400000, 0x00000000e9500000|  0%| F|  |TAMS 0x00000000e9400000, 0x00000000e9400000| Untracked 
| 149|0x00000000e9500000, 0x00000000e9500000, 0x00000000e9600000|  0%| F|  |TAMS 0x00000000e9500000, 0x00000000e9500000| Untracked 
| 150|0x00000000e9600000, 0x00000000e9600000, 0x00000000e9700000|  0%| F|  |TAMS 0x00000000e9600000, 0x00000000e9600000| Untracked 
| 151|0x00000000e9700000, 0x00000000e9700000, 0x00000000e9800000|  0%| F|  |TAMS 0x00000000e9700000, 0x00000000e9700000| Untracked 
| 152|0x00000000e9800000, 0x00000000e9800000, 0x00000000e9900000|  0%| F|  |TAMS 0x00000000e9800000, 0x00000000e9800000| Untracked 
| 153|0x00000000e9900000, 0x00000000e9900000, 0x00000000e9a00000|  0%| F|  |TAMS 0x00000000e9900000, 0x00000000e9900000| Untracked 
| 154|0x00000000e9a00000, 0x00000000e9a00000, 0x00000000e9b00000|  0%| F|  |TAMS 0x00000000e9a00000, 0x00000000e9a00000| Untracked 
| 155|0x00000000e9b00000, 0x00000000e9b00000, 0x00000000e9c00000|  0%| F|  |TAMS 0x00000000e9b00000, 0x00000000e9b00000| Untracked 
| 156|0x00000000e9c00000, 0x00000000e9c00000, 0x00000000e9d00000|  0%| F|  |TAMS 0x00000000e9c00000, 0x00000000e9c00000| Untracked 
| 157|0x00000000e9d00000, 0x00000000e9d00000, 0x00000000e9e00000|  0%| F|  |TAMS 0x00000000e9d00000, 0x00000000e9d00000| Untracked 
| 158|0x00000000e9e00000, 0x00000000e9e00000, 0x00000000e9f00000|  0%| F|  |TAMS 0x00000000e9e00000, 0x00000000e9e00000| Untracked 
| 159|0x00000000e9f00000, 0x00000000e9f00000, 0x00000000ea000000|  0%| F|  |TAMS 0x00000000e9f00000, 0x00000000e9f00000| Untracked 
| 160|0x00000000ea000000, 0x00000000ea000000, 0x00000000ea100000|  0%| F|  |TAMS 0x00000000ea000000, 0x00000000ea000000| Untracked 
| 161|0x00000000ea100000, 0x00000000ea100000, 0x00000000ea200000|  0%| F|  |TAMS 0x00000000ea100000, 0x00000000ea100000| Untracked 
| 162|0x00000000ea200000, 0x00000000ea200000, 0x00000000ea300000|  0%| F|  |TAMS 0x00000000ea200000, 0x00000000ea200000| Untracked 
| 163|0x00000000ea300000, 0x00000000ea300000, 0x00000000ea400000|  0%| F|  |TAMS 0x00000000ea300000, 0x00000000ea300000| Untracked 
| 164|0x00000000ea400000, 0x00000000ea400000, 0x00000000ea500000|  0%| F|  |TAMS 0x00000000ea400000, 0x00000000ea400000| Untracked 
| 165|0x00000000ea500000, 0x00000000ea500000, 0x00000000ea600000|  0%| F|  |TAMS 0x00000000ea500000, 0x00000000ea500000| Untracked 
| 166|0x00000000ea600000, 0x00000000ea600000, 0x00000000ea700000|  0%| F|  |TAMS 0x00000000ea600000, 0x00000000ea600000| Untracked 
| 167|0x00000000ea700000, 0x00000000ea700000, 0x00000000ea800000|  0%| F|  |TAMS 0x00000000ea700000, 0x00000000ea700000| Untracked 
| 168|0x00000000ea800000, 0x00000000ea800000, 0x00000000ea900000|  0%| F|  |TAMS 0x00000000ea800000, 0x00000000ea800000| Untracked 
| 169|0x00000000ea900000, 0x00000000ea900000, 0x00000000eaa00000|  0%| F|  |TAMS 0x00000000ea900000, 0x00000000ea900000| Untracked 
| 170|0x00000000eaa00000, 0x00000000eaa00000, 0x00000000eab00000|  0%| F|  |TAMS 0x00000000eaa00000, 0x00000000eaa00000| Untracked 
| 171|0x00000000eab00000, 0x00000000eab00000, 0x00000000eac00000|  0%| F|  |TAMS 0x00000000eab00000, 0x00000000eab00000| Untracked 
| 172|0x00000000eac00000, 0x00000000eac00000, 0x00000000ead00000|  0%| F|  |TAMS 0x00000000eac00000, 0x00000000eac00000| Untracked 
| 173|0x00000000ead00000, 0x00000000ead00000, 0x00000000eae00000|  0%| F|  |TAMS 0x00000000ead00000, 0x00000000ead00000| Untracked 
| 174|0x00000000eae00000, 0x00000000eae00000, 0x00000000eaf00000|  0%| F|  |TAMS 0x00000000eae00000, 0x00000000eae00000| Untracked 
| 175|0x00000000eaf00000, 0x00000000eaf00000, 0x00000000eb000000|  0%| F|  |TAMS 0x00000000eaf00000, 0x00000000eaf00000| Untracked 
| 176|0x00000000eb000000, 0x00000000eb000000, 0x00000000eb100000|  0%| F|  |TAMS 0x00000000eb000000, 0x00000000eb000000| Untracked 
| 177|0x00000000eb100000, 0x00000000eb100000, 0x00000000eb200000|  0%| F|  |TAMS 0x00000000eb100000, 0x00000000eb100000| Untracked 
| 178|0x00000000eb200000, 0x00000000eb200000, 0x00000000eb300000|  0%| F|  |TAMS 0x00000000eb200000, 0x00000000eb200000| Untracked 
| 179|0x00000000eb300000, 0x00000000eb300000, 0x00000000eb400000|  0%| F|  |TAMS 0x00000000eb300000, 0x00000000eb300000| Untracked 
| 180|0x00000000eb400000, 0x00000000eb400000, 0x00000000eb500000|  0%| F|  |TAMS 0x00000000eb400000, 0x00000000eb400000| Untracked 
| 181|0x00000000eb500000, 0x00000000eb500000, 0x00000000eb600000|  0%| F|  |TAMS 0x00000000eb500000, 0x00000000eb500000| Untracked 
| 182|0x00000000eb600000, 0x00000000eb600000, 0x00000000eb700000|  0%| F|  |TAMS 0x00000000eb600000, 0x00000000eb600000| Untracked 
| 183|0x00000000eb700000, 0x00000000eb700000, 0x00000000eb800000|  0%| F|  |TAMS 0x00000000eb700000, 0x00000000eb700000| Untracked 
| 184|0x00000000eb800000, 0x00000000eb800000, 0x00000000eb900000|  0%| F|  |TAMS 0x00000000eb800000, 0x00000000eb800000| Untracked 
| 185|0x00000000eb900000, 0x00000000eb900000, 0x00000000eba00000|  0%| F|  |TAMS 0x00000000eb900000, 0x00000000eb900000| Untracked 
| 186|0x00000000eba00000, 0x00000000eba00000, 0x00000000ebb00000|  0%| F|  |TAMS 0x00000000eba00000, 0x00000000eba00000| Untracked 
| 187|0x00000000ebb00000, 0x00000000ebb00000, 0x00000000ebc00000|  0%| F|  |TAMS 0x00000000ebb00000, 0x00000000ebb00000| Untracked 
| 188|0x00000000ebc00000, 0x00000000ebc00000, 0x00000000ebd00000|  0%| F|  |TAMS 0x00000000ebc00000, 0x00000000ebc00000| Untracked 
| 189|0x00000000ebd00000, 0x00000000ebd00000, 0x00000000ebe00000|  0%| F|  |TAMS 0x00000000ebd00000, 0x00000000ebd00000| Untracked 
| 190|0x00000000ebe00000, 0x00000000ebe00000, 0x00000000ebf00000|  0%| F|  |TAMS 0x00000000ebe00000, 0x00000000ebe00000| Untracked 
| 191|0x00000000ebf00000, 0x00000000ebf00000, 0x00000000ec000000|  0%| F|  |TAMS 0x00000000ebf00000, 0x00000000ebf00000| Untracked 
| 192|0x00000000ec000000, 0x00000000ec000000, 0x00000000ec100000|  0%| F|  |TAMS 0x00000000ec000000, 0x00000000ec000000| Untracked 
| 193|0x00000000ec100000, 0x00000000ec100000, 0x00000000ec200000|  0%| F|  |TAMS 0x00000000ec100000, 0x00000000ec100000| Untracked 
| 194|0x00000000ec200000, 0x00000000ec200000, 0x00000000ec300000|  0%| F|  |TAMS 0x00000000ec200000, 0x00000000ec200000| Untracked 
| 195|0x00000000ec300000, 0x00000000ec300000, 0x00000000ec400000|  0%| F|  |TAMS 0x00000000ec300000, 0x00000000ec300000| Untracked 
| 196|0x00000000ec400000, 0x00000000ec400000, 0x00000000ec500000|  0%| F|  |TAMS 0x00000000ec400000, 0x00000000ec400000| Untracked 
| 197|0x00000000ec500000, 0x00000000ec500000, 0x00000000ec600000|  0%| F|  |TAMS 0x00000000ec500000, 0x00000000ec500000| Untracked 
| 198|0x00000000ec600000, 0x00000000ec600000, 0x00000000ec700000|  0%| F|  |TAMS 0x00000000ec600000, 0x00000000ec600000| Untracked 
| 199|0x00000000ec700000, 0x00000000ec700000, 0x00000000ec800000|  0%| F|  |TAMS 0x00000000ec700000, 0x00000000ec700000| Untracked 
| 200|0x00000000ec800000, 0x00000000ec800000, 0x00000000ec900000|  0%| F|  |TAMS 0x00000000ec800000, 0x00000000ec800000| Untracked 
| 201|0x00000000ec900000, 0x00000000ec900000, 0x00000000eca00000|  0%| F|  |TAMS 0x00000000ec900000, 0x00000000ec900000| Untracked 
| 202|0x00000000eca00000, 0x00000000eca00000, 0x00000000ecb00000|  0%| F|  |TAMS 0x00000000eca00000, 0x00000000eca00000| Untracked 
| 203|0x00000000ecb00000, 0x00000000ecb00000, 0x00000000ecc00000|  0%| F|  |TAMS 0x00000000ecb00000, 0x00000000ecb00000| Untracked 
| 204|0x00000000ecc00000, 0x00000000ecc00000, 0x00000000ecd00000|  0%| F|  |TAMS 0x00000000ecc00000, 0x00000000ecc00000| Untracked 
| 205|0x00000000ecd00000, 0x00000000ecd00000, 0x00000000ece00000|  0%| F|  |TAMS 0x00000000ecd00000, 0x00000000ecd00000| Untracked 
| 206|0x00000000ece00000, 0x00000000ece00000, 0x00000000ecf00000|  0%| F|  |TAMS 0x00000000ece00000, 0x00000000ece00000| Untracked 
| 207|0x00000000ecf00000, 0x00000000ecf00000, 0x00000000ed000000|  0%| F|  |TAMS 0x00000000ecf00000, 0x00000000ecf00000| Untracked 
| 208|0x00000000ed000000, 0x00000000ed000000, 0x00000000ed100000|  0%| F|  |TAMS 0x00000000ed000000, 0x00000000ed000000| Untracked 
| 209|0x00000000ed100000, 0x00000000ed100000, 0x00000000ed200000|  0%| F|  |TAMS 0x00000000ed100000, 0x00000000ed100000| Untracked 
| 210|0x00000000ed200000, 0x00000000ed200000, 0x00000000ed300000|  0%| F|  |TAMS 0x00000000ed200000, 0x00000000ed200000| Untracked 
| 211|0x00000000ed300000, 0x00000000ed300000, 0x00000000ed400000|  0%| F|  |TAMS 0x00000000ed300000, 0x00000000ed300000| Untracked 
| 212|0x00000000ed400000, 0x00000000ed400000, 0x00000000ed500000|  0%| F|  |TAMS 0x00000000ed400000, 0x00000000ed400000| Untracked 
| 213|0x00000000ed500000, 0x00000000ed500000, 0x00000000ed600000|  0%| F|  |TAMS 0x00000000ed500000, 0x00000000ed500000| Untracked 
| 214|0x00000000ed600000, 0x00000000ed600000, 0x00000000ed700000|  0%| F|  |TAMS 0x00000000ed600000, 0x00000000ed600000| Untracked 
| 215|0x00000000ed700000, 0x00000000ed700000, 0x00000000ed800000|  0%| F|  |TAMS 0x00000000ed700000, 0x00000000ed700000| Untracked 
| 216|0x00000000ed800000, 0x00000000ed800000, 0x00000000ed900000|  0%| F|  |TAMS 0x00000000ed800000, 0x00000000ed800000| Untracked 
| 217|0x00000000ed900000, 0x00000000ed900000, 0x00000000eda00000|  0%| F|  |TAMS 0x00000000ed900000, 0x00000000ed900000| Untracked 
| 218|0x00000000eda00000, 0x00000000eda00000, 0x00000000edb00000|  0%| F|  |TAMS 0x00000000eda00000, 0x00000000eda00000| Untracked 
| 219|0x00000000edb00000, 0x00000000edb00000, 0x00000000edc00000|  0%| F|  |TAMS 0x00000000edb00000, 0x00000000edb00000| Untracked 
| 220|0x00000000edc00000, 0x00000000edc00000, 0x00000000edd00000|  0%| F|  |TAMS 0x00000000edc00000, 0x00000000edc00000| Untracked 
| 221|0x00000000edd00000, 0x00000000edd00000, 0x00000000ede00000|  0%| F|  |TAMS 0x00000000edd00000, 0x00000000edd00000| Untracked 
| 222|0x00000000ede00000, 0x00000000ede00000, 0x00000000edf00000|  0%| F|  |TAMS 0x00000000ede00000, 0x00000000ede00000| Untracked 
| 223|0x00000000edf00000, 0x00000000edf00000, 0x00000000ee000000|  0%| F|  |TAMS 0x00000000edf00000, 0x00000000edf00000| Untracked 
| 224|0x00000000ee000000, 0x00000000ee000000, 0x00000000ee100000|  0%| F|  |TAMS 0x00000000ee000000, 0x00000000ee000000| Untracked 
| 225|0x00000000ee100000, 0x00000000ee100000, 0x00000000ee200000|  0%| F|  |TAMS 0x00000000ee100000, 0x00000000ee100000| Untracked 
| 226|0x00000000ee200000, 0x00000000ee200000, 0x00000000ee300000|  0%| F|  |TAMS 0x00000000ee200000, 0x00000000ee200000| Untracked 
| 227|0x00000000ee300000, 0x00000000ee300000, 0x00000000ee400000|  0%| F|  |TAMS 0x00000000ee300000, 0x00000000ee300000| Untracked 
| 228|0x00000000ee400000, 0x00000000ee400000, 0x00000000ee500000|  0%| F|  |TAMS 0x00000000ee400000, 0x00000000ee400000| Untracked 
| 229|0x00000000ee500000, 0x00000000ee500000, 0x00000000ee600000|  0%| F|  |TAMS 0x00000000ee500000, 0x00000000ee500000| Untracked 
| 230|0x00000000ee600000, 0x00000000ee600000, 0x00000000ee700000|  0%| F|  |TAMS 0x00000000ee600000, 0x00000000ee600000| Untracked 
| 231|0x00000000ee700000, 0x00000000ee700000, 0x00000000ee800000|  0%| F|  |TAMS 0x00000000ee700000, 0x00000000ee700000| Untracked 
| 232|0x00000000ee800000, 0x00000000ee800000, 0x00000000ee900000|  0%| F|  |TAMS 0x00000000ee800000, 0x00000000ee800000| Untracked 
| 233|0x00000000ee900000, 0x00000000ee900000, 0x00000000eea00000|  0%| F|  |TAMS 0x00000000ee900000, 0x00000000ee900000| Untracked 
| 234|0x00000000eea00000, 0x00000000eea00000, 0x00000000eeb00000|  0%| F|  |TAMS 0x00000000eea00000, 0x00000000eea00000| Untracked 
| 235|0x00000000eeb00000, 0x00000000eeb00000, 0x00000000eec00000|  0%| F|  |TAMS 0x00000000eeb00000, 0x00000000eeb00000| Untracked 
| 236|0x00000000eec00000, 0x00000000eec00000, 0x00000000eed00000|  0%| F|  |TAMS 0x00000000eec00000, 0x00000000eec00000| Untracked 
| 237|0x00000000eed00000, 0x00000000eed00000, 0x00000000eee00000|  0%| F|  |TAMS 0x00000000eed00000, 0x00000000eed00000| Untracked 
| 238|0x00000000eee00000, 0x00000000eee00000, 0x00000000eef00000|  0%| F|  |TAMS 0x00000000eee00000, 0x00000000eee00000| Untracked 
| 239|0x00000000eef00000, 0x00000000eef00000, 0x00000000ef000000|  0%| F|  |TAMS 0x00000000eef00000, 0x00000000eef00000| Untracked 
| 240|0x00000000ef000000, 0x00000000ef000000, 0x00000000ef100000|  0%| F|  |TAMS 0x00000000ef000000, 0x00000000ef000000| Untracked 
| 241|0x00000000ef100000, 0x00000000ef200000, 0x00000000ef200000|100%| E|  |TAMS 0x00000000ef100000, 0x00000000ef100000| Complete 
| 242|0x00000000ef200000, 0x00000000ef300000, 0x00000000ef300000|100%| E|CS|TAMS 0x00000000ef200000, 0x00000000ef200000| Complete 
| 243|0x00000000ef300000, 0x00000000ef400000, 0x00000000ef400000|100%| E|CS|TAMS 0x00000000ef300000, 0x00000000ef300000| Complete 
| 244|0x00000000ef400000, 0x00000000ef500000, 0x00000000ef500000|100%| E|CS|TAMS 0x00000000ef400000, 0x00000000ef400000| Complete 
| 245|0x00000000ef500000, 0x00000000ef600000, 0x00000000ef600000|100%| E|CS|TAMS 0x00000000ef500000, 0x00000000ef500000| Complete 
| 246|0x00000000ef600000, 0x00000000ef700000, 0x00000000ef700000|100%| E|CS|TAMS 0x00000000ef600000, 0x00000000ef600000| Complete 
| 247|0x00000000ef700000, 0x00000000ef800000, 0x00000000ef800000|100%| E|CS|TAMS 0x00000000ef700000, 0x00000000ef700000| Complete 
| 248|0x00000000ef800000, 0x00000000ef900000, 0x00000000ef900000|100%| E|CS|TAMS 0x00000000ef800000, 0x00000000ef800000| Complete 
| 249|0x00000000ef900000, 0x00000000efa00000, 0x00000000efa00000|100%| E|CS|TAMS 0x00000000ef900000, 0x00000000ef900000| Complete 
| 250|0x00000000efa00000, 0x00000000efb00000, 0x00000000efb00000|100%| E|CS|TAMS 0x00000000efa00000, 0x00000000efa00000| Complete 
| 251|0x00000000efb00000, 0x00000000efc00000, 0x00000000efc00000|100%| E|CS|TAMS 0x00000000efb00000, 0x00000000efb00000| Complete 
| 252|0x00000000efc00000, 0x00000000efd00000, 0x00000000efd00000|100%| E|CS|TAMS 0x00000000efc00000, 0x00000000efc00000| Complete 
| 253|0x00000000efd00000, 0x00000000efe00000, 0x00000000efe00000|100%| E|CS|TAMS 0x00000000efd00000, 0x00000000efd00000| Complete 
| 254|0x00000000efe00000, 0x00000000eff00000, 0x00000000eff00000|100%| E|CS|TAMS 0x00000000efe00000, 0x00000000efe00000| Complete 
| 255|0x00000000eff00000, 0x00000000f0000000, 0x00000000f0000000|100%| E|CS|TAMS 0x00000000eff00000, 0x00000000eff00000| Complete 

Card table byte_map: [0x0000013a59b40000,0x0000013a59c40000] _byte_map_base: 0x0000013a59440000

Marking Bits (Prev, Next): (CMBitMap*) 0x0000013a4704f540, (CMBitMap*) 0x0000013a4704f580
 Prev Bits: [0x0000013a59d40000, 0x0000013a5a540000)
 Next Bits: [0x0000013a5a540000, 0x0000013a5ad40000)

Polling page: 0x0000013a44f50000

Metaspace:

Usage:
  Non-class:     43.03 MB used.
      Class:      6.73 MB used.
       Both:     49.77 MB used.

Virtual space:
  Non-class space:       64.00 MB reserved,      43.31 MB ( 68%) committed,  1 nodes.
      Class space:      208.00 MB reserved,       6.94 MB (  3%) committed,  1 nodes.
             Both:      272.00 MB reserved,      50.25 MB ( 18%) committed. 

Chunk freelists:
   Non-Class:  4.30 MB
       Class:  8.95 MB
        Both:  13.25 MB

MaxMetaspaceSize: 256.00 MB
CompressedClassSpaceSize: 208.00 MB
Initial GC threshold: 21.00 MB
Current GC threshold: 59.50 MB
CDS: off
MetaspaceReclaimPolicy: balanced
 - commit_granule_bytes: 65536.
 - commit_granule_words: 8192.
 - virtual_space_node_default_size: 8388608.
 - enlarge_chunks_in_place: 1.
 - new_chunks_are_fully_committed: 0.
 - uncommit_free_chunks: 1.
 - use_allocation_guard: 0.
 - handle_deallocations: 1.


Internal statistics:

num_allocs_failed_limit: 9.
num_arena_births: 574.
num_arena_deaths: 0.
num_vsnodes_births: 2.
num_vsnodes_deaths: 0.
num_space_committed: 804.
num_space_uncommitted: 0.
num_chunks_returned_to_freelist: 9.
num_chunks_taken_from_freelist: 2218.
num_chunk_merges: 3.
num_chunk_splits: 1465.
num_chunks_enlarged: 1016.
num_inconsistent_stats: 0.

CodeHeap 'non-profiled nmethods': size=120064Kb used=2258Kb max_used=2258Kb free=117806Kb
 bounds [0x0000013a51fb0000, 0x0000013a52220000, 0x0000013a594f0000]
CodeHeap 'profiled nmethods': size=120000Kb used=8761Kb max_used=8761Kb free=111238Kb
 bounds [0x0000013a4a4f0000, 0x0000013a4ad80000, 0x0000013a51a20000]
CodeHeap 'non-nmethods': size=5696Kb used=1607Kb max_used=1642Kb free=4089Kb
 bounds [0x0000013a51a20000, 0x0000013a51c90000, 0x0000013a51fb0000]
 total_blobs=5091 nmethods=4418 adapters=585
 compilation: enabled
              stopped_count=0, restarted_count=0
 full_count=0

Compilation events (20 events):
Event: 8.676 Thread 0x0000013a5db8d9c0 4411       2       com.google.common.cache.LocalCache::usesAccessQueue (20 bytes)
Event: 8.677 Thread 0x0000013a5db8d9c0 nmethod 4411 0x0000013a4ad77a90 code [0x0000013a4ad77c20, 0x0000013a4ad77d98]
Event: 8.699 Thread 0x0000013a5db8d9c0 4412       2       java.lang.Long::bitCount (61 bytes)
Event: 8.699 Thread 0x0000013a5db8d9c0 nmethod 4412 0x0000013a4ad77e10 code [0x0000013a4ad77fa0, 0x0000013a4ad78118]
Event: 8.712 Thread 0x0000013a5db8d9c0 4413       2       java.util.concurrent.atomic.AtomicReferenceArray::<init> (13 bytes)
Event: 8.712 Thread 0x0000013a5db8d9c0 nmethod 4413 0x0000013a4ad78190 code [0x0000013a4ad78320, 0x0000013a4ad78518]
Event: 8.714 Thread 0x0000013a5db8d9c0 4414       2       com.google.common.collect.Iterators::singletonIterator (9 bytes)
Event: 8.714 Thread 0x0000013a5db8d9c0 nmethod 4414 0x0000013a4ad78610 code [0x0000013a4ad787a0, 0x0000013a4ad78938]
Event: 8.714 Thread 0x0000013a5db8d9c0 4415       2       com.google.common.collect.Iterators$9::<init> (10 bytes)
Event: 8.714 Thread 0x0000013a5db8d9c0 nmethod 4415 0x0000013a4ad78a10 code [0x0000013a4ad78ba0, 0x0000013a4ad78cf8]
Event: 8.723 Thread 0x0000013a5db8d9c0 4417       2       com.google.common.cache.LocalCache::recordsWrite (20 bytes)
Event: 8.724 Thread 0x0000013a5db8d9c0 nmethod 4417 0x0000013a4ad78d90 code [0x0000013a4ad78f20, 0x0000013a4ad79098]
Event: 8.724 Thread 0x0000013a5db8d9c0 4418       2       com.google.common.cache.LocalCache::usesWriteQueue (5 bytes)
Event: 8.724 Thread 0x0000013a5db8d9c0 nmethod 4418 0x0000013a4ad79110 code [0x0000013a4ad792a0, 0x0000013a4ad793d8]
Event: 8.725 Thread 0x0000013a5db8d9c0 4419       2       com.google.common.base.Preconditions::checkState (17 bytes)
Event: 8.725 Thread 0x0000013a5db8d9c0 nmethod 4419 0x0000013a4ad79490 code [0x0000013a4ad79640, 0x0000013a4ad79838]
Event: 9.090 Thread 0x0000013a5db8d9c0 4420       1       javax.management.ObjectName$Property::setKeyIndex (6 bytes)
Event: 9.090 Thread 0x0000013a5db8d9c0 nmethod 4420 0x0000013a521e3910 code [0x0000013a521e3aa0, 0x0000013a521e3b78]
Event: 9.090 Thread 0x0000013a5db8d9c0 4421       1       sun.management.MemoryPoolImpl::getName (5 bytes)
Event: 9.090 Thread 0x0000013a5db8d9c0 nmethod 4421 0x0000013a521e3c10 code [0x0000013a521e3da0, 0x0000013a521e3e78]

GC Heap History (16 events):
Event: 0.483 GC heap before
{Heap before GC invocations=0 (full 0):
 garbage-first heap   total 262144K, used 23552K [0x00000000e0000000, 0x0000000100000000)
  region size 1024K, 23 young (23552K), 0 survivors (0K)
 Metaspace       used 7719K, committed 7872K, reserved 278528K
  class space    used 670K, committed 704K, reserved 212992K
}
Event: 0.487 GC heap after
{Heap after GC invocations=1 (full 0):
 garbage-first heap   total 262144K, used 3961K [0x00000000e0000000, 0x0000000100000000)
  region size 1024K, 3 young (3072K), 3 survivors (3072K)
 Metaspace       used 7719K, committed 7872K, reserved 278528K
  class space    used 670K, committed 704K, reserved 212992K
}
Event: 1.217 GC heap before
{Heap before GC invocations=1 (full 0):
 garbage-first heap   total 262144K, used 40825K [0x00000000e0000000, 0x0000000100000000)
  region size 1024K, 36 young (36864K), 3 survivors (3072K)
 Metaspace       used 11800K, committed 11968K, reserved 278528K
  class space    used 1255K, committed 1344K, reserved 212992K
}
Event: 1.222 GC heap after
{Heap after GC invocations=2 (full 0):
 garbage-first heap   total 262144K, used 10996K [0x00000000e0000000, 0x0000000100000000)
  region size 1024K, 4 young (4096K), 4 survivors (4096K)
 Metaspace       used 11800K, committed 11968K, reserved 278528K
  class space    used 1255K, committed 1344K, reserved 212992K
}
Event: 1.885 GC heap before
{Heap before GC invocations=2 (full 0):
 garbage-first heap   total 262144K, used 59124K [0x00000000e0000000, 0x0000000100000000)
  region size 1024K, 49 young (50176K), 4 survivors (4096K)
 Metaspace       used 12496K, committed 12736K, reserved 278528K
  class space    used 1372K, committed 1472K, reserved 212992K
}
Event: 1.890 GC heap after
{Heap after GC invocations=3 (full 0):
 garbage-first heap   total 262144K, used 16552K [0x00000000e0000000, 0x0000000100000000)
  region size 1024K, 5 young (5120K), 5 survivors (5120K)
 Metaspace       used 12496K, committed 12736K, reserved 278528K
  class space    used 1372K, committed 1472K, reserved 212992K
}
Event: 2.964 GC heap before
{Heap before GC invocations=3 (full 0):
 garbage-first heap   total 262144K, used 49320K [0x00000000e0000000, 0x0000000100000000)
  region size 1024K, 38 young (38912K), 5 survivors (5120K)
 Metaspace       used 21297K, committed 21504K, reserved 278528K
  class space    used 2513K, committed 2624K, reserved 212992K
}
Event: 2.973 GC heap after
{Heap after GC invocations=4 (full 0):
 garbage-first heap   total 262144K, used 20116K [0x00000000e0000000, 0x0000000100000000)
  region size 1024K, 8 young (8192K), 8 survivors (8192K)
 Metaspace       used 21297K, committed 21504K, reserved 278528K
  class space    used 2513K, committed 2624K, reserved 212992K
}
Event: 5.705 GC heap before
{Heap before GC invocations=5 (full 0):
 garbage-first heap   total 262144K, used 125588K [0x00000000e0000000, 0x0000000100000000)
  region size 1024K, 113 young (115712K), 8 survivors (8192K)
 Metaspace       used 35648K, committed 35968K, reserved 278528K
  class space    used 4755K, committed 4928K, reserved 212992K
}
Event: 5.720 GC heap after
{Heap after GC invocations=6 (full 0):
 garbage-first heap   total 262144K, used 25670K [0x00000000e0000000, 0x0000000100000000)
  region size 1024K, 14 young (14336K), 14 survivors (14336K)
 Metaspace       used 35648K, committed 35968K, reserved 278528K
  class space    used 4755K, committed 4928K, reserved 212992K
}
Event: 5.757 GC heap before
{Heap before GC invocations=6 (full 0):
 garbage-first heap   total 262144K, used 26694K [0x00000000e0000000, 0x0000000100000000)
  region size 1024K, 15 young (15360K), 14 survivors (14336K)
 Metaspace       used 35847K, committed 36224K, reserved 278528K
  class space    used 4783K, committed 4992K, reserved 212992K
}
Event: 5.780 GC heap after
{Heap after GC invocations=7 (full 0):
 garbage-first heap   total 262144K, used 26769K [0x00000000e0000000, 0x0000000100000000)
  region size 1024K, 2 young (2048K), 2 survivors (2048K)
 Metaspace       used 35847K, committed 36224K, reserved 278528K
  class space    used 4783K, committed 4992K, reserved 212992K
}
Event: 5.830 GC heap before
{Heap before GC invocations=7 (full 0):
 garbage-first heap   total 262144K, used 27793K [0x00000000e0000000, 0x0000000100000000)
  region size 1024K, 4 young (4096K), 2 survivors (2048K)
 Metaspace       used 35955K, committed 36288K, reserved 278528K
  class space    used 4795K, committed 4992K, reserved 212992K
}
Event: 5.832 GC heap after
{Heap after GC invocations=8 (full 0):
 garbage-first heap   total 262144K, used 25451K [0x00000000e0000000, 0x0000000100000000)
  region size 1024K, 1 young (1024K), 1 survivors (1024K)
 Metaspace       used 35955K, committed 36288K, reserved 278528K
  class space    used 4795K, committed 4992K, reserved 212992K
}
Event: 8.442 GC heap before
{Heap before GC invocations=9 (full 0):
 garbage-first heap   total 262144K, used 182123K [0x00000000e0000000, 0x0000000100000000)
  region size 1024K, 153 young (156672K), 1 survivors (1024K)
 Metaspace       used 49545K, committed 50048K, reserved 278528K
  class space    used 6635K, committed 6848K, reserved 212992K
}
Event: 8.452 GC heap after
{Heap after GC invocations=10 (full 0):
 garbage-first heap   total 262144K, used 33612K [0x00000000e0000000, 0x0000000100000000)
  region size 1024K, 9 young (9216K), 9 survivors (9216K)
 Metaspace       used 49545K, committed 50048K, reserved 278528K
  class space    used 6635K, committed 6848K, reserved 212992K
}

Dll operation events (3 events):
Event: 0.010 Loaded shared library C:\Program Files\Android\Android Studio\jbr\bin\java.dll
Event: 0.138 Loaded shared library C:\Program Files\Android\Android Studio\jbr\bin\zip.dll
Event: 0.528 Loaded shared library C:\Program Files\Android\Android Studio\jbr\bin\verify.dll

Deoptimization events (20 events):
Event: 8.544 Thread 0x0000013a631e6600 DEOPT PACKING pc=0x0000013a521438d0 sp=0x00000002b39f56e0
Event: 8.544 Thread 0x0000013a631e6600 DEOPT UNPACKING pc=0x0000013a51a769a3 sp=0x00000002b39f5678 mode 2
Event: 8.545 Thread 0x0000013a631e6600 Uncommon trap: trap_request=0xffffff45 fr.pc=0x0000013a51fe05d0 relative=0x0000000000000970
Event: 8.545 Thread 0x0000013a631e6600 Uncommon trap: reason=unstable_if action=reinterpret pc=0x0000013a51fe05d0 method=java.util.HashMap.resize()[Ljava/util/HashMap$Node; @ 203 c2
Event: 8.545 Thread 0x0000013a631e6600 DEOPT PACKING pc=0x0000013a51fe05d0 sp=0x00000002b39f55f0
Event: 8.545 Thread 0x0000013a631e6600 DEOPT UNPACKING pc=0x0000013a51a769a3 sp=0x00000002b39f5598 mode 2
Event: 8.545 Thread 0x0000013a631e6600 Uncommon trap: trap_request=0xffffff45 fr.pc=0x0000013a5213ba44 relative=0x0000000000000224
Event: 8.545 Thread 0x0000013a631e6600 Uncommon trap: reason=unstable_if action=reinterpret pc=0x0000013a5213ba44 method=java.util.HashMap.getNode(Ljava/lang/Object;)Ljava/util/HashMap$Node; @ 85 c2
Event: 8.545 Thread 0x0000013a631e6600 DEOPT PACKING pc=0x0000013a5213ba44 sp=0x00000002b39f56d0
Event: 8.545 Thread 0x0000013a631e6600 DEOPT UNPACKING pc=0x0000013a51a769a3 sp=0x00000002b39f5650 mode 2
Event: 8.602 Thread 0x0000013a631e6600 Uncommon trap: trap_request=0xffffffde fr.pc=0x0000013a520e01a8 relative=0x0000000000000b48
Event: 8.602 Thread 0x0000013a631e6600 Uncommon trap: reason=class_check action=maybe_recompile pc=0x0000013a520e01a8 method=java.util.Collections$SetFromMap.remove(Ljava/lang/Object;)Z @ 5 c2
Event: 8.602 Thread 0x0000013a631e6600 DEOPT PACKING pc=0x0000013a520e01a8 sp=0x00000002b39f8170
Event: 8.602 Thread 0x0000013a631e6600 DEOPT UNPACKING pc=0x0000013a51a769a3 sp=0x00000002b39f8168 mode 2
Event: 8.646 Thread 0x0000013a631e6600 DEOPT PACKING pc=0x0000013a4ad426f5 sp=0x00000002b39f3390
Event: 8.646 Thread 0x0000013a631e6600 DEOPT UNPACKING pc=0x0000013a51a77143 sp=0x00000002b39f2818 mode 0
Event: 8.697 Thread 0x0000013a631e6600 DEOPT PACKING pc=0x0000013a4ad426f5 sp=0x00000002b39f0950
Event: 8.697 Thread 0x0000013a631e6600 DEOPT UNPACKING pc=0x0000013a51a77143 sp=0x00000002b39efdd8 mode 0
Event: 8.736 Thread 0x0000013a631e6600 DEOPT PACKING pc=0x0000013a4ad426f5 sp=0x00000002b39f5e40
Event: 8.736 Thread 0x0000013a631e6600 DEOPT UNPACKING pc=0x0000013a51a77143 sp=0x00000002b39f52c8 mode 0

Classes unloaded (0 events):
No events

Classes redefined (0 events):
No events

Internal exceptions (20 events):
Event: 7.530 Thread 0x0000013a631e6600 Exception <a 'java/lang/NoSuchMethodError'{0x00000000ea0a55b8}: 'java.lang.Object java.lang.invoke.DirectMethodHandle$Holder.invokeSpecial(java.lang.Object, java.lang.Object, java.lang.Object, java.lang.Object, java.lang.Object, java.lang.Object, java.lang.Object, java.lang.Object, java.lang.Object, java.lang.Object, java.lang.Object, java.lang.Object, java.lang.Object)'> (0x00000000ea0a55b8) 
thrown [s\src\hotspot\share\interpreter\linkResolver.cpp, line 771]
Event: 7.530 Thread 0x0000013a631e6600 Exception <a 'java/lang/NoSuchMethodError'{0x00000000ea0aadd8}: 'java.lang.Object java.lang.invoke.Invokers$Holder.linkToTargetMethod(java.lang.Object, java.lang.Object, java.lang.Object, java.lang.Object, java.lang.Object, java.lang.Object, java.lang.Object, java.lang.Object, java.lang.Object, java.lang.Object, java.lang.Object, java.lang.Object)'> (0x00000000ea0aadd8) 
thrown [s\src\hotspot\share\interpreter\linkResolver.cpp, line 771]
Event: 7.719 Thread 0x0000013a631e6600 Exception <a 'java/lang/NoSuchMethodError'{0x00000000e9744fd8}: 'java.lang.Object java.lang.invoke.DirectMethodHandle$Holder.newInvokeSpecial(java.lang.Object, java.lang.Object, java.lang.Object, java.lang.Object, int)'> (0x00000000e9744fd8) 
thrown [s\src\hotspot\share\interpreter\linkResolver.cpp, line 771]
Event: 7.719 Thread 0x0000013a631e6600 Exception <a 'java/lang/NoSuchMethodError'{0x00000000e974a248}: 'java.lang.Object java.lang.invoke.DirectMethodHandle$Holder.invokeSpecial(java.lang.Object, java.lang.Object, java.lang.Object, java.lang.Object, java.lang.Object, int)'> (0x00000000e974a248) 
thrown [s\src\hotspot\share\interpreter\linkResolver.cpp, line 771]
Event: 7.719 Thread 0x0000013a631e6600 Exception <a 'java/lang/NoSuchMethodError'{0x00000000e974ec78}: 'java.lang.Object java.lang.invoke.Invokers$Holder.linkToTargetMethod(java.lang.Object, java.lang.Object, java.lang.Object, int, java.lang.Object)'> (0x00000000e974ec78) 
thrown [s\src\hotspot\share\interpreter\linkResolver.cpp, line 771]
Event: 7.762 Thread 0x0000013a631e6600 Exception <a 'java/lang/NoSuchMethodError'{0x00000000e967f588}: 'void java.lang.invoke.DirectMethodHandle$Holder.invokeSpecial(java.lang.Object, java.lang.Object, java.lang.Object, java.lang.Object, java.lang.Object, java.lang.Object)'> (0x00000000e967f588) 
thrown [s\src\hotspot\share\interpreter\linkResolver.cpp, line 771]
Event: 7.788 Thread 0x0000013a631e6600 Exception <a 'java/lang/NoSuchMethodError'{0x00000000e9569808}: 'int java.lang.invoke.DirectMethodHandle$Holder.invokeInterface(java.lang.Object, java.lang.Object, java.lang.Object, java.lang.Object)'> (0x00000000e9569808) 
thrown [s\src\hotspot\share\interpreter\linkResolver.cpp, line 771]
Event: 7.841 Thread 0x0000013a631e6600 Exception <a 'java/lang/NoSuchMethodError'{0x00000000e93f1a38}: 'java.lang.Object java.lang.invoke.DirectMethodHandle$Holder.invokeStatic(java.lang.Object, long, java.lang.Object)'> (0x00000000e93f1a38) 
thrown [s\src\hotspot\share\interpreter\linkResolver.cpp, line 771]
Event: 7.842 Thread 0x0000013a631e6600 Exception <a 'java/lang/NoSuchMethodError'{0x00000000e93f9890}: 'java.lang.Object java.lang.invoke.DirectMethodHandle$Holder.newInvokeSpecial(java.lang.Object, long)'> (0x00000000e93f9890) 
thrown [s\src\hotspot\share\interpreter\linkResolver.cpp, line 771]
Event: 7.864 Thread 0x0000013a631e6600 Exception <a 'java/lang/NoSuchMethodError'{0x00000000e926b0c0}: 'java.lang.Object java.lang.invoke.Invokers$Holder.linkToTargetMethod(java.lang.Object, java.lang.Object, java.lang.Object, java.lang.Object, long, java.lang.Object, java.lang.Object)'> (0x00000000e926b0c0) 
thrown [s\src\hotspot\share\interpreter\linkResolver.cpp, line 771]
Event: 7.875 Thread 0x0000013a631e6600 Exception <a 'java/lang/NoSuchMethodError'{0x00000000e92b18d0}: 'java.lang.Object java.lang.invoke.DirectMethodHandle$Holder.newInvokeSpecial(java.lang.Object, java.lang.Object, java.lang.Object, long, java.lang.Object)'> (0x00000000e92b18d0) 
thrown [s\src\hotspot\share\interpreter\linkResolver.cpp, line 771]
Event: 7.875 Thread 0x0000013a631e6600 Exception <a 'java/lang/NoSuchMethodError'{0x00000000e92b67a0}: 'java.lang.Object java.lang.invoke.DirectMethodHandle$Holder.invokeSpecial(java.lang.Object, java.lang.Object, java.lang.Object, java.lang.Object, long, java.lang.Object)'> (0x00000000e92b67a0) 
thrown [s\src\hotspot\share\interpreter\linkResolver.cpp, line 771]
Event: 7.876 Thread 0x0000013a631e6600 Exception <a 'java/lang/NoSuchMethodError'{0x00000000e92bad28}: 'java.lang.Object java.lang.invoke.Invokers$Holder.linkToTargetMethod(java.lang.Object, java.lang.Object, long, java.lang.Object, java.lang.Object)'> (0x00000000e92bad28) 
thrown [s\src\hotspot\share\interpreter\linkResolver.cpp, line 771]
Event: 7.972 Thread 0x0000013a631e6600 Implicit null exception at 0x0000013a5214866c to 0x0000013a52148710
Event: 8.124 Thread 0x0000013a631e6600 Exception <a 'java/lang/NoSuchMethodError'{0x00000000e85b2878}: 'void java.lang.invoke.DirectMethodHandle$Holder.invokeInterface(java.lang.Object, java.lang.Object)'> (0x00000000e85b2878) 
thrown [s\src\hotspot\share\interpreter\linkResolver.cpp, line 771]
Event: 8.135 Thread 0x0000013a631e6600 Exception <a 'java/lang/IncompatibleClassChangeError'{0x00000000e84183c8}: Found class java.lang.Object, but interface was expected> (0x00000000e84183c8) 
thrown [s\src\hotspot\share\interpreter\linkResolver.cpp, line 838]
Event: 8.206 Thread 0x0000013a631e6600 Exception <a 'sun/nio/fs/WindowsException'{0x00000000e827dfb0}> (0x00000000e827dfb0) 
thrown [s\src\hotspot\share\prims\jni.cpp, line 517]
Event: 8.206 Thread 0x0000013a631e6600 Exception <a 'sun/nio/fs/WindowsException'{0x00000000e827fd30}> (0x00000000e827fd30) 
thrown [s\src\hotspot\share\prims\jni.cpp, line 517]
Event: 8.206 Thread 0x0000013a631e6600 Exception <a 'sun/nio/fs/WindowsException'{0x00000000e8101760}> (0x00000000e8101760) 
thrown [s\src\hotspot\share\prims\jni.cpp, line 517]
Event: 8.207 Thread 0x0000013a631e6600 Exception <a 'sun/nio/fs/WindowsException'{0x00000000e81034e0}> (0x00000000e81034e0) 
thrown [s\src\hotspot\share\prims\jni.cpp, line 517]

VM Operations (20 events):
Event: 6.927 Executing VM operation: HandshakeAllThreads
Event: 6.927 Executing VM operation: HandshakeAllThreads done
Event: 6.928 Executing VM operation: HandshakeAllThreads
Event: 6.929 Executing VM operation: HandshakeAllThreads done
Event: 7.705 Executing VM operation: HandshakeAllThreads
Event: 7.705 Executing VM operation: HandshakeAllThreads done
Event: 7.705 Executing VM operation: Cleanup
Event: 7.705 Executing VM operation: Cleanup done
Event: 7.778 Executing VM operation: HandshakeAllThreads
Event: 7.778 Executing VM operation: HandshakeAllThreads done
Event: 7.787 Executing VM operation: HandshakeAllThreads
Event: 7.787 Executing VM operation: HandshakeAllThreads done
Event: 8.442 Executing VM operation: G1CollectForAllocation
Event: 8.452 Executing VM operation: G1CollectForAllocation done
Event: 8.493 Executing VM operation: HandshakeAllThreads
Event: 8.493 Executing VM operation: HandshakeAllThreads done
Event: 8.522 Executing VM operation: HandshakeAllThreads
Event: 8.522 Executing VM operation: HandshakeAllThreads done
Event: 9.527 Executing VM operation: Cleanup
Event: 9.527 Executing VM operation: Cleanup done

Events (20 events):
Event: 7.983 loading class java/util/concurrent/RecursiveAction done
Event: 8.021 loading class java/util/concurrent/atomic/AtomicReferenceFieldUpdater
Event: 8.022 loading class java/util/concurrent/atomic/AtomicReferenceFieldUpdater done
Event: 8.022 loading class java/util/concurrent/atomic/AtomicReferenceFieldUpdater$AtomicReferenceFieldUpdaterImpl
Event: 8.022 loading class java/util/concurrent/atomic/AtomicReferenceFieldUpdater$AtomicReferenceFieldUpdaterImpl done
Event: 8.022 loading class java/util/concurrent/atomic/AtomicReferenceFieldUpdater$AtomicReferenceFieldUpdaterImpl$1
Event: 8.022 loading class java/util/concurrent/atomic/AtomicReferenceFieldUpdater$AtomicReferenceFieldUpdaterImpl$1 done
Event: 8.130 loading class java/util/DualPivotQuicksort
Event: 8.131 loading class java/util/DualPivotQuicksort done
Event: 8.179 loading class java/util/stream/ReduceOps$2
Event: 8.180 loading class java/util/stream/ReduceOps$2 done
Event: 8.180 loading class java/util/stream/ReduceOps$2ReducingSink
Event: 8.180 loading class java/util/stream/ReduceOps$2ReducingSink done
Event: 8.187 loading class java/lang/StringIndexOutOfBoundsException
Event: 8.187 loading class java/lang/StringIndexOutOfBoundsException done
Event: 8.197 Thread 0x0000013a63d6f420 Thread added: 0x0000013a63d6f420
Event: 8.492 loading class java/nio/file/AtomicMoveNotSupportedException
Event: 8.492 loading class java/nio/file/AtomicMoveNotSupportedException done
Event: 8.521 loading class java/io/FileWriter
Event: 8.522 loading class java/io/FileWriter done


Dynamic libraries:
0x00007ff7b8ad0000 - 0x00007ff7b8ada000 	C:\Program Files\Android\Android Studio\jbr\bin\java.exe
0x00007ffae2e80000 - 0x00007ffae30e8000 	C:\WINDOWS\SYSTEM32\ntdll.dll
0x00007ffae1cf0000 - 0x00007ffae1db9000 	C:\WINDOWS\System32\KERNEL32.DLL
0x00007ffae0820000 - 0x00007ffae0c18000 	C:\WINDOWS\System32\KERNELBASE.dll
0x00007ffae0410000 - 0x00007ffae055b000 	C:\WINDOWS\System32\ucrtbase.dll
0x00007ffac0cf0000 - 0x00007ffac0d0b000 	C:\Program Files\Android\Android Studio\jbr\bin\VCRUNTIME140.dll
0x00007ffac1330000 - 0x00007ffac1347000 	C:\Program Files\Android\Android Studio\jbr\bin\jli.dll
0x00007ffae2c70000 - 0x00007ffae2e37000 	C:\WINDOWS\System32\USER32.dll
0x00007ffae0560000 - 0x00007ffae0587000 	C:\WINDOWS\System32\win32u.dll
0x00007ffac4170000 - 0x00007ffac4404000 	C:\WINDOWS\WinSxS\amd64_microsoft.windows.common-controls_6595b64144ccf1df_6.0.26100.7019_none_3e06ffa0e335b8a8\COMCTL32.dll
0x00007ffae2980000 - 0x00007ffae29ab000 	C:\WINDOWS\System32\GDI32.dll
0x00007ffae2b90000 - 0x00007ffae2c39000 	C:\WINDOWS\System32\msvcrt.dll
0x00007ffae0590000 - 0x00007ffae06bc000 	C:\WINDOWS\System32\gdi32full.dll
0x00007ffae06c0000 - 0x00007ffae0763000 	C:\WINDOWS\System32\msvcp_win.dll
0x00007ffae0dc0000 - 0x00007ffae0df1000 	C:\WINDOWS\System32\IMM32.DLL
0x00007ffac2930000 - 0x00007ffac293c000 	C:\Program Files\Android\Android Studio\jbr\bin\vcruntime140_1.dll
0x00007ffaa65f0000 - 0x00007ffaa667d000 	C:\Program Files\Android\Android Studio\jbr\bin\msvcp140.dll
0x00007ffa61a20000 - 0x00007ffa626a3000 	C:\Program Files\Android\Android Studio\jbr\bin\server\jvm.dll
0x00007ffae1c30000 - 0x00007ffae1ce4000 	C:\WINDOWS\System32\ADVAPI32.dll
0x00007ffae0c30000 - 0x00007ffae0cd6000 	C:\WINDOWS\System32\sechost.dll
0x00007ffae14a0000 - 0x00007ffae15b8000 	C:\WINDOWS\System32\RPCRT4.dll
0x00007ffadfe30000 - 0x00007ffadfe8e000 	C:\WINDOWS\SYSTEM32\POWRPROF.dll
0x00007ffac0ce0000 - 0x00007ffac0cea000 	C:\WINDOWS\SYSTEM32\WSOCK32.dll
0x00007ffad54e0000 - 0x00007ffad5515000 	C:\WINDOWS\SYSTEM32\WINMM.dll
0x00007ffaced00000 - 0x00007ffaced0b000 	C:\WINDOWS\SYSTEM32\VERSION.dll
0x00007ffae1200000 - 0x00007ffae1274000 	C:\WINDOWS\System32\WS2_32.dll
0x00007ffadfe10000 - 0x00007ffadfe24000 	C:\WINDOWS\SYSTEM32\UMPDC.dll
0x00007ffaded90000 - 0x00007ffadedab000 	C:\WINDOWS\SYSTEM32\kernel.appcore.dll
0x00007ffac08a0000 - 0x00007ffac08aa000 	C:\Program Files\Android\Android Studio\jbr\bin\jimage.dll
0x00007ffadd6b0000 - 0x00007ffadd8f2000 	C:\WINDOWS\SYSTEM32\DBGHELP.DLL
0x00007ffae0e00000 - 0x00007ffae118b000 	C:\WINDOWS\System32\combase.dll
0x00007ffae0ce0000 - 0x00007ffae0db7000 	C:\WINDOWS\System32\OLEAUT32.dll
0x00007ffab9d00000 - 0x00007ffab9d3c000 	C:\WINDOWS\SYSTEM32\dbgcore.DLL
0x00007ffae0770000 - 0x00007ffae0815000 	C:\WINDOWS\System32\bcryptPrimitives.dll
0x00007ffac5750000 - 0x00007ffac575e000 	C:\Program Files\Android\Android Studio\jbr\bin\instrument.dll
0x00007ffac0570000 - 0x00007ffac0595000 	C:\Program Files\Android\Android Studio\jbr\bin\java.dll
0x00007ffac0680000 - 0x00007ffac0698000 	C:\Program Files\Android\Android Studio\jbr\bin\zip.dll
0x00007ffae2060000 - 0x00007ffae27b1000 	C:\WINDOWS\System32\SHELL32.dll
0x00007ffadffd0000 - 0x00007ffae013b000 	C:\WINDOWS\System32\wintypes.dll
0x00007ffaddbe0000 - 0x00007ffade43d000 	C:\WINDOWS\SYSTEM32\windows.storage.dll
0x00007ffae1a60000 - 0x00007ffae1b52000 	C:\WINDOWS\System32\SHCORE.dll
0x00007ffae1190000 - 0x00007ffae11f7000 	C:\WINDOWS\System32\shlwapi.dll
0x00007ffadfef0000 - 0x00007ffadff19000 	C:\WINDOWS\SYSTEM32\profapi.dll
0x00007ffabfb20000 - 0x00007ffabfb39000 	C:\Program Files\Android\Android Studio\jbr\bin\net.dll
0x00007ffad4ac0000 - 0x00007ffad4be8000 	C:\WINDOWS\SYSTEM32\WINHTTP.dll
0x00007ffadf300000 - 0x00007ffadf36b000 	C:\WINDOWS\system32\mswsock.dll
0x00007ffabf9b0000 - 0x00007ffabf9c6000 	C:\Program Files\Android\Android Studio\jbr\bin\nio.dll
0x00007ffad4f10000 - 0x00007ffad4f20000 	C:\Program Files\Android\Android Studio\jbr\bin\verify.dll
0x00007ffac2070000 - 0x00007ffac2097000 	C:\Users\Jerusha\.gradle\native\1def1411415f61bf3af743bc5b6707747c0891f09f0c88961ee8f79bc544acac\windows-amd64\native-platform.dll
0x00000000687c0000 - 0x0000000068833000 	C:\Users\Jerusha\.gradle\native\0.2.5\x86_64-windows-gnu\gradle-fileevents.dll
0x00007ffac07d0000 - 0x00007ffac07d9000 	C:\Program Files\Android\Android Studio\jbr\bin\management.dll
0x00007ffabf9a0000 - 0x00007ffabf9ab000 	C:\Program Files\Android\Android Studio\jbr\bin\management_ext.dll
0x00007ffae1470000 - 0x00007ffae1478000 	C:\WINDOWS\System32\PSAPI.DLL
0x00007ffadf5c0000 - 0x00007ffadf5db000 	C:\WINDOWS\SYSTEM32\CRYPTSP.dll
0x00007ffadecf0000 - 0x00007ffaded2a000 	C:\WINDOWS\system32\rsaenh.dll
0x00007ffadf3b0000 - 0x00007ffadf3db000 	C:\WINDOWS\SYSTEM32\USERENV.dll
0x00007ffadfec0000 - 0x00007ffadfeea000 	C:\WINDOWS\SYSTEM32\bcrypt.dll
0x00007ffadf5e0000 - 0x00007ffadf5ec000 	C:\WINDOWS\SYSTEM32\CRYPTBASE.dll
0x00007ffade8c0000 - 0x00007ffade8f4000 	C:\WINDOWS\SYSTEM32\IPHLPAPI.DLL
0x00007ffae0c20000 - 0x00007ffae0c2a000 	C:\WINDOWS\System32\NSI.dll
0x00007ffad76f0000 - 0x00007ffad770e000 	C:\WINDOWS\SYSTEM32\dhcpcsvc6.DLL
0x00007ffad7690000 - 0x00007ffad76b3000 	C:\WINDOWS\SYSTEM32\dhcpcsvc.DLL
0x00007ffade900000 - 0x00007ffadea2c000 	C:\WINDOWS\SYSTEM32\DNSAPI.dll
0x00007ffacad70000 - 0x00007ffacad78000 	C:\WINDOWS\system32\wshunix.dll
0x0000000068740000 - 0x00000000687b3000 	C:\Users\Jerusha\AppData\Local\Temp\native-platform18384718980422465114dir\gradle-fileevents.dll

dbghelp: loaded successfully - version: 4.0.5 - missing functions: none
symbol engine: initialized successfully - sym options: 0x614 - pdb path: .;C:\Program Files\Android\Android Studio\jbr\bin;C:\WINDOWS\SYSTEM32;C:\WINDOWS\WinSxS\amd64_microsoft.windows.common-controls_6595b64144ccf1df_6.0.26100.7019_none_3e06ffa0e335b8a8;C:\Program Files\Android\Android Studio\jbr\bin\server;C:\Users\Jerusha\.gradle\native\1def1411415f61bf3af743bc5b6707747c0891f09f0c88961ee8f79bc544acac\windows-amd64;C:\Users\Jerusha\.gradle\native\0.2.5\x86_64-windows-gnu;C:\Users\Jerusha\AppData\Local\Temp\native-platform18384718980422465114dir

VM Arguments:
jvm_args: --add-opens=java.base/java.lang=ALL-UNNAMED --add-opens=java.base/java.lang.invoke=ALL-UNNAMED --add-opens=java.base/java.util=ALL-UNNAMED --add-opens=java.prefs/java.util.prefs=ALL-UNNAMED --add-exports=jdk.compiler/com.sun.tools.javac.api=ALL-UNNAMED --add-exports=jdk.compiler/com.sun.tools.javac.util=ALL-UNNAMED --add-opens=java.base/java.util=ALL-UNNAMED --add-opens=java.prefs/java.util.prefs=ALL-UNNAMED --add-opens=java.base/java.nio.charset=ALL-UNNAMED --add-opens=java.base/java.net=ALL-UNNAMED --add-opens=java.base/java.util.concurrent.atomic=ALL-UNNAMED --add-opens=java.xml/javax.xml.namespace=ALL-UNNAMED -XX:MaxMetaspaceSize=256m -XX:CICompilerCount=2 -XX:+HeapDumpOnOutOfMemoryError -Xms256m -Xmx512m -Dfile.encoding=windows-1252 -Duser.country=US -Duser.language=en -Duser.variant -javaagent:C:\Users\Jerusha\.gradle\wrapper\dists\gradle-8.12-all\ejduaidbjup3bmmkhw3rie4zb\gradle-8.12\lib\agents\gradle-instrumentation-agent-8.12.jar 
java_command: org.gradle.launcher.daemon.bootstrap.GradleDaemon 8.12
java_class_path (initial): C:\Users\Jerusha\.gradle\wrapper\dists\gradle-8.12-all\ejduaidbjup3bmmkhw3rie4zb\gradle-8.12\lib\gradle-daemon-main-8.12.jar
Launcher Type: SUN_STANDARD

[Global flags]
     intx CICompilerCount                          = 2                                         {product} {command line}
   size_t CompressedClassSpaceSize                 = 218103808                                 {product} {ergonomic}
     uint ConcGCThreads                            = 3                                         {product} {ergonomic}
     uint G1ConcRefinementThreads                  = 10                                        {product} {ergonomic}
   size_t G1HeapRegionSize                         = 1048576                                   {product} {ergonomic}
    uintx GCDrainStackTargetSize                   = 64                                        {product} {ergonomic}
     bool HeapDumpOnOutOfMemoryError               = true                                   {manageable} {command line}
   size_t InitialHeapSize                          = 268435456                                 {product} {command line}
   size_t MarkStackSize                            = 4194304                                   {product} {ergonomic}
   size_t MaxHeapSize                              = 536870912                                 {product} {command line}
   size_t MaxMetaspaceSize                         = 268435456                                 {product} {command line}
   size_t MaxNewSize                               = 321912832                                 {product} {ergonomic}
   size_t MinHeapDeltaBytes                        = 1048576                                   {product} {ergonomic}
   size_t MinHeapSize                              = 268435456                                 {product} {command line}
    uintx NonNMethodCodeHeapSize                   = 5826188                                {pd product} {ergonomic}
    uintx NonProfiledCodeHeapSize                  = 122916026                              {pd product} {ergonomic}
    uintx ProfiledCodeHeapSize                     = 122916026                              {pd product} {ergonomic}
    uintx ReservedCodeCacheSize                    = 251658240                              {pd product} {ergonomic}
     bool SegmentedCodeCache                       = true                                      {product} {ergonomic}
   size_t SoftMaxHeapSize                          = 536870912                              {manageable} {ergonomic}
     bool UseCompressedClassPointers               = true                           {product lp64_product} {ergonomic}
     bool UseCompressedOops                        = true                           {product lp64_product} {ergonomic}
     bool UseG1GC                                  = true                                      {product} {ergonomic}
     bool UseLargePagesIndividualAllocation        = false                                  {pd product} {ergonomic}

Logging:
Log output configuration:
 #0: stdout all=warning uptime,level,tags
 #1: stderr all=off uptime,level,tags

Environment Variables:
JAVA_HOME=C:\Program Files\Android\Android Studio\jbr
CLASSPATH=C:\Users\Jerusha\Desktop\CleaningApp\cleaning_app\android\\gradle\wrapper\gradle-wrapper.jar
PATH=C:\Program Files\Android\Android Studio\jbr\bin;C:\flutter\bin\;C:\flutter\bin;c:\Users\Jerusha\AppData\Local\Programs\cursor\resources\app\bin;C:\Python313\Scripts\;C:\Python313\;C:\Program Files\Common Files\Oracle\Java\javapath;C:\WINDOWS\system32;C:\WINDOWS;C:\WINDOWS\System32\Wbem;C:\WINDOWS\System32\WindowsPowerShell\v1.0\;C:\WINDOWS\System32\OpenSSH\;C:\Program Files\nodejs\;C:\ProgramData\chocolatey\bin;C:\Program Files\NVIDIA Corporation\NVIDIA app\NvDLISR;C:\Program Files (x86)\NVIDIA Corporation\PhysX\Common;C:\Users\Jerusha\AppData\Local\Microsoft\WindowsApps;C:\Users\Jerusha\AppData\Roaming\npm;C:\Users\Jerusha\AppData\Local\Programs\cursor\resources\app\bin;c:\Users\Jerusha\AppData\Local\Programs\cursor\resources\app\bin;C:\Program Files\Git\cmd;C:\Program Files\dotnet\;C:\Users\Jerusha\AppData\Local\Microsoft\WindowsApps;C:\Users\Jerusha\AppData\Local\Programs\Microsoft VS Code\bin;C:\Users\Jerusha\AppData\Roaming\npm;C:\Users\Jerusha\AppData\Local\Programs\cursor\resources\app\bin;C:\Users\Jerusha\.dotnet\tools;c:\Users\Jerusha\.cursor\extensions\vscjava.vscode-java-debug-0.58.3-universal\bundled\scripts\noConfigScripts;C:\flutter\bin\mingit\cmd
USERNAME=Jerusha
LANG=en_US.UTF-8
OS=Windows_NT
PROCESSOR_IDENTIFIER=Intel64 Family 6 Model 154 Stepping 4, GenuineIntel
TMP=C:\Users\Jerusha\AppData\Local\Temp
TEMP=C:\Users\Jerusha\AppData\Local\Temp



Periodic native trim disabled

JNI global refs:
JNI global refs: 27, weak refs: 3

JNI global refs memory usage: 843, weak refs: 841

OOME stack traces (most recent first):
Classloader memory used:
Loader org.gradle.internal.classloader.VisitableURLClassLoader                         : 3244K
Loader bootstrap                                                                       : 2367K
Loader org.gradle.initialization.MixInLegacyTypesClassLoader                           : 666K
Loader jdk.internal.loader.ClassLoaders$PlatformClassLoader                            : 65021B
Loader jdk.internal.loader.ClassLoaders$AppClassLoader                                 : 28823B
Loader jdk.internal.reflect.DelegatingClassLoader                                      : 6687B
Loader org.gradle.internal.classloader.VisitableURLClassLoader                         : 3615B

Classes loaded by more than one classloader:
Class org.gradle.internal.installation.GradleInstallation                             : loaded 2 times (x 73B)
Class org.gradle.internal.classpath.ClassPath                                         : loaded 2 times (x 68B)
Class org.gradle.api.internal.classpath.DefaultModuleRegistry                         : loaded 2 times (x 84B)
Class Settings_gradle$1$1                                                             : loaded 2 times (x 72B)
Class org.gradle.api.Action                                                           : loaded 2 times (x 68B)
Class org.gradle.api.internal.DefaultClassPathProvider                                : loaded 2 times (x 74B)
Class org.gradle.internal.installation.GradleInstallation$1                           : loaded 2 times (x 73B)
Class org.gradle.internal.classloader.FilteringClassLoader                            : loaded 2 times (x 103B)
Class org.gradle.internal.classpath.DefaultClassPath$ImmutableUniqueList$Builder      : loaded 2 times (x 73B)
Class org.gradle.internal.classloader.ClassLoaderVisitor                              : loaded 2 times (x 74B)
Class org.gradle.internal.service.DefaultServiceLocator                               : loaded 2 times (x 81B)
Class org.gradle.internal.service.UnknownServiceException                             : loaded 2 times (x 81B)
Class org.gradle.internal.classloader.DefaultClassLoaderFactory                       : loaded 2 times (x 80B)
Class org.gradle.internal.classloader.VisitableURLClassLoader$Spec                    : loaded 2 times (x 72B)
Class org.gradle.api.GradleException                                                  : loaded 2 times (x 80B)
Class org.gradle.api.internal.classpath.ModuleRegistry                                : loaded 2 times (x 68B)
Class org.gradle.api.internal.ClassPathProvider                                       : loaded 2 times (x 68B)
Class org.gradle.internal.classloader.ClasspathUtil$1                                 : loaded 2 times (x 74B)
Class org.gradle.internal.classloader.ClassLoaderFactory                              : loaded 2 times (x 68B)
Class org.gradle.api.internal.classpath.ManifestUtil                                  : loaded 2 times (x 69B)
Class org.gradle.api.specs.Spec                                                       : loaded 2 times (x 68B)
Class org.gradle.internal.IoActions                                                   : loaded 2 times (x 69B)
Class org.gradle.api.internal.classpath.EffectiveClassPath                            : loaded 2 times (x 88B)
Class org.gradle.internal.installation.CurrentGradleInstallation                      : loaded 2 times (x 71B)
Class org.gradle.internal.installation.CurrentGradleInstallationLocator               : loaded 2 times (x 69B)
Class org.gradle.api.internal.classpath.Module                                        : loaded 2 times (x 68B)
Class org.gradle.internal.service.CachingServiceLocator                               : loaded 2 times (x 80B)
Class org.gradle.internal.classpath.DefaultClassPath                                  : loaded 2 times (x 88B)
Class org.gradle.internal.classloader.SystemClassLoaderSpec                           : loaded 2 times (x 69B)
Class org.gradle.api.UncheckedIOException                                             : loaded 2 times (x 80B)
Class Program                                                                         : loaded 2 times (x 70B)
Class org.gradle.api.internal.classpath.GlobalCacheRootsProvider                      : loaded 2 times (x 68B)
Class org.gradle.internal.classloader.ClasspathUtil                                   : loaded 2 times (x 69B)
Class org.gradle.api.internal.DefaultClassPathRegistry                                : loaded 2 times (x 74B)
Class org.gradle.api.internal.classpath.DefaultModuleRegistry$DefaultModule           : loaded 2 times (x 84B)
Class org.gradle.api.internal.classpath.UnknownModuleException                        : loaded 2 times (x 80B)
Class org.gradle.internal.service.ServiceLookupException                              : loaded 2 times (x 80B)
Class [Lorg.gradle.api.internal.ClassPathProvider;                                    : loaded 2 times (x 67B)
Class org.gradle.util.internal.GUtil                                                  : loaded 2 times (x 69B)
Class org.gradle.internal.classloader.ClassLoaderSpec                                 : loaded 2 times (x 69B)
Class org.gradle.internal.classloader.InstrumentingClassLoader                        : loaded 2 times (x 68B)
Class org.gradle.internal.classloader.VisitableURLClassLoader                         : loaded 2 times (x 115B)
Class org.gradle.internal.Cast                                                        : loaded 2 times (x 69B)
Class org.gradle.api.internal.ClassPathRegistry                                       : loaded 2 times (x 68B)
Class org.gradle.internal.classloader.VisitableURLClassLoader$InstrumentingVisitableURLClassLoader: loaded 2 times (x 121B)
Class org.gradle.internal.classloader.ClassLoaderHierarchy                            : loaded 2 times (x 68B)
Class org.gradle.internal.InternalTransformer                                         : loaded 2 times (x 68B)
Class org.gradle.internal.service.ServiceLocator                                      : loaded 2 times (x 68B)
Class Settings_gradle$1                                                               : loaded 2 times (x 72B)
Class org.gradle.internal.classpath.DefaultClassPath$ImmutableUniqueList              : loaded 2 times (x 159B)
Class org.gradle.internal.classpath.TransformedClassPath                              : loaded 2 times (x 94B)
Class Settings_gradle                                                                 : loaded 2 times (x 126B)


---------------  S Y S T E M  ---------------

OS:
 Windows 11 , 64 bit Build 26100 (10.0.26100.7019)
OS uptime: 2 days 23:08 hours
Hyper-V role detected

CPU: total 12 (initial active 12) (6 cores per cpu, 2 threads per core) family 6 model 154 stepping 4 microcode 0x423, cx8, cmov, fxsr, ht, mmx, 3dnowpref, sse, sse2, sse3, ssse3, sse4.1, sse4.2, popcnt, lzcnt, tsc, tscinvbit, avx, avx2, aes, erms, clmul, bmi1, bmi2, adx, sha, fma, vzeroupper, clflush, clflushopt, clwb, hv
Processor Information for processor 0
  Max Mhz: 1700, Current Mhz: 1700, Mhz Limit: 1700
Processor Information for processor 1
  Max Mhz: 1700, Current Mhz: 1700, Mhz Limit: 1700
Processor Information for processor 2
  Max Mhz: 1700, Current Mhz: 1700, Mhz Limit: 1700
Processor Information for processor 3
  Max Mhz: 1700, Current Mhz: 1700, Mhz Limit: 1700
Processor Information for processor 4
  Max Mhz: 1700, Current Mhz: 1200, Mhz Limit: 1190
Processor Information for processor 5
  Max Mhz: 1700, Current Mhz: 1200, Mhz Limit: 1190
Processor Information for processor 6
  Max Mhz: 1700, Current Mhz: 1200, Mhz Limit: 1190
Processor Information for processor 7
  Max Mhz: 1700, Current Mhz: 1200, Mhz Limit: 1190
Processor Information for processor 8
  Max Mhz: 1700, Current Mhz: 1200, Mhz Limit: 1190
Processor Information for processor 9
  Max Mhz: 1700, Current Mhz: 1200, Mhz Limit: 1190
Processor Information for processor 10
  Max Mhz: 1700, Current Mhz: 1200, Mhz Limit: 1190
Processor Information for processor 11
  Max Mhz: 1700, Current Mhz: 1200, Mhz Limit: 1190

Memory: 4k page, system-wide physical 7896M (487M free)
TotalPageFile size 16088M (AvailPageFile size 7M)
current process WorkingSet (physical memory assigned to process): 351M, peak: 351M
current process commit charge ("private bytes"): 457M, peak: 460M

vm_info: OpenJDK 64-Bit Server VM (17.0.9+0--11185874) for windows-amd64 JRE (17.0.9+0--11185874), built on Dec  6 2023 18:57:44 by "androidbuild" with MS VC++ 16.10 / 16.11 (VS2019)

END.
