#
# There is insufficient memory for the Java Runtime Environment to continue.
# Native memory allocation (malloc) failed to allocate 2120816 bytes for Chunk::new
# Possible reasons:
#   The system is out of physical RAM or swap space
#   The process is running with CompressedOops enabled, and the Java Heap may be blocking the growth of the native heap
# Possible solutions:
#   Reduce memory load on the system
#   Increase physical memory or swap space
#   Check if swap backing store is full
#   Decrease Java heap size (-Xmx/-Xms)
#   Decrease number of Java threads
#   Decrease Java thread stack sizes (-Xss)
#   Set larger code cache with -XX:ReservedCodeCacheSize=
#   JVM is running with Unscaled Compressed Oops mode in which the Java heap is
#     placed in the first 4GB address space. The Java Heap base address is the
#     maximum limit for the native heap growth. Please use -XX:HeapBaseMinAddress
#     to set the Java Heap base and to place the Java Heap above 4GB virtual address.
# This output file may be truncated or incomplete.
#
#  Out of Memory Error (arena.cpp:191), pid=14440, tid=11452
#
# JRE version: OpenJDK Runtime Environment (17.0.9) (build 17.0.9+0--11185874)
# Java VM: OpenJDK 64-Bit Server VM (17.0.9+0--11185874, mixed mode, tiered, compressed oops, compressed class ptrs, g1 gc, windows-amd64)
# No core dump will be written. Minidumps are not enabled by default on client versions of Windows
#

---------------  S U M M A R Y ------------

Command Line: --add-opens=java.base/java.lang=ALL-UNNAMED --add-opens=java.base/java.lang.invoke=ALL-UNNAMED --add-opens=java.base/java.util=ALL-UNNAMED --add-opens=java.prefs/java.util.prefs=ALL-UNNAMED --add-exports=jdk.compiler/com.sun.tools.javac.api=ALL-UNNAMED --add-exports=jdk.compiler/com.sun.tools.javac.util=ALL-UNNAMED --add-opens=java.base/java.util=ALL-UNNAMED --add-opens=java.prefs/java.util.prefs=ALL-UNNAMED --add-opens=java.base/java.nio.charset=ALL-UNNAMED --add-opens=java.base/java.net=ALL-UNNAMED --add-opens=java.base/java.util.concurrent.atomic=ALL-UNNAMED --add-opens=java.xml/javax.xml.namespace=ALL-UNNAMED -XX:MaxMetaspaceSize=256m -XX:CICompilerCount=2 -XX:+HeapDumpOnOutOfMemoryError -Xms256m -Xmx512m -Dfile.encoding=windows-1252 -Duser.country=US -Duser.language=en -Duser.variant -javaagent:C:\Users\Jerusha\.gradle\wrapper\dists\gradle-8.12-all\ejduaidbjup3bmmkhw3rie4zb\gradle-8.12\lib\agents\gradle-instrumentation-agent-8.12.jar org.gradle.launcher.daemon.bootstrap.GradleDaemon 8.12

Host: 12th Gen Intel(R) Core(TM) i7-1255U, 12 cores, 7G,  Windows 11 , 64 bit Build 26100 (10.0.26100.7019)
Time: Mon Nov 10 12:49:11 2025 Sri Lanka Standard Time elapsed time: 12.196626 seconds (0d 0h 0m 12s)

---------------  T H R E A D  ---------------

Current thread (0x000002205591aec0):  JavaThread "C2 CompilerThread0" daemon [_thread_in_native, id=11452, stack(0x0000009a4af00000,0x0000009a4b000000)]


Current CompileTask:
C2:  12197 2499   !   4       java.net.URLClassLoader::findClass (47 bytes)

Stack: [0x0000009a4af00000,0x0000009a4b000000]
Native frames: (J=compiled Java code, j=interpreted, Vv=VM code, C=native code)
V  [jvm.dll+0x6886e9]
V  [jvm.dll+0x841e4a]
V  [jvm.dll+0x843a8e]
V  [jvm.dll+0x8440f3]
V  [jvm.dll+0x24c14f]
V  [jvm.dll+0xac44c]
V  [jvm.dll+0xaca9c]
V  [jvm.dll+0x36c1a2]
V  [jvm.dll+0x33651a]
V  [jvm.dll+0x3359ba]
V  [jvm.dll+0x21ddb1]
V  [jvm.dll+0x21d1d1]
V  [jvm.dll+0x1a674d]
V  [jvm.dll+0x22d088]
V  [jvm.dll+0x22b1c0]
V  [jvm.dll+0x7f62f7]
V  [jvm.dll+0x7f06aa]
V  [jvm.dll+0x687565]
C  [ucrtbase.dll+0x37b0]
C  [KERNEL32.DLL+0x2e8d7]
C  [ntdll.dll+0x8c53c]


---------------  P R O C E S S  ---------------

Threads class SMR info:
_java_thread_list=0x000002205b1a1b50, length=25, elements={
0x000002203eda1c80, 0x00000220558b9030, 0x00000220558ba080, 0x00000220559135b0,
0x0000022055913a90, 0x0000022055913f70, 0x0000022055918fd0, 0x000002205591aec0,
0x000002205591b3e0, 0x0000022055930ea0, 0x00000220559c1f50, 0x0000022055b83890,
0x000002205a10f2d0, 0x000002205ba88080, 0x000002205abffe60, 0x000002205addc7c0,
0x000002205addc2b0, 0x000002205addd1e0, 0x000002205addb380, 0x000002205addccd0,
0x000002205adddc00, 0x000002205addd6f0, 0x000002205addbda0, 0x000002205adde110,
0x000002205adda960
}

Java Threads: ( => current thread )
  0x000002203eda1c80 JavaThread "main" [_thread_blocked, id=4176, stack(0x0000009a4a200000,0x0000009a4a300000)]
  0x00000220558b9030 JavaThread "Reference Handler" daemon [_thread_blocked, id=8404, stack(0x0000009a4a900000,0x0000009a4aa00000)]
  0x00000220558ba080 JavaThread "Finalizer" daemon [_thread_blocked, id=9676, stack(0x0000009a4aa00000,0x0000009a4ab00000)]
  0x00000220559135b0 JavaThread "Signal Dispatcher" daemon [_thread_blocked, id=4264, stack(0x0000009a4ab00000,0x0000009a4ac00000)]
  0x0000022055913a90 JavaThread "Attach Listener" daemon [_thread_blocked, id=14032, stack(0x0000009a4ac00000,0x0000009a4ad00000)]
  0x0000022055913f70 JavaThread "Service Thread" daemon [_thread_blocked, id=6168, stack(0x0000009a4ad00000,0x0000009a4ae00000)]
  0x0000022055918fd0 JavaThread "Monitor Deflation Thread" daemon [_thread_blocked, id=7256, stack(0x0000009a4ae00000,0x0000009a4af00000)]
=>0x000002205591aec0 JavaThread "C2 CompilerThread0" daemon [_thread_in_native, id=11452, stack(0x0000009a4af00000,0x0000009a4b000000)]
  0x000002205591b3e0 JavaThread "C1 CompilerThread0" daemon [_thread_blocked, id=384, stack(0x0000009a4b000000,0x0000009a4b100000)]
  0x0000022055930ea0 JavaThread "Sweeper thread" daemon [_thread_blocked, id=12924, stack(0x0000009a4b100000,0x0000009a4b200000)]
  0x00000220559c1f50 JavaThread "Common-Cleaner" daemon [_thread_blocked, id=10620, stack(0x0000009a4b200000,0x0000009a4b300000)]
  0x0000022055b83890 JavaThread "Notification Thread" daemon [_thread_blocked, id=3528, stack(0x0000009a4b300000,0x0000009a4b400000)]
  0x000002205a10f2d0 JavaThread "Daemon health stats" [_thread_blocked, id=4988, stack(0x0000009a4ba00000,0x0000009a4bb00000)]
  0x000002205ba88080 JavaThread "Incoming local TCP Connector on port 63450" [_thread_in_native, id=9260, stack(0x0000009a4bb00000,0x0000009a4bc00000)]
  0x000002205abffe60 JavaThread "Daemon periodic checks" [_thread_blocked, id=9132, stack(0x0000009a4bc00000,0x0000009a4bd00000)]
  0x000002205addc7c0 JavaThread "Daemon" [_thread_blocked, id=12340, stack(0x0000009a4bd00000,0x0000009a4be00000)]
  0x000002205addc2b0 JavaThread "Handler for socket connection from /127.0.0.1:63450 to /127.0.0.1:63451" [_thread_in_native, id=13488, stack(0x0000009a4be00000,0x0000009a4bf00000)]
  0x000002205addd1e0 JavaThread "Cancel handler" [_thread_blocked, id=1356, stack(0x0000009a4bf00000,0x0000009a4c000000)]
  0x000002205addb380 JavaThread "Daemon worker" [_thread_in_vm, id=12944, stack(0x0000009a4c000000,0x0000009a4c100000)]
  0x000002205addccd0 JavaThread "Asynchronous log dispatcher for DefaultDaemonConnection: socket connection from /127.0.0.1:63450 to /127.0.0.1:63451" [_thread_blocked, id=15516, stack(0x0000009a4c100000,0x0000009a4c200000)]
  0x000002205adddc00 JavaThread "Stdin handler" [_thread_blocked, id=8360, stack(0x0000009a4c200000,0x0000009a4c300000)]
  0x000002205addd6f0 JavaThread "Daemon client event forwarder" [_thread_blocked, id=15492, stack(0x0000009a4c300000,0x0000009a4c400000)]
  0x000002205addbda0 JavaThread "Cache worker for journal cache (C:\Users\Jerusha\.gradle\caches\journal-1)" [_thread_blocked, id=16924, stack(0x0000009a4ca00000,0x0000009a4cb00000)]
  0x000002205adde110 JavaThread "File lock request listener" [_thread_in_native, id=5392, stack(0x0000009a4cb00000,0x0000009a4cc00000)]
  0x000002205adda960 JavaThread "Cache worker for file hash cache (C:\Users\Jerusha\.gradle\caches\8.12\fileHashes)" [_thread_blocked, id=9144, stack(0x0000009a4cc00000,0x0000009a4cd00000)]

Other Threads:
  0x000002205574c580 VMThread "VM Thread" [stack: 0x0000009a4a800000,0x0000009a4a900000] [id=10932]
  0x0000022055b83d70 WatcherThread [stack: 0x0000009a4b400000,0x0000009a4b500000] [id=11200]
  0x000002203edce6f0 GCTaskThread "GC Thread#0" [stack: 0x0000009a4a300000,0x0000009a4a400000] [id=7644]
  0x0000022055ba7660 GCTaskThread "GC Thread#1" [stack: 0x0000009a4b500000,0x0000009a4b600000] [id=11672]
  0x0000022055ba70e0 GCTaskThread "GC Thread#2" [stack: 0x0000009a4b600000,0x0000009a4b700000] [id=12812]
  0x0000022055ba6b60 GCTaskThread "GC Thread#3" [stack: 0x0000009a4b700000,0x0000009a4b800000] [id=9876]
  0x0000022055ba6e20 GCTaskThread "GC Thread#4" [stack: 0x0000009a4b800000,0x0000009a4b900000] [id=13996]
  0x0000022055ba7920 GCTaskThread "GC Thread#5" [stack: 0x0000009a4b900000,0x0000009a4ba00000] [id=9332]
  0x0000022055ba6060 GCTaskThread "GC Thread#6" [stack: 0x0000009a4c400000,0x0000009a4c500000] [id=9644]
  0x0000022055ba65e0 GCTaskThread "GC Thread#7" [stack: 0x0000009a4c500000,0x0000009a4c600000] [id=12892]
  0x0000022055ba73a0 GCTaskThread "GC Thread#8" [stack: 0x0000009a4c600000,0x0000009a4c700000] [id=17212]
  0x000002205ad8f3b0 GCTaskThread "GC Thread#9" [stack: 0x0000009a4c700000,0x0000009a4c800000] [id=10676]
  0x000002203edd46c0 ConcurrentGCThread "G1 Main Marker" [stack: 0x0000009a4a400000,0x0000009a4a500000] [id=8476]
  0x000002203edd6300 ConcurrentGCThread "G1 Conc#0" [stack: 0x0000009a4a500000,0x0000009a4a600000] [id=15988]
  0x000002205ad8f0f0 ConcurrentGCThread "G1 Conc#1" [stack: 0x0000009a4c800000,0x0000009a4c900000] [id=1364]
  0x000002205ad91cf0 ConcurrentGCThread "G1 Conc#2" [stack: 0x0000009a4c900000,0x0000009a4ca00000] [id=14464]
  0x000002203ee3ebc0 ConcurrentGCThread "G1 Refine#0" [stack: 0x0000009a4a600000,0x0000009a4a700000] [id=4832]
  0x00000220555f01e0 ConcurrentGCThread "G1 Service" [stack: 0x0000009a4a700000,0x0000009a4a800000] [id=10716]

Threads with active compile tasks:
C2 CompilerThread0    12241 2499   !   4       java.net.URLClassLoader::findClass (47 bytes)

VM state: not at safepoint (normal execution)

VM Mutex/Monitor currently owned by a thread: None

Heap address: 0x00000000e0000000, size: 512 MB, Compressed Oops mode: 32-bit

CDS archive(s) not mapped
Compressed class space mapped at: 0x0000000100000000-0x000000010d000000, reserved size: 218103808
Narrow klass base: 0x0000000000000000, Narrow klass shift: 3, Narrow klass range: 0x10d000000

GC Precious Log:
 CPUs: 12 total, 12 available
 Memory: 7896M
 Large Page Support: Disabled
 NUMA Support: Disabled
 Compressed Oops: Enabled (32-bit)
 Heap Region Size: 1M
 Heap Min Capacity: 256M
 Heap Initial Capacity: 256M
 Heap Max Capacity: 512M
 Pre-touch: Disabled
 Parallel Workers: 10
 Concurrent Workers: 3
 Concurrent Refinement Workers: 10
 Periodic GC: Disabled

Heap:
 garbage-first heap   total 262144K, used 57029K [0x00000000e0000000, 0x0000000100000000)
  region size 1024K, 48 young (49152K), 10 survivors (10240K)
 Metaspace       used 26717K, committed 26944K, reserved 278528K
  class space    used 3400K, committed 3520K, reserved 212992K

Heap Regions: E=young(eden), S=young(survivor), O=old, HS=humongous(starts), HC=humongous(continues), CS=collection set, F=free, OA=open archive, CA=closed archive, TAMS=top-at-mark-start (previous, next)
|   0|0x00000000e0000000, 0x00000000e0100000, 0x00000000e0100000|100%| O|  |TAMS 0x00000000e0100000, 0x00000000e0000000| Untracked 
|   1|0x00000000e0100000, 0x00000000e0200000, 0x00000000e0200000|100%| O|  |TAMS 0x00000000e0200000, 0x00000000e0100000| Untracked 
|   2|0x00000000e0200000, 0x00000000e0300000, 0x00000000e0300000|100%|HS|  |TAMS 0x00000000e0300000, 0x00000000e0200000| Complete 
|   3|0x00000000e0300000, 0x00000000e0400000, 0x00000000e0400000|100%|HC|  |TAMS 0x00000000e0400000, 0x00000000e0300000| Complete 
|   4|0x00000000e0400000, 0x00000000e0500000, 0x00000000e0500000|100%|HC|  |TAMS 0x00000000e0500000, 0x00000000e0400000| Complete 
|   5|0x00000000e0500000, 0x00000000e0600000, 0x00000000e0600000|100%| O|  |TAMS 0x00000000e0600000, 0x00000000e0500000| Untracked 
|   6|0x00000000e0600000, 0x00000000e0700000, 0x00000000e0700000|100%| O|  |TAMS 0x00000000e0700000, 0x00000000e0600000| Untracked 
|   7|0x00000000e0700000, 0x00000000e0800000, 0x00000000e0800000|100%|HS|  |TAMS 0x00000000e0800000, 0x00000000e0700000| Complete 
|   8|0x00000000e0800000, 0x00000000e0800000, 0x00000000e0900000|  0%| F|  |TAMS 0x00000000e0800000, 0x00000000e0800000| Untracked 
|   9|0x00000000e0900000, 0x00000000e0a00000, 0x00000000e0a00000|100%| O|  |TAMS 0x00000000e0a00000, 0x00000000e0900000| Untracked 
|  10|0x00000000e0a00000, 0x00000000e0ab2400, 0x00000000e0b00000| 69%| O|  |TAMS 0x00000000e0ab2400, 0x00000000e0a00000| Untracked 
|  11|0x00000000e0b00000, 0x00000000e0b00000, 0x00000000e0c00000|  0%| F|  |TAMS 0x00000000e0b00000, 0x00000000e0b00000| Untracked 
|  12|0x00000000e0c00000, 0x00000000e0c00000, 0x00000000e0d00000|  0%| F|  |TAMS 0x00000000e0c00000, 0x00000000e0c00000| Untracked 
|  13|0x00000000e0d00000, 0x00000000e0d00000, 0x00000000e0e00000|  0%| F|  |TAMS 0x00000000e0d00000, 0x00000000e0d00000| Untracked 
|  14|0x00000000e0e00000, 0x00000000e0e00000, 0x00000000e0f00000|  0%| F|  |TAMS 0x00000000e0e00000, 0x00000000e0e00000| Untracked 
|  15|0x00000000e0f00000, 0x00000000e0f00000, 0x00000000e1000000|  0%| F|  |TAMS 0x00000000e0f00000, 0x00000000e0f00000| Untracked 
|  16|0x00000000e1000000, 0x00000000e1000000, 0x00000000e1100000|  0%| F|  |TAMS 0x00000000e1000000, 0x00000000e1000000| Untracked 
|  17|0x00000000e1100000, 0x00000000e1100000, 0x00000000e1200000|  0%| F|  |TAMS 0x00000000e1100000, 0x00000000e1100000| Untracked 
|  18|0x00000000e1200000, 0x00000000e1200000, 0x00000000e1300000|  0%| F|  |TAMS 0x00000000e1200000, 0x00000000e1200000| Untracked 
|  19|0x00000000e1300000, 0x00000000e1300000, 0x00000000e1400000|  0%| F|  |TAMS 0x00000000e1300000, 0x00000000e1300000| Untracked 
|  20|0x00000000e1400000, 0x00000000e1400000, 0x00000000e1500000|  0%| F|  |TAMS 0x00000000e1400000, 0x00000000e1400000| Untracked 
|  21|0x00000000e1500000, 0x00000000e1500000, 0x00000000e1600000|  0%| F|  |TAMS 0x00000000e1500000, 0x00000000e1500000| Untracked 
|  22|0x00000000e1600000, 0x00000000e1600000, 0x00000000e1700000|  0%| F|  |TAMS 0x00000000e1600000, 0x00000000e1600000| Untracked 
|  23|0x00000000e1700000, 0x00000000e1700000, 0x00000000e1800000|  0%| F|  |TAMS 0x00000000e1700000, 0x00000000e1700000| Untracked 
|  24|0x00000000e1800000, 0x00000000e1800000, 0x00000000e1900000|  0%| F|  |TAMS 0x00000000e1800000, 0x00000000e1800000| Untracked 
|  25|0x00000000e1900000, 0x00000000e1900000, 0x00000000e1a00000|  0%| F|  |TAMS 0x00000000e1900000, 0x00000000e1900000| Untracked 
|  26|0x00000000e1a00000, 0x00000000e1a00000, 0x00000000e1b00000|  0%| F|  |TAMS 0x00000000e1a00000, 0x00000000e1a00000| Untracked 
|  27|0x00000000e1b00000, 0x00000000e1b00000, 0x00000000e1c00000|  0%| F|  |TAMS 0x00000000e1b00000, 0x00000000e1b00000| Untracked 
|  28|0x00000000e1c00000, 0x00000000e1c00000, 0x00000000e1d00000|  0%| F|  |TAMS 0x00000000e1c00000, 0x00000000e1c00000| Untracked 
|  29|0x00000000e1d00000, 0x00000000e1d00000, 0x00000000e1e00000|  0%| F|  |TAMS 0x00000000e1d00000, 0x00000000e1d00000| Untracked 
|  30|0x00000000e1e00000, 0x00000000e1e00000, 0x00000000e1f00000|  0%| F|  |TAMS 0x00000000e1e00000, 0x00000000e1e00000| Untracked 
|  31|0x00000000e1f00000, 0x00000000e1f00000, 0x00000000e2000000|  0%| F|  |TAMS 0x00000000e1f00000, 0x00000000e1f00000| Untracked 
|  32|0x00000000e2000000, 0x00000000e2000000, 0x00000000e2100000|  0%| F|  |TAMS 0x00000000e2000000, 0x00000000e2000000| Untracked 
|  33|0x00000000e2100000, 0x00000000e2100000, 0x00000000e2200000|  0%| F|  |TAMS 0x00000000e2100000, 0x00000000e2100000| Untracked 
|  34|0x00000000e2200000, 0x00000000e2200000, 0x00000000e2300000|  0%| F|  |TAMS 0x00000000e2200000, 0x00000000e2200000| Untracked 
|  35|0x00000000e2300000, 0x00000000e2300000, 0x00000000e2400000|  0%| F|  |TAMS 0x00000000e2300000, 0x00000000e2300000| Untracked 
|  36|0x00000000e2400000, 0x00000000e2400000, 0x00000000e2500000|  0%| F|  |TAMS 0x00000000e2400000, 0x00000000e2400000| Untracked 
|  37|0x00000000e2500000, 0x00000000e2500000, 0x00000000e2600000|  0%| F|  |TAMS 0x00000000e2500000, 0x00000000e2500000| Untracked 
|  38|0x00000000e2600000, 0x00000000e2600000, 0x00000000e2700000|  0%| F|  |TAMS 0x00000000e2600000, 0x00000000e2600000| Untracked 
|  39|0x00000000e2700000, 0x00000000e2700000, 0x00000000e2800000|  0%| F|  |TAMS 0x00000000e2700000, 0x00000000e2700000| Untracked 
|  40|0x00000000e2800000, 0x00000000e2800000, 0x00000000e2900000|  0%| F|  |TAMS 0x00000000e2800000, 0x00000000e2800000| Untracked 
|  41|0x00000000e2900000, 0x00000000e2900000, 0x00000000e2a00000|  0%| F|  |TAMS 0x00000000e2900000, 0x00000000e2900000| Untracked 
|  42|0x00000000e2a00000, 0x00000000e2a00000, 0x00000000e2b00000|  0%| F|  |TAMS 0x00000000e2a00000, 0x00000000e2a00000| Untracked 
|  43|0x00000000e2b00000, 0x00000000e2b00000, 0x00000000e2c00000|  0%| F|  |TAMS 0x00000000e2b00000, 0x00000000e2b00000| Untracked 
|  44|0x00000000e2c00000, 0x00000000e2c00000, 0x00000000e2d00000|  0%| F|  |TAMS 0x00000000e2c00000, 0x00000000e2c00000| Untracked 
|  45|0x00000000e2d00000, 0x00000000e2d00000, 0x00000000e2e00000|  0%| F|  |TAMS 0x00000000e2d00000, 0x00000000e2d00000| Untracked 
|  46|0x00000000e2e00000, 0x00000000e2e00000, 0x00000000e2f00000|  0%| F|  |TAMS 0x00000000e2e00000, 0x00000000e2e00000| Untracked 
|  47|0x00000000e2f00000, 0x00000000e2f00000, 0x00000000e3000000|  0%| F|  |TAMS 0x00000000e2f00000, 0x00000000e2f00000| Untracked 
|  48|0x00000000e3000000, 0x00000000e3000000, 0x00000000e3100000|  0%| F|  |TAMS 0x00000000e3000000, 0x00000000e3000000| Untracked 
|  49|0x00000000e3100000, 0x00000000e3100000, 0x00000000e3200000|  0%| F|  |TAMS 0x00000000e3100000, 0x00000000e3100000| Untracked 
|  50|0x00000000e3200000, 0x00000000e3200000, 0x00000000e3300000|  0%| F|  |TAMS 0x00000000e3200000, 0x00000000e3200000| Untracked 
|  51|0x00000000e3300000, 0x00000000e3300000, 0x00000000e3400000|  0%| F|  |TAMS 0x00000000e3300000, 0x00000000e3300000| Untracked 
|  52|0x00000000e3400000, 0x00000000e3400000, 0x00000000e3500000|  0%| F|  |TAMS 0x00000000e3400000, 0x00000000e3400000| Untracked 
|  53|0x00000000e3500000, 0x00000000e3500000, 0x00000000e3600000|  0%| F|  |TAMS 0x00000000e3500000, 0x00000000e3500000| Untracked 
|  54|0x00000000e3600000, 0x00000000e3600000, 0x00000000e3700000|  0%| F|  |TAMS 0x00000000e3600000, 0x00000000e3600000| Untracked 
|  55|0x00000000e3700000, 0x00000000e3700000, 0x00000000e3800000|  0%| F|  |TAMS 0x00000000e3700000, 0x00000000e3700000| Untracked 
|  56|0x00000000e3800000, 0x00000000e3800000, 0x00000000e3900000|  0%| F|  |TAMS 0x00000000e3800000, 0x00000000e3800000| Untracked 
|  57|0x00000000e3900000, 0x00000000e3900000, 0x00000000e3a00000|  0%| F|  |TAMS 0x00000000e3900000, 0x00000000e3900000| Untracked 
|  58|0x00000000e3a00000, 0x00000000e3a00000, 0x00000000e3b00000|  0%| F|  |TAMS 0x00000000e3a00000, 0x00000000e3a00000| Untracked 
|  59|0x00000000e3b00000, 0x00000000e3b00000, 0x00000000e3c00000|  0%| F|  |TAMS 0x00000000e3b00000, 0x00000000e3b00000| Untracked 
|  60|0x00000000e3c00000, 0x00000000e3c00000, 0x00000000e3d00000|  0%| F|  |TAMS 0x00000000e3c00000, 0x00000000e3c00000| Untracked 
|  61|0x00000000e3d00000, 0x00000000e3d00000, 0x00000000e3e00000|  0%| F|  |TAMS 0x00000000e3d00000, 0x00000000e3d00000| Untracked 
|  62|0x00000000e3e00000, 0x00000000e3e00000, 0x00000000e3f00000|  0%| F|  |TAMS 0x00000000e3e00000, 0x00000000e3e00000| Untracked 
|  63|0x00000000e3f00000, 0x00000000e3f00000, 0x00000000e4000000|  0%| F|  |TAMS 0x00000000e3f00000, 0x00000000e3f00000| Untracked 
|  64|0x00000000e4000000, 0x00000000e4000000, 0x00000000e4100000|  0%| F|  |TAMS 0x00000000e4000000, 0x00000000e4000000| Untracked 
|  65|0x00000000e4100000, 0x00000000e4100000, 0x00000000e4200000|  0%| F|  |TAMS 0x00000000e4100000, 0x00000000e4100000| Untracked 
|  66|0x00000000e4200000, 0x00000000e4200000, 0x00000000e4300000|  0%| F|  |TAMS 0x00000000e4200000, 0x00000000e4200000| Untracked 
|  67|0x00000000e4300000, 0x00000000e4300000, 0x00000000e4400000|  0%| F|  |TAMS 0x00000000e4300000, 0x00000000e4300000| Untracked 
|  68|0x00000000e4400000, 0x00000000e4400000, 0x00000000e4500000|  0%| F|  |TAMS 0x00000000e4400000, 0x00000000e4400000| Untracked 
|  69|0x00000000e4500000, 0x00000000e4500000, 0x00000000e4600000|  0%| F|  |TAMS 0x00000000e4500000, 0x00000000e4500000| Untracked 
|  70|0x00000000e4600000, 0x00000000e4600000, 0x00000000e4700000|  0%| F|  |TAMS 0x00000000e4600000, 0x00000000e4600000| Untracked 
|  71|0x00000000e4700000, 0x00000000e4700000, 0x00000000e4800000|  0%| F|  |TAMS 0x00000000e4700000, 0x00000000e4700000| Untracked 
|  72|0x00000000e4800000, 0x00000000e4800000, 0x00000000e4900000|  0%| F|  |TAMS 0x00000000e4800000, 0x00000000e4800000| Untracked 
|  73|0x00000000e4900000, 0x00000000e4900000, 0x00000000e4a00000|  0%| F|  |TAMS 0x00000000e4900000, 0x00000000e4900000| Untracked 
|  74|0x00000000e4a00000, 0x00000000e4a00000, 0x00000000e4b00000|  0%| F|  |TAMS 0x00000000e4a00000, 0x00000000e4a00000| Untracked 
|  75|0x00000000e4b00000, 0x00000000e4b00000, 0x00000000e4c00000|  0%| F|  |TAMS 0x00000000e4b00000, 0x00000000e4b00000| Untracked 
|  76|0x00000000e4c00000, 0x00000000e4c00000, 0x00000000e4d00000|  0%| F|  |TAMS 0x00000000e4c00000, 0x00000000e4c00000| Untracked 
|  77|0x00000000e4d00000, 0x00000000e4d00000, 0x00000000e4e00000|  0%| F|  |TAMS 0x00000000e4d00000, 0x00000000e4d00000| Untracked 
|  78|0x00000000e4e00000, 0x00000000e4e00000, 0x00000000e4f00000|  0%| F|  |TAMS 0x00000000e4e00000, 0x00000000e4e00000| Untracked 
|  79|0x00000000e4f00000, 0x00000000e4f00000, 0x00000000e5000000|  0%| F|  |TAMS 0x00000000e4f00000, 0x00000000e4f00000| Untracked 
|  80|0x00000000e5000000, 0x00000000e5000000, 0x00000000e5100000|  0%| F|  |TAMS 0x00000000e5000000, 0x00000000e5000000| Untracked 
|  81|0x00000000e5100000, 0x00000000e5100000, 0x00000000e5200000|  0%| F|  |TAMS 0x00000000e5100000, 0x00000000e5100000| Untracked 
|  82|0x00000000e5200000, 0x00000000e5200000, 0x00000000e5300000|  0%| F|  |TAMS 0x00000000e5200000, 0x00000000e5200000| Untracked 
|  83|0x00000000e5300000, 0x00000000e5300000, 0x00000000e5400000|  0%| F|  |TAMS 0x00000000e5300000, 0x00000000e5300000| Untracked 
|  84|0x00000000e5400000, 0x00000000e5400000, 0x00000000e5500000|  0%| F|  |TAMS 0x00000000e5400000, 0x00000000e5400000| Untracked 
|  85|0x00000000e5500000, 0x00000000e5500000, 0x00000000e5600000|  0%| F|  |TAMS 0x00000000e5500000, 0x00000000e5500000| Untracked 
|  86|0x00000000e5600000, 0x00000000e5600000, 0x00000000e5700000|  0%| F|  |TAMS 0x00000000e5600000, 0x00000000e5600000| Untracked 
|  87|0x00000000e5700000, 0x00000000e5700000, 0x00000000e5800000|  0%| F|  |TAMS 0x00000000e5700000, 0x00000000e5700000| Untracked 
|  88|0x00000000e5800000, 0x00000000e5800000, 0x00000000e5900000|  0%| F|  |TAMS 0x00000000e5800000, 0x00000000e5800000| Untracked 
|  89|0x00000000e5900000, 0x00000000e5900000, 0x00000000e5a00000|  0%| F|  |TAMS 0x00000000e5900000, 0x00000000e5900000| Untracked 
|  90|0x00000000e5a00000, 0x00000000e5a00000, 0x00000000e5b00000|  0%| F|  |TAMS 0x00000000e5a00000, 0x00000000e5a00000| Untracked 
|  91|0x00000000e5b00000, 0x00000000e5b00000, 0x00000000e5c00000|  0%| F|  |TAMS 0x00000000e5b00000, 0x00000000e5b00000| Untracked 
|  92|0x00000000e5c00000, 0x00000000e5c00000, 0x00000000e5d00000|  0%| F|  |TAMS 0x00000000e5c00000, 0x00000000e5c00000| Untracked 
|  93|0x00000000e5d00000, 0x00000000e5d00000, 0x00000000e5e00000|  0%| F|  |TAMS 0x00000000e5d00000, 0x00000000e5d00000| Untracked 
|  94|0x00000000e5e00000, 0x00000000e5e00000, 0x00000000e5f00000|  0%| F|  |TAMS 0x00000000e5e00000, 0x00000000e5e00000| Untracked 
|  95|0x00000000e5f00000, 0x00000000e5f00000, 0x00000000e6000000|  0%| F|  |TAMS 0x00000000e5f00000, 0x00000000e5f00000| Untracked 
|  96|0x00000000e6000000, 0x00000000e6000000, 0x00000000e6100000|  0%| F|  |TAMS 0x00000000e6000000, 0x00000000e6000000| Untracked 
|  97|0x00000000e6100000, 0x00000000e6100000, 0x00000000e6200000|  0%| F|  |TAMS 0x00000000e6100000, 0x00000000e6100000| Untracked 
|  98|0x00000000e6200000, 0x00000000e6200000, 0x00000000e6300000|  0%| F|  |TAMS 0x00000000e6200000, 0x00000000e6200000| Untracked 
|  99|0x00000000e6300000, 0x00000000e6300000, 0x00000000e6400000|  0%| F|  |TAMS 0x00000000e6300000, 0x00000000e6300000| Untracked 
| 100|0x00000000e6400000, 0x00000000e6400000, 0x00000000e6500000|  0%| F|  |TAMS 0x00000000e6400000, 0x00000000e6400000| Untracked 
| 101|0x00000000e6500000, 0x00000000e6500000, 0x00000000e6600000|  0%| F|  |TAMS 0x00000000e6500000, 0x00000000e6500000| Untracked 
| 102|0x00000000e6600000, 0x00000000e6600000, 0x00000000e6700000|  0%| F|  |TAMS 0x00000000e6600000, 0x00000000e6600000| Untracked 
| 103|0x00000000e6700000, 0x00000000e6700000, 0x00000000e6800000|  0%| F|  |TAMS 0x00000000e6700000, 0x00000000e6700000| Untracked 
| 104|0x00000000e6800000, 0x00000000e6800000, 0x00000000e6900000|  0%| F|  |TAMS 0x00000000e6800000, 0x00000000e6800000| Untracked 
| 105|0x00000000e6900000, 0x00000000e6900000, 0x00000000e6a00000|  0%| F|  |TAMS 0x00000000e6900000, 0x00000000e6900000| Untracked 
| 106|0x00000000e6a00000, 0x00000000e6a00000, 0x00000000e6b00000|  0%| F|  |TAMS 0x00000000e6a00000, 0x00000000e6a00000| Untracked 
| 107|0x00000000e6b00000, 0x00000000e6b00000, 0x00000000e6c00000|  0%| F|  |TAMS 0x00000000e6b00000, 0x00000000e6b00000| Untracked 
| 108|0x00000000e6c00000, 0x00000000e6c00000, 0x00000000e6d00000|  0%| F|  |TAMS 0x00000000e6c00000, 0x00000000e6c00000| Untracked 
| 109|0x00000000e6d00000, 0x00000000e6d00000, 0x00000000e6e00000|  0%| F|  |TAMS 0x00000000e6d00000, 0x00000000e6d00000| Untracked 
| 110|0x00000000e6e00000, 0x00000000e6e00000, 0x00000000e6f00000|  0%| F|  |TAMS 0x00000000e6e00000, 0x00000000e6e00000| Untracked 
| 111|0x00000000e6f00000, 0x00000000e6f00000, 0x00000000e7000000|  0%| F|  |TAMS 0x00000000e6f00000, 0x00000000e6f00000| Untracked 
| 112|0x00000000e7000000, 0x00000000e7000000, 0x00000000e7100000|  0%| F|  |TAMS 0x00000000e7000000, 0x00000000e7000000| Untracked 
| 113|0x00000000e7100000, 0x00000000e7100000, 0x00000000e7200000|  0%| F|  |TAMS 0x00000000e7100000, 0x00000000e7100000| Untracked 
| 114|0x00000000e7200000, 0x00000000e7200000, 0x00000000e7300000|  0%| F|  |TAMS 0x00000000e7200000, 0x00000000e7200000| Untracked 
| 115|0x00000000e7300000, 0x00000000e7300000, 0x00000000e7400000|  0%| F|  |TAMS 0x00000000e7300000, 0x00000000e7300000| Untracked 
| 116|0x00000000e7400000, 0x00000000e7400000, 0x00000000e7500000|  0%| F|  |TAMS 0x00000000e7400000, 0x00000000e7400000| Untracked 
| 117|0x00000000e7500000, 0x00000000e7500000, 0x00000000e7600000|  0%| F|  |TAMS 0x00000000e7500000, 0x00000000e7500000| Untracked 
| 118|0x00000000e7600000, 0x00000000e7600000, 0x00000000e7700000|  0%| F|  |TAMS 0x00000000e7600000, 0x00000000e7600000| Untracked 
| 119|0x00000000e7700000, 0x00000000e7700000, 0x00000000e7800000|  0%| F|  |TAMS 0x00000000e7700000, 0x00000000e7700000| Untracked 
| 120|0x00000000e7800000, 0x00000000e7800000, 0x00000000e7900000|  0%| F|  |TAMS 0x00000000e7800000, 0x00000000e7800000| Untracked 
| 121|0x00000000e7900000, 0x00000000e7900000, 0x00000000e7a00000|  0%| F|  |TAMS 0x00000000e7900000, 0x00000000e7900000| Untracked 
| 122|0x00000000e7a00000, 0x00000000e7a00000, 0x00000000e7b00000|  0%| F|  |TAMS 0x00000000e7a00000, 0x00000000e7a00000| Untracked 
| 123|0x00000000e7b00000, 0x00000000e7b00000, 0x00000000e7c00000|  0%| F|  |TAMS 0x00000000e7b00000, 0x00000000e7b00000| Untracked 
| 124|0x00000000e7c00000, 0x00000000e7c00000, 0x00000000e7d00000|  0%| F|  |TAMS 0x00000000e7c00000, 0x00000000e7c00000| Untracked 
| 125|0x00000000e7d00000, 0x00000000e7d00000, 0x00000000e7e00000|  0%| F|  |TAMS 0x00000000e7d00000, 0x00000000e7d00000| Untracked 
| 126|0x00000000e7e00000, 0x00000000e7e00000, 0x00000000e7f00000|  0%| F|  |TAMS 0x00000000e7e00000, 0x00000000e7e00000| Untracked 
| 127|0x00000000e7f00000, 0x00000000e7f00000, 0x00000000e8000000|  0%| F|  |TAMS 0x00000000e7f00000, 0x00000000e7f00000| Untracked 
| 128|0x00000000e8000000, 0x00000000e8000000, 0x00000000e8100000|  0%| F|  |TAMS 0x00000000e8000000, 0x00000000e8000000| Untracked 
| 129|0x00000000e8100000, 0x00000000e8100000, 0x00000000e8200000|  0%| F|  |TAMS 0x00000000e8100000, 0x00000000e8100000| Untracked 
| 130|0x00000000e8200000, 0x00000000e8200000, 0x00000000e8300000|  0%| F|  |TAMS 0x00000000e8200000, 0x00000000e8200000| Untracked 
| 131|0x00000000e8300000, 0x00000000e8300000, 0x00000000e8400000|  0%| F|  |TAMS 0x00000000e8300000, 0x00000000e8300000| Untracked 
| 132|0x00000000e8400000, 0x00000000e8400000, 0x00000000e8500000|  0%| F|  |TAMS 0x00000000e8400000, 0x00000000e8400000| Untracked 
| 133|0x00000000e8500000, 0x00000000e8500000, 0x00000000e8600000|  0%| F|  |TAMS 0x00000000e8500000, 0x00000000e8500000| Untracked 
| 134|0x00000000e8600000, 0x00000000e8600000, 0x00000000e8700000|  0%| F|  |TAMS 0x00000000e8600000, 0x00000000e8600000| Untracked 
| 135|0x00000000e8700000, 0x00000000e8700000, 0x00000000e8800000|  0%| F|  |TAMS 0x00000000e8700000, 0x00000000e8700000| Untracked 
| 136|0x00000000e8800000, 0x00000000e8800000, 0x00000000e8900000|  0%| F|  |TAMS 0x00000000e8800000, 0x00000000e8800000| Untracked 
| 137|0x00000000e8900000, 0x00000000e8900000, 0x00000000e8a00000|  0%| F|  |TAMS 0x00000000e8900000, 0x00000000e8900000| Untracked 
| 138|0x00000000e8a00000, 0x00000000e8a00000, 0x00000000e8b00000|  0%| F|  |TAMS 0x00000000e8a00000, 0x00000000e8a00000| Untracked 
| 139|0x00000000e8b00000, 0x00000000e8b00000, 0x00000000e8c00000|  0%| F|  |TAMS 0x00000000e8b00000, 0x00000000e8b00000| Untracked 
| 140|0x00000000e8c00000, 0x00000000e8c00000, 0x00000000e8d00000|  0%| F|  |TAMS 0x00000000e8c00000, 0x00000000e8c00000| Untracked 
| 141|0x00000000e8d00000, 0x00000000e8d00000, 0x00000000e8e00000|  0%| F|  |TAMS 0x00000000e8d00000, 0x00000000e8d00000| Untracked 
| 142|0x00000000e8e00000, 0x00000000e8e00000, 0x00000000e8f00000|  0%| F|  |TAMS 0x00000000e8e00000, 0x00000000e8e00000| Untracked 
| 143|0x00000000e8f00000, 0x00000000e8f00000, 0x00000000e9000000|  0%| F|  |TAMS 0x00000000e8f00000, 0x00000000e8f00000| Untracked 
| 144|0x00000000e9000000, 0x00000000e9000000, 0x00000000e9100000|  0%| F|  |TAMS 0x00000000e9000000, 0x00000000e9000000| Untracked 
| 145|0x00000000e9100000, 0x00000000e9100000, 0x00000000e9200000|  0%| F|  |TAMS 0x00000000e9100000, 0x00000000e9100000| Untracked 
| 146|0x00000000e9200000, 0x00000000e9200000, 0x00000000e9300000|  0%| F|  |TAMS 0x00000000e9200000, 0x00000000e9200000| Untracked 
| 147|0x00000000e9300000, 0x00000000e9300000, 0x00000000e9400000|  0%| F|  |TAMS 0x00000000e9300000, 0x00000000e9300000| Untracked 
| 148|0x00000000e9400000, 0x00000000e9400000, 0x00000000e9500000|  0%| F|  |TAMS 0x00000000e9400000, 0x00000000e9400000| Untracked 
| 149|0x00000000e9500000, 0x00000000e9500000, 0x00000000e9600000|  0%| F|  |TAMS 0x00000000e9500000, 0x00000000e9500000| Untracked 
| 150|0x00000000e9600000, 0x00000000e9600000, 0x00000000e9700000|  0%| F|  |TAMS 0x00000000e9600000, 0x00000000e9600000| Untracked 
| 151|0x00000000e9700000, 0x00000000e9700000, 0x00000000e9800000|  0%| F|  |TAMS 0x00000000e9700000, 0x00000000e9700000| Untracked 
| 152|0x00000000e9800000, 0x00000000e9800000, 0x00000000e9900000|  0%| F|  |TAMS 0x00000000e9800000, 0x00000000e9800000| Untracked 
| 153|0x00000000e9900000, 0x00000000e9900000, 0x00000000e9a00000|  0%| F|  |TAMS 0x00000000e9900000, 0x00000000e9900000| Untracked 
| 154|0x00000000e9a00000, 0x00000000e9a00000, 0x00000000e9b00000|  0%| F|  |TAMS 0x00000000e9a00000, 0x00000000e9a00000| Untracked 
| 155|0x00000000e9b00000, 0x00000000e9b00000, 0x00000000e9c00000|  0%| F|  |TAMS 0x00000000e9b00000, 0x00000000e9b00000| Untracked 
| 156|0x00000000e9c00000, 0x00000000e9c00000, 0x00000000e9d00000|  0%| F|  |TAMS 0x00000000e9c00000, 0x00000000e9c00000| Untracked 
| 157|0x00000000e9d00000, 0x00000000e9d00000, 0x00000000e9e00000|  0%| F|  |TAMS 0x00000000e9d00000, 0x00000000e9d00000| Untracked 
| 158|0x00000000e9e00000, 0x00000000e9e00000, 0x00000000e9f00000|  0%| F|  |TAMS 0x00000000e9e00000, 0x00000000e9e00000| Untracked 
| 159|0x00000000e9f00000, 0x00000000e9f00000, 0x00000000ea000000|  0%| F|  |TAMS 0x00000000e9f00000, 0x00000000e9f00000| Untracked 
| 160|0x00000000ea000000, 0x00000000ea000000, 0x00000000ea100000|  0%| F|  |TAMS 0x00000000ea000000, 0x00000000ea000000| Untracked 
| 161|0x00000000ea100000, 0x00000000ea100000, 0x00000000ea200000|  0%| F|  |TAMS 0x00000000ea100000, 0x00000000ea100000| Untracked 
| 162|0x00000000ea200000, 0x00000000ea200000, 0x00000000ea300000|  0%| F|  |TAMS 0x00000000ea200000, 0x00000000ea200000| Untracked 
| 163|0x00000000ea300000, 0x00000000ea300000, 0x00000000ea400000|  0%| F|  |TAMS 0x00000000ea300000, 0x00000000ea300000| Untracked 
| 164|0x00000000ea400000, 0x00000000ea400000, 0x00000000ea500000|  0%| F|  |TAMS 0x00000000ea400000, 0x00000000ea400000| Untracked 
| 165|0x00000000ea500000, 0x00000000ea500000, 0x00000000ea600000|  0%| F|  |TAMS 0x00000000ea500000, 0x00000000ea500000| Untracked 
| 166|0x00000000ea600000, 0x00000000ea600000, 0x00000000ea700000|  0%| F|  |TAMS 0x00000000ea600000, 0x00000000ea600000| Untracked 
| 167|0x00000000ea700000, 0x00000000ea700000, 0x00000000ea800000|  0%| F|  |TAMS 0x00000000ea700000, 0x00000000ea700000| Untracked 
| 168|0x00000000ea800000, 0x00000000ea800000, 0x00000000ea900000|  0%| F|  |TAMS 0x00000000ea800000, 0x00000000ea800000| Untracked 
| 169|0x00000000ea900000, 0x00000000ea900000, 0x00000000eaa00000|  0%| F|  |TAMS 0x00000000ea900000, 0x00000000ea900000| Untracked 
| 170|0x00000000eaa00000, 0x00000000eaa00000, 0x00000000eab00000|  0%| F|  |TAMS 0x00000000eaa00000, 0x00000000eaa00000| Untracked 
| 171|0x00000000eab00000, 0x00000000eab00000, 0x00000000eac00000|  0%| F|  |TAMS 0x00000000eab00000, 0x00000000eab00000| Untracked 
| 172|0x00000000eac00000, 0x00000000eac00000, 0x00000000ead00000|  0%| F|  |TAMS 0x00000000eac00000, 0x00000000eac00000| Untracked 
| 173|0x00000000ead00000, 0x00000000ead00000, 0x00000000eae00000|  0%| F|  |TAMS 0x00000000ead00000, 0x00000000ead00000| Untracked 
| 174|0x00000000eae00000, 0x00000000eae00000, 0x00000000eaf00000|  0%| F|  |TAMS 0x00000000eae00000, 0x00000000eae00000| Untracked 
| 175|0x00000000eaf00000, 0x00000000eaf00000, 0x00000000eb000000|  0%| F|  |TAMS 0x00000000eaf00000, 0x00000000eaf00000| Untracked 
| 176|0x00000000eb000000, 0x00000000eb000000, 0x00000000eb100000|  0%| F|  |TAMS 0x00000000eb000000, 0x00000000eb000000| Untracked 
| 177|0x00000000eb100000, 0x00000000eb100000, 0x00000000eb200000|  0%| F|  |TAMS 0x00000000eb100000, 0x00000000eb100000| Untracked 
| 178|0x00000000eb200000, 0x00000000eb200000, 0x00000000eb300000|  0%| F|  |TAMS 0x00000000eb200000, 0x00000000eb200000| Untracked 
| 179|0x00000000eb300000, 0x00000000eb300000, 0x00000000eb400000|  0%| F|  |TAMS 0x00000000eb300000, 0x00000000eb300000| Untracked 
| 180|0x00000000eb400000, 0x00000000eb400000, 0x00000000eb500000|  0%| F|  |TAMS 0x00000000eb400000, 0x00000000eb400000| Untracked 
| 181|0x00000000eb500000, 0x00000000eb500000, 0x00000000eb600000|  0%| F|  |TAMS 0x00000000eb500000, 0x00000000eb500000| Untracked 
| 182|0x00000000eb600000, 0x00000000eb600000, 0x00000000eb700000|  0%| F|  |TAMS 0x00000000eb600000, 0x00000000eb600000| Untracked 
| 183|0x00000000eb700000, 0x00000000eb700000, 0x00000000eb800000|  0%| F|  |TAMS 0x00000000eb700000, 0x00000000eb700000| Untracked 
| 184|0x00000000eb800000, 0x00000000eb800000, 0x00000000eb900000|  0%| F|  |TAMS 0x00000000eb800000, 0x00000000eb800000| Untracked 
| 185|0x00000000eb900000, 0x00000000eb900000, 0x00000000eba00000|  0%| F|  |TAMS 0x00000000eb900000, 0x00000000eb900000| Untracked 
| 186|0x00000000eba00000, 0x00000000eba00000, 0x00000000ebb00000|  0%| F|  |TAMS 0x00000000eba00000, 0x00000000eba00000| Untracked 
| 187|0x00000000ebb00000, 0x00000000ebb00000, 0x00000000ebc00000|  0%| F|  |TAMS 0x00000000ebb00000, 0x00000000ebb00000| Untracked 
| 188|0x00000000ebc00000, 0x00000000ebc00000, 0x00000000ebd00000|  0%| F|  |TAMS 0x00000000ebc00000, 0x00000000ebc00000| Untracked 
| 189|0x00000000ebd00000, 0x00000000ebd00000, 0x00000000ebe00000|  0%| F|  |TAMS 0x00000000ebd00000, 0x00000000ebd00000| Untracked 
| 190|0x00000000ebe00000, 0x00000000ebe00000, 0x00000000ebf00000|  0%| F|  |TAMS 0x00000000ebe00000, 0x00000000ebe00000| Untracked 
| 191|0x00000000ebf00000, 0x00000000ebf00000, 0x00000000ec000000|  0%| F|  |TAMS 0x00000000ebf00000, 0x00000000ebf00000| Untracked 
| 192|0x00000000ec000000, 0x00000000ec000000, 0x00000000ec100000|  0%| F|  |TAMS 0x00000000ec000000, 0x00000000ec000000| Untracked 
| 193|0x00000000ec100000, 0x00000000ec100000, 0x00000000ec200000|  0%| F|  |TAMS 0x00000000ec100000, 0x00000000ec100000| Untracked 
| 194|0x00000000ec200000, 0x00000000ec200000, 0x00000000ec300000|  0%| F|  |TAMS 0x00000000ec200000, 0x00000000ec200000| Untracked 
| 195|0x00000000ec300000, 0x00000000ec300000, 0x00000000ec400000|  0%| F|  |TAMS 0x00000000ec300000, 0x00000000ec300000| Untracked 
| 196|0x00000000ec400000, 0x00000000ec400000, 0x00000000ec500000|  0%| F|  |TAMS 0x00000000ec400000, 0x00000000ec400000| Untracked 
| 197|0x00000000ec500000, 0x00000000ec500000, 0x00000000ec600000|  0%| F|  |TAMS 0x00000000ec500000, 0x00000000ec500000| Untracked 
| 198|0x00000000ec600000, 0x00000000ec600000, 0x00000000ec700000|  0%| F|  |TAMS 0x00000000ec600000, 0x00000000ec600000| Untracked 
| 199|0x00000000ec700000, 0x00000000ec700000, 0x00000000ec800000|  0%| F|  |TAMS 0x00000000ec700000, 0x00000000ec700000| Untracked 
| 200|0x00000000ec800000, 0x00000000ec800000, 0x00000000ec900000|  0%| F|  |TAMS 0x00000000ec800000, 0x00000000ec800000| Untracked 
| 201|0x00000000ec900000, 0x00000000ec9ff0a8, 0x00000000eca00000| 99%| S|CS|TAMS 0x00000000ec900000, 0x00000000ec900000| Complete 
| 202|0x00000000eca00000, 0x00000000ecb00000, 0x00000000ecb00000|100%| S|CS|TAMS 0x00000000eca00000, 0x00000000eca00000| Complete 
| 203|0x00000000ecb00000, 0x00000000ecc00000, 0x00000000ecc00000|100%| S|CS|TAMS 0x00000000ecb00000, 0x00000000ecb00000| Complete 
| 204|0x00000000ecc00000, 0x00000000ecd00000, 0x00000000ecd00000|100%| S|CS|TAMS 0x00000000ecc00000, 0x00000000ecc00000| Complete 
| 205|0x00000000ecd00000, 0x00000000ecd00000, 0x00000000ece00000|  0%| F|  |TAMS 0x00000000ecd00000, 0x00000000ecd00000| Untracked 
| 206|0x00000000ece00000, 0x00000000ece00000, 0x00000000ecf00000|  0%| F|  |TAMS 0x00000000ece00000, 0x00000000ece00000| Untracked 
| 207|0x00000000ecf00000, 0x00000000ecf00000, 0x00000000ed000000|  0%| F|  |TAMS 0x00000000ecf00000, 0x00000000ecf00000| Untracked 
| 208|0x00000000ed000000, 0x00000000ed000000, 0x00000000ed100000|  0%| F|  |TAMS 0x00000000ed000000, 0x00000000ed000000| Untracked 
| 209|0x00000000ed100000, 0x00000000ed100000, 0x00000000ed200000|  0%| F|  |TAMS 0x00000000ed100000, 0x00000000ed100000| Untracked 
| 210|0x00000000ed200000, 0x00000000ed200000, 0x00000000ed300000|  0%| F|  |TAMS 0x00000000ed200000, 0x00000000ed200000| Untracked 
| 211|0x00000000ed300000, 0x00000000ed400000, 0x00000000ed400000|100%| S|CS|TAMS 0x00000000ed300000, 0x00000000ed300000| Complete 
| 212|0x00000000ed400000, 0x00000000ed500000, 0x00000000ed500000|100%| S|CS|TAMS 0x00000000ed400000, 0x00000000ed400000| Complete 
| 213|0x00000000ed500000, 0x00000000ed600000, 0x00000000ed600000|100%| S|CS|TAMS 0x00000000ed500000, 0x00000000ed500000| Complete 
| 214|0x00000000ed600000, 0x00000000ed700000, 0x00000000ed700000|100%| S|CS|TAMS 0x00000000ed600000, 0x00000000ed600000| Complete 
| 215|0x00000000ed700000, 0x00000000ed800000, 0x00000000ed800000|100%| S|CS|TAMS 0x00000000ed700000, 0x00000000ed700000| Complete 
| 216|0x00000000ed800000, 0x00000000ed900000, 0x00000000ed900000|100%| S|CS|TAMS 0x00000000ed800000, 0x00000000ed800000| Complete 
| 217|0x00000000ed900000, 0x00000000ed900000, 0x00000000eda00000|  0%| F|  |TAMS 0x00000000ed900000, 0x00000000ed900000| Untracked 
| 218|0x00000000eda00000, 0x00000000edaf9d20, 0x00000000edb00000| 97%| E|  |TAMS 0x00000000eda00000, 0x00000000eda00000| Complete 
| 219|0x00000000edb00000, 0x00000000edc00000, 0x00000000edc00000|100%| E|CS|TAMS 0x00000000edb00000, 0x00000000edb00000| Complete 
| 220|0x00000000edc00000, 0x00000000edd00000, 0x00000000edd00000|100%| E|CS|TAMS 0x00000000edc00000, 0x00000000edc00000| Complete 
| 221|0x00000000edd00000, 0x00000000ede00000, 0x00000000ede00000|100%| E|CS|TAMS 0x00000000edd00000, 0x00000000edd00000| Complete 
| 222|0x00000000ede00000, 0x00000000edf00000, 0x00000000edf00000|100%| E|CS|TAMS 0x00000000ede00000, 0x00000000ede00000| Complete 
| 223|0x00000000edf00000, 0x00000000ee000000, 0x00000000ee000000|100%| E|CS|TAMS 0x00000000edf00000, 0x00000000edf00000| Complete 
| 224|0x00000000ee000000, 0x00000000ee100000, 0x00000000ee100000|100%| E|CS|TAMS 0x00000000ee000000, 0x00000000ee000000| Complete 
| 225|0x00000000ee100000, 0x00000000ee200000, 0x00000000ee200000|100%| E|CS|TAMS 0x00000000ee100000, 0x00000000ee100000| Complete 
| 226|0x00000000ee200000, 0x00000000ee300000, 0x00000000ee300000|100%| E|CS|TAMS 0x00000000ee200000, 0x00000000ee200000| Complete 
| 227|0x00000000ee300000, 0x00000000ee400000, 0x00000000ee400000|100%| E|CS|TAMS 0x00000000ee300000, 0x00000000ee300000| Complete 
| 228|0x00000000ee400000, 0x00000000ee500000, 0x00000000ee500000|100%| E|CS|TAMS 0x00000000ee400000, 0x00000000ee400000| Complete 
| 229|0x00000000ee500000, 0x00000000ee600000, 0x00000000ee600000|100%| E|CS|TAMS 0x00000000ee500000, 0x00000000ee500000| Complete 
| 230|0x00000000ee600000, 0x00000000ee700000, 0x00000000ee700000|100%| E|CS|TAMS 0x00000000ee600000, 0x00000000ee600000| Complete 
| 231|0x00000000ee700000, 0x00000000ee800000, 0x00000000ee800000|100%| E|CS|TAMS 0x00000000ee700000, 0x00000000ee700000| Complete 
| 232|0x00000000ee800000, 0x00000000ee900000, 0x00000000ee900000|100%| E|CS|TAMS 0x00000000ee800000, 0x00000000ee800000| Complete 
| 233|0x00000000ee900000, 0x00000000eea00000, 0x00000000eea00000|100%| E|CS|TAMS 0x00000000ee900000, 0x00000000ee900000| Complete 
| 234|0x00000000eea00000, 0x00000000eeb00000, 0x00000000eeb00000|100%| E|CS|TAMS 0x00000000eea00000, 0x00000000eea00000| Complete 
| 235|0x00000000eeb00000, 0x00000000eec00000, 0x00000000eec00000|100%| E|CS|TAMS 0x00000000eeb00000, 0x00000000eeb00000| Complete 
| 236|0x00000000eec00000, 0x00000000eed00000, 0x00000000eed00000|100%| E|CS|TAMS 0x00000000eec00000, 0x00000000eec00000| Complete 
| 237|0x00000000eed00000, 0x00000000eee00000, 0x00000000eee00000|100%| E|CS|TAMS 0x00000000eed00000, 0x00000000eed00000| Complete 
| 238|0x00000000eee00000, 0x00000000eef00000, 0x00000000eef00000|100%| E|  |TAMS 0x00000000eee00000, 0x00000000eee00000| Complete 
| 239|0x00000000eef00000, 0x00000000ef000000, 0x00000000ef000000|100%| E|CS|TAMS 0x00000000eef00000, 0x00000000eef00000| Complete 
| 240|0x00000000ef000000, 0x00000000ef100000, 0x00000000ef100000|100%| E|CS|TAMS 0x00000000ef000000, 0x00000000ef000000| Complete 
| 241|0x00000000ef100000, 0x00000000ef200000, 0x00000000ef200000|100%| E|CS|TAMS 0x00000000ef100000, 0x00000000ef100000| Complete 
| 242|0x00000000ef200000, 0x00000000ef300000, 0x00000000ef300000|100%| E|CS|TAMS 0x00000000ef200000, 0x00000000ef200000| Complete 
| 243|0x00000000ef300000, 0x00000000ef400000, 0x00000000ef400000|100%| E|CS|TAMS 0x00000000ef300000, 0x00000000ef300000| Complete 
| 244|0x00000000ef400000, 0x00000000ef500000, 0x00000000ef500000|100%| E|CS|TAMS 0x00000000ef400000, 0x00000000ef400000| Complete 
| 245|0x00000000ef500000, 0x00000000ef600000, 0x00000000ef600000|100%| E|CS|TAMS 0x00000000ef500000, 0x00000000ef500000| Complete 
| 246|0x00000000ef600000, 0x00000000ef700000, 0x00000000ef700000|100%| E|CS|TAMS 0x00000000ef600000, 0x00000000ef600000| Complete 
| 247|0x00000000ef700000, 0x00000000ef800000, 0x00000000ef800000|100%| E|CS|TAMS 0x00000000ef700000, 0x00000000ef700000| Complete 
| 248|0x00000000ef800000, 0x00000000ef900000, 0x00000000ef900000|100%| E|CS|TAMS 0x00000000ef800000, 0x00000000ef800000| Complete 
| 249|0x00000000ef900000, 0x00000000efa00000, 0x00000000efa00000|100%| E|CS|TAMS 0x00000000ef900000, 0x00000000ef900000| Complete 
| 250|0x00000000efa00000, 0x00000000efb00000, 0x00000000efb00000|100%| E|CS|TAMS 0x00000000efa00000, 0x00000000efa00000| Complete 
| 251|0x00000000efb00000, 0x00000000efc00000, 0x00000000efc00000|100%| E|CS|TAMS 0x00000000efb00000, 0x00000000efb00000| Complete 
| 252|0x00000000efc00000, 0x00000000efd00000, 0x00000000efd00000|100%| E|CS|TAMS 0x00000000efc00000, 0x00000000efc00000| Complete 
| 253|0x00000000efd00000, 0x00000000efe00000, 0x00000000efe00000|100%| E|CS|TAMS 0x00000000efd00000, 0x00000000efd00000| Complete 
| 254|0x00000000efe00000, 0x00000000eff00000, 0x00000000eff00000|100%| E|CS|TAMS 0x00000000efe00000, 0x00000000efe00000| Complete 
| 255|0x00000000eff00000, 0x00000000f0000000, 0x00000000f0000000|100%| E|CS|TAMS 0x00000000eff00000, 0x00000000eff00000| Complete 

Card table byte_map: [0x00000220518b0000,0x00000220519b0000] _byte_map_base: 0x00000220511b0000

Marking Bits (Prev, Next): (CMBitMap*) 0x000002203edcfc70, (CMBitMap*) 0x000002203edcfc30
 Prev Bits: [0x00000220522b0000, 0x0000022052ab0000)
 Next Bits: [0x0000022051ab0000, 0x00000220522b0000)

Polling page: 0x000002203cc90000

Metaspace:

Usage:
  Non-class:     22.81 MB used.
      Class:      3.33 MB used.
       Both:     26.14 MB used.

Virtual space:
  Non-class space:       64.00 MB reserved,      22.94 MB ( 36%) committed,  1 nodes.
      Class space:      208.00 MB reserved,       3.44 MB (  2%) committed,  1 nodes.
             Both:      272.00 MB reserved,      26.38 MB ( 10%) committed. 

Chunk freelists:
   Non-Class:  8.95 MB
       Class:  12.44 MB
        Both:  21.39 MB

MaxMetaspaceSize: 256.00 MB
CompressedClassSpaceSize: 208.00 MB
Initial GC threshold: 21.00 MB
Current GC threshold: 35.12 MB
CDS: off
MetaspaceReclaimPolicy: balanced
 - commit_granule_bytes: 65536.
 - commit_granule_words: 8192.
 - virtual_space_node_default_size: 8388608.
 - enlarge_chunks_in_place: 1.
 - new_chunks_are_fully_committed: 0.
 - uncommit_free_chunks: 1.
 - use_allocation_guard: 0.
 - handle_deallocations: 1.


Internal statistics:

num_allocs_failed_limit: 3.
num_arena_births: 188.
num_arena_deaths: 0.
num_vsnodes_births: 2.
num_vsnodes_deaths: 0.
num_space_committed: 422.
num_space_uncommitted: 0.
num_chunks_returned_to_freelist: 3.
num_chunks_taken_from_freelist: 787.
num_chunk_merges: 0.
num_chunk_splits: 519.
num_chunks_enlarged: 396.
num_inconsistent_stats: 0.

CodeHeap 'non-profiled nmethods': size=120064Kb used=1124Kb max_used=1124Kb free=118939Kb
 bounds [0x0000022049d20000, 0x0000022049f90000, 0x0000022051260000]
CodeHeap 'profiled nmethods': size=120000Kb used=5191Kb max_used=5191Kb free=114808Kb
 bounds [0x0000022042260000, 0x0000022042780000, 0x0000022049790000]
CodeHeap 'non-nmethods': size=5696Kb used=1220Kb max_used=1234Kb free=4475Kb
 bounds [0x0000022049790000, 0x0000022049a00000, 0x0000022049d20000]
 total_blobs=3058 nmethods=2535 adapters=435
 compilation: enabled
              stopped_count=0, restarted_count=0
 full_count=0

Compilation events (20 events):
Event: 11.095 Thread 0x000002205591b3e0 2524       3       sun.reflect.annotation.AnnotationParser$$Lambda$31/0x00000001000acee8::<init> (20 bytes)
Event: 11.095 Thread 0x000002205591b3e0 nmethod 2524 0x0000022042762e10 code [0x0000022042762fc0, 0x0000022042763238]
Event: 11.108 Thread 0x000002205591b3e0 2526       3       jdk.proxy1.$Proxy4::<init> (6 bytes)
Event: 11.108 Thread 0x000002205591b3e0 nmethod 2526 0x0000022042763310 code [0x00000220427634e0, 0x0000022042763868]
Event: 11.108 Thread 0x000002205591b3e0 2527   !   3       jdk.proxy1.$Proxy4::annotationType (29 bytes)
Event: 11.109 Thread 0x000002205591b3e0 nmethod 2527 0x0000022042763a10 code [0x0000022042763be0, 0x0000022042763fb8]
Event: 11.118 Thread 0x000002205591b3e0 2528   !   3       java.util.concurrent.LinkedBlockingQueue::poll (128 bytes)
Event: 11.120 Thread 0x000002205591b3e0 nmethod 2528 0x0000022042764190 code [0x0000022042764580, 0x0000022042766238]
Event: 11.123 Thread 0x000002205591b3e0 2529       3       sun.reflect.annotation.AnnotationInvocationHandler::cloneArray (143 bytes)
Event: 11.125 Thread 0x000002205591b3e0 nmethod 2529 0x0000022042766f10 code [0x0000022042767200, 0x0000022042768568]
Event: 11.134 Thread 0x000002205591b3e0 2530       3       org.gradle.launcher.daemon.server.exec.DaemonConnectionBackedEventConsumer$ForwardEvents::moreMessagesToSend (35 bytes)
Event: 11.134 Thread 0x000002205591b3e0 nmethod 2530 0x0000022042768890 code [0x0000022042768a40, 0x0000022042768d08]
Event: 11.134 Thread 0x000002205591b3e0 2531   !   3       org.gradle.launcher.daemon.server.exec.DaemonConnectionBackedEventConsumer$ForwardEvents::getNextEvent (27 bytes)
Event: 11.135 Thread 0x000002205591b3e0 nmethod 2531 0x0000022042768e10 code [0x0000022042768fc0, 0x0000022042769248]
Event: 11.146 Thread 0x000002205591b3e0 2532       3       java.lang.Class::copyConstructors (38 bytes)
Event: 11.147 Thread 0x000002205591b3e0 nmethod 2532 0x0000022042769390 code [0x0000022042769600, 0x000002204276a118]
Event: 11.156 Thread 0x000002205591b3e0 2533   !   3       jdk.internal.reflect.GeneratedConstructorAccessor2::newInstance (53 bytes)
Event: 11.156 Thread 0x000002205591b3e0 nmethod 2533 0x000002204276a590 code [0x000002204276a7c0, 0x000002204276b028]
Event: 11.339 Thread 0x000002205591b3e0 2534       3       java.util.Collection::stream (11 bytes)
Event: 11.340 Thread 0x000002205591b3e0 nmethod 2534 0x000002204276b490 code [0x000002204276b640, 0x000002204276b838]

GC Heap History (8 events):
Event: 1.443 GC heap before
{Heap before GC invocations=0 (full 0):
 garbage-first heap   total 262144K, used 23552K [0x00000000e0000000, 0x0000000100000000)
  region size 1024K, 23 young (23552K), 0 survivors (0K)
 Metaspace       used 7722K, committed 7872K, reserved 278528K
  class space    used 670K, committed 704K, reserved 212992K
}
Event: 1.459 GC heap after
{Heap after GC invocations=1 (full 0):
 garbage-first heap   total 262144K, used 4363K [0x00000000e0000000, 0x0000000100000000)
  region size 1024K, 3 young (3072K), 3 survivors (3072K)
 Metaspace       used 7722K, committed 7872K, reserved 278528K
  class space    used 670K, committed 704K, reserved 212992K
}
Event: 3.430 GC heap before
{Heap before GC invocations=1 (full 0):
 garbage-first heap   total 262144K, used 40203K [0x00000000e0000000, 0x0000000100000000)
  region size 1024K, 35 young (35840K), 3 survivors (3072K)
 Metaspace       used 11816K, committed 11968K, reserved 278528K
  class space    used 1255K, committed 1344K, reserved 212992K
}
Event: 3.445 GC heap after
{Heap after GC invocations=2 (full 0):
 garbage-first heap   total 262144K, used 11393K [0x00000000e0000000, 0x0000000100000000)
  region size 1024K, 5 young (5120K), 5 survivors (5120K)
 Metaspace       used 11816K, committed 11968K, reserved 278528K
  class space    used 1255K, committed 1344K, reserved 212992K
}
Event: 4.514 GC heap before
{Heap before GC invocations=2 (full 0):
 garbage-first heap   total 262144K, used 54401K [0x00000000e0000000, 0x0000000100000000)
  region size 1024K, 45 young (46080K), 5 survivors (5120K)
 Metaspace       used 11946K, committed 12160K, reserved 278528K
  class space    used 1261K, committed 1344K, reserved 212992K
}
Event: 4.530 GC heap after
{Heap after GC invocations=3 (full 0):
 garbage-first heap   total 262144K, used 16073K [0x00000000e0000000, 0x0000000100000000)
  region size 1024K, 6 young (6144K), 6 survivors (6144K)
 Metaspace       used 11946K, committed 12160K, reserved 278528K
  class space    used 1261K, committed 1344K, reserved 212992K
}
Event: 7.563 GC heap before
{Heap before GC invocations=3 (full 0):
 garbage-first heap   total 262144K, used 54985K [0x00000000e0000000, 0x0000000100000000)
  region size 1024K, 45 young (46080K), 6 survivors (6144K)
 Metaspace       used 21300K, committed 21504K, reserved 278528K
  class space    used 2516K, committed 2624K, reserved 212992K
}
Event: 7.575 GC heap after
{Heap after GC invocations=4 (full 0):
 garbage-first heap   total 262144K, used 20165K [0x00000000e0000000, 0x0000000100000000)
  region size 1024K, 10 young (10240K), 10 survivors (10240K)
 Metaspace       used 21300K, committed 21504K, reserved 278528K
  class space    used 2516K, committed 2624K, reserved 212992K
}

Dll operation events (3 events):
Event: 0.035 Loaded shared library C:\Program Files\Android\Android Studio\jbr\bin\java.dll
Event: 0.412 Loaded shared library C:\Program Files\Android\Android Studio\jbr\bin\zip.dll
Event: 1.712 Loaded shared library C:\Program Files\Android\Android Studio\jbr\bin\verify.dll

Deoptimization events (20 events):
Event: 8.456 Thread 0x000002205addb380 Uncommon trap: trap_request=0xffffff45 fr.pc=0x0000022049d907c8 relative=0x00000000000005a8
Event: 8.456 Thread 0x000002205addb380 Uncommon trap: reason=unstable_if action=reinterpret pc=0x0000022049d907c8 method=java.io.File.getName()Ljava/lang/String; @ 16 c2
Event: 8.456 Thread 0x000002205addb380 DEOPT PACKING pc=0x0000022049d907c8 sp=0x0000009a4c0fae40
Event: 8.456 Thread 0x000002205addb380 DEOPT UNPACKING pc=0x00000220497e69a3 sp=0x0000009a4c0fae10 mode 2
Event: 8.507 Thread 0x000002205addb380 DEOPT PACKING pc=0x0000022042628808 sp=0x0000009a4c0fa930
Event: 8.507 Thread 0x000002205addb380 DEOPT UNPACKING pc=0x00000220497e7143 sp=0x0000009a4c0f9e38 mode 0
Event: 8.589 Thread 0x000002205addb380 Uncommon trap: trap_request=0xffffff45 fr.pc=0x0000022049da87f4 relative=0x00000000000000d4
Event: 8.589 Thread 0x000002205addb380 Uncommon trap: reason=unstable_if action=reinterpret pc=0x0000022049da87f4 method=java.util.HashMap.hash(Ljava/lang/Object;)I @ 1 c2
Event: 8.589 Thread 0x000002205addb380 DEOPT PACKING pc=0x0000022049da87f4 sp=0x0000009a4c0fbe50
Event: 8.589 Thread 0x000002205addb380 DEOPT UNPACKING pc=0x00000220497e69a3 sp=0x0000009a4c0fbd90 mode 2
Event: 8.660 Thread 0x000002205addb380 Uncommon trap: trap_request=0xffffff45 fr.pc=0x0000022049dec644 relative=0x0000000000000724
Event: 8.660 Thread 0x000002205addb380 Uncommon trap: reason=unstable_if action=reinterpret pc=0x0000022049dec644 method=java.util.ArrayList.grow(I)[Ljava/lang/Object; @ 17 c2
Event: 8.660 Thread 0x000002205addb380 DEOPT PACKING pc=0x0000022049dec644 sp=0x0000009a4c0fcbb0
Event: 8.660 Thread 0x000002205addb380 DEOPT UNPACKING pc=0x00000220497e69a3 sp=0x0000009a4c0fca48 mode 2
Event: 11.074 Thread 0x000002205addb380 DEOPT PACKING pc=0x0000022042659892 sp=0x0000009a4c0fb960
Event: 11.074 Thread 0x000002205addb380 DEOPT UNPACKING pc=0x00000220497e7143 sp=0x0000009a4c0fae70 mode 0
Event: 11.141 Thread 0x000002205addb380 DEOPT PACKING pc=0x0000022042659871 sp=0x0000009a4c0fb4e0
Event: 11.141 Thread 0x000002205addb380 DEOPT UNPACKING pc=0x00000220497e7143 sp=0x0000009a4c0fa9f0 mode 0
Event: 11.150 Thread 0x000002205addb380 DEOPT PACKING pc=0x0000022042659892 sp=0x0000009a4c0fbcc0
Event: 11.150 Thread 0x000002205addb380 DEOPT UNPACKING pc=0x00000220497e7143 sp=0x0000009a4c0fb1d0 mode 0

Classes unloaded (0 events):
No events

Classes redefined (0 events):
No events

Internal exceptions (20 events):
Event: 6.257 Thread 0x000002203eda1c80 Exception <a 'java/lang/NoSuchMethodError'{0x00000000eea32920}: 'void java.lang.invoke.DirectMethodHandle$Holder.invokeStatic(java.lang.Object, java.lang.Object, java.lang.Object)'> (0x00000000eea32920) 
thrown [s\src\hotspot\share\interpreter\linkResolver.cpp, line 771]
Event: 6.349 Thread 0x000002203eda1c80 Exception <a 'java/io/IOException'{0x00000000ee95bd90}> (0x00000000ee95bd90) 
thrown [s\src\hotspot\share\prims\jni.cpp, line 517]
Event: 6.357 Thread 0x000002203eda1c80 Implicit null exception at 0x0000022049d5b372 to 0x0000022049d5b948
Event: 6.366 Thread 0x000002203eda1c80 Exception <a 'java/lang/NoSuchMethodError'{0x00000000ee9bd228}: 'java.lang.Object java.lang.invoke.DirectMethodHandle$Holder.newInvokeSpecial(java.lang.Object, java.lang.Object, java.lang.Object, java.lang.Object, java.lang.Object)'> (0x00000000ee9bd228) 
thrown [s\src\hotspot\share\interpreter\linkResolver.cpp, line 771]
Event: 7.078 Thread 0x000002205addc7c0 Exception <a 'java/lang/NoSuchMethodError'{0x00000000ee307b90}: 'void java.lang.invoke.DirectMethodHandle$Holder.invokeSpecial(java.lang.Object, java.lang.Object, java.lang.Object)'> (0x00000000ee307b90) 
thrown [s\src\hotspot\share\interpreter\linkResolver.cpp, line 771]
Event: 7.266 Thread 0x000002205addb380 Exception <a 'java/lang/NoSuchMethodError'{0x00000000ee0bf648}: 'long java.lang.invoke.DirectMethodHandle$Holder.invokeInterface(java.lang.Object, java.lang.Object)'> (0x00000000ee0bf648) 
thrown [s\src\hotspot\share\interpreter\linkResolver.cpp, line 771]
Event: 7.466 Thread 0x000002205addb380 Exception <a 'java/lang/NoSuchMethodError'{0x00000000edb97460}: 'void java.lang.invoke.DirectMethodHandle$Holder.invokeStatic(java.lang.Object, java.lang.Object)'> (0x00000000edb97460) 
thrown [s\src\hotspot\share\interpreter\linkResolver.cpp, line 771]
Event: 7.639 Thread 0x000002205addb380 Exception <a 'java/lang/NoSuchMethodError'{0x00000000efe26088}: 'int java.lang.invoke.DirectMethodHandle$Holder.invokeVirtual(java.lang.Object, java.lang.Object, java.lang.Object)'> (0x00000000efe26088) 
thrown [s\src\hotspot\share\interpreter\linkResolver.cpp, line 771]
Event: 7.725 Thread 0x000002205addb380 Exception <a 'java/lang/NoSuchMethodError'{0x00000000efb3da28}: 'java.lang.Object java.lang.invoke.DirectMethodHandle$Holder.newInvokeSpecial(java.lang.Object, java.lang.Object, java.lang.Object, java.lang.Object, java.lang.Object, java.lang.Object)'> (0x00000000efb3da28) 
thrown [s\src\hotspot\share\interpreter\linkResolver.cpp, line 771]
Event: 7.942 Thread 0x000002205addb380 Exception <a 'java/lang/NoSuchMethodError'{0x00000000ef845708}: 'void java.lang.invoke.DelegatingMethodHandle$Holder.reinvoke_L(java.lang.Object, java.lang.Object, java.lang.Object, java.lang.Object, java.lang.Object, java.lang.Object, java.lang.Object, java.lang.Object, java.lang.Object, java.lang.Object)'> (0x00000000ef845708) 
thrown [s\src\hotspot\share\interpreter\linkResolver.cpp, line 771]
Event: 7.942 Thread 0x000002205addb380 Exception <a 'java/lang/NoSuchMethodError'{0x00000000ef84dcb8}: 'java.lang.Object java.lang.invoke.DirectMethodHandle$Holder.invokeSpecial(java.lang.Object, java.lang.Object, java.lang.Object, java.lang.Object, java.lang.Object, java.lang.Object, java.lang.Object, java.lang.Object, java.lang.Object, java.lang.Object)'> (0x00000000ef84dcb8) 
thrown [s\src\hotspot\share\interpreter\linkResolver.cpp, line 771]
Event: 7.943 Thread 0x000002205addb380 Exception <a 'java/lang/NoSuchMethodError'{0x00000000ef852588}: 'java.lang.Object java.lang.invoke.Invokers$Holder.invoker(java.lang.Object, java.lang.Object, java.lang.Object, java.lang.Object, java.lang.Object, java.lang.Object, java.lang.Object, java.lang.Object, java.lang.Object, java.lang.Object)'> (0x00000000ef852588) 
thrown [s\src\hotspot\share\interpreter\linkResolver.cpp, line 771]
Event: 7.943 Thread 0x000002205addb380 Exception <a 'java/lang/NoSuchMethodError'{0x00000000ef858190}: 'java.lang.Object java.lang.invoke.DirectMethodHandle$Holder.invokeSpecial(java.lang.Object, java.lang.Object, java.lang.Object, java.lang.Object, java.lang.Object, java.lang.Object, java.lang.Object, java.lang.Object, java.lang.Object, java.lang.Object, java.lang.Object)'> (0x00000000ef858190) 
thrown [s\src\hotspot\share\interpreter\linkResolver.cpp, line 771]
Event: 8.338 Thread 0x000002205addb380 Exception <a 'java/lang/NoSuchMethodError'{0x00000000ef049ee0}: 'java.lang.Object java.lang.invoke.DirectMethodHandle$Holder.newInvokeSpecial(java.lang.Object, java.lang.Object, int)'> (0x00000000ef049ee0) 
thrown [s\src\hotspot\share\interpreter\linkResolver.cpp, line 771]
Event: 8.550 Thread 0x000002205addb380 Exception <a 'java/lang/NoSuchMethodError'{0x00000000eea67168}: 'int java.lang.invoke.DirectMethodHandle$Holder.invokeSpecialIFC(java.lang.Object, java.lang.Object, java.lang.Object, java.lang.Object)'> (0x00000000eea67168) 
thrown [s\src\hotspot\share\interpreter\linkResolver.cpp, line 771]
Event: 8.555 Thread 0x000002205addb380 Exception <a 'java/lang/NoSuchMethodError'{0x00000000eea76300}: 'java.lang.Object java.lang.invoke.DirectMethodHandle$Holder.invokeInterface(java.lang.Object, java.lang.Object, java.lang.Object)'> (0x00000000eea76300) 
thrown [s\src\hotspot\share\interpreter\linkResolver.cpp, line 771]
Event: 8.556 Thread 0x000002205addb380 Exception <a 'java/lang/IncompatibleClassChangeError'{0x00000000eea7a1c0}: Found class java.lang.Object, but interface was expected> (0x00000000eea7a1c0) 
thrown [s\src\hotspot\share\interpreter\linkResolver.cpp, line 838]
Event: 8.589 Thread 0x000002205addb380 Implicit null exception at 0x0000022049da8758 to 0x0000022049da87ea
Event: 8.621 Thread 0x000002205addb380 Exception <a 'java/lang/NoSuchMethodError'{0x00000000ee8775c0}: 'int java.lang.invoke.DirectMethodHandle$Holder.invokeStatic(java.lang.Object, java.lang.Object, java.lang.Object, java.lang.Object)'> (0x00000000ee8775c0) 
thrown [s\src\hotspot\share\interpreter\linkResolver.cpp, line 771]
Event: 8.622 Thread 0x000002205addb380 Exception <a 'java/lang/NoSuchMethodError'{0x00000000ee87b490}: 'java.lang.Object java.lang.invoke.Invokers$Holder.invokeExact_MT(java.lang.Object, java.lang.Object, java.lang.Object, java.lang.Object, java.lang.Object, java.lang.Object)'> (0x00000000ee87b490) 
thrown [s\src\hotspot\share\interpreter\linkResolver.cpp, line 771]

VM Operations (20 events):
Event: 6.760 Executing VM operation: HandshakeAllThreads
Event: 6.760 Executing VM operation: HandshakeAllThreads done
Event: 6.760 Executing VM operation: Cleanup
Event: 6.761 Executing VM operation: Cleanup done
Event: 7.562 Executing VM operation: CollectForMetadataAllocation
Event: 7.575 Executing VM operation: CollectForMetadataAllocation done
Event: 7.586 Executing VM operation: G1PauseRemark
Event: 7.593 Executing VM operation: G1PauseRemark done
Event: 7.595 Executing VM operation: G1PauseCleanup
Event: 7.595 Executing VM operation: G1PauseCleanup done
Event: 8.604 Executing VM operation: Cleanup
Event: 8.605 Executing VM operation: Cleanup done
Event: 8.736 Executing VM operation: HandshakeAllThreads
Event: 8.736 Executing VM operation: HandshakeAllThreads done
Event: 8.736 Executing VM operation: HandshakeAllThreads
Event: 8.736 Executing VM operation: HandshakeAllThreads done
Event: 9.743 Executing VM operation: Cleanup
Event: 9.744 Executing VM operation: Cleanup done
Event: 11.762 Executing VM operation: Cleanup
Event: 12.185 Executing VM operation: Cleanup done

Events (20 events):
Event: 8.471 loading class java/io/PrintWriter done
Event: 8.506 loading class java/io/DeleteOnExitHook
Event: 8.507 loading class java/io/DeleteOnExitHook done
Event: 8.507 loading class java/io/DeleteOnExitHook$1
Event: 8.507 loading class java/io/DeleteOnExitHook$1 done
Event: 8.522 Loaded shared library C:\Users\Jerusha\AppData\Local\Temp\native-platform10370802288219387759dir\gradle-fileevents.dll
Event: 8.545 loading class java/util/concurrent/Semaphore
Event: 8.545 loading class java/util/concurrent/Semaphore done
Event: 8.548 loading class java/nio/file/FileVisitOption
Event: 8.548 loading class java/nio/file/FileVisitOption done
Event: 8.557 loading class java/util/stream/ReduceOps$1
Event: 8.558 loading class java/util/stream/ReduceOps$1 done
Event: 8.558 loading class java/util/stream/ReduceOps$1ReducingSink
Event: 8.558 loading class java/util/stream/ReduceOps$1ReducingSink done
Event: 11.036 loading class java/util/function/LongFunction
Event: 11.036 loading class java/util/function/LongFunction done
Event: 11.140 loading class java/security/InvalidKeyException
Event: 11.140 loading class java/security/KeyException
Event: 11.140 loading class java/security/KeyException done
Event: 11.140 loading class java/security/InvalidKeyException done


Dynamic libraries:
0x00007ff7b8ad0000 - 0x00007ff7b8ada000 	C:\Program Files\Android\Android Studio\jbr\bin\java.exe
0x00007ffae2e80000 - 0x00007ffae30e8000 	C:\WINDOWS\SYSTEM32\ntdll.dll
0x00007ffae1cf0000 - 0x00007ffae1db9000 	C:\WINDOWS\System32\KERNEL32.DLL
0x00007ffae0820000 - 0x00007ffae0c18000 	C:\WINDOWS\System32\KERNELBASE.dll
0x00007ffadc950000 - 0x00007ffadc9ef000 	C:\WINDOWS\SYSTEM32\apphelp.dll
0x00007ffae0410000 - 0x00007ffae055b000 	C:\WINDOWS\System32\ucrtbase.dll
0x00007ffac1330000 - 0x00007ffac1347000 	C:\Program Files\Android\Android Studio\jbr\bin\jli.dll
0x00007ffac0cf0000 - 0x00007ffac0d0b000 	C:\Program Files\Android\Android Studio\jbr\bin\VCRUNTIME140.dll
0x00007ffae2c70000 - 0x00007ffae2e37000 	C:\WINDOWS\System32\USER32.dll
0x00007ffac4170000 - 0x00007ffac4404000 	C:\WINDOWS\WinSxS\amd64_microsoft.windows.common-controls_6595b64144ccf1df_6.0.26100.7019_none_3e06ffa0e335b8a8\COMCTL32.dll
0x00007ffae0560000 - 0x00007ffae0587000 	C:\WINDOWS\System32\win32u.dll
0x00007ffae2b90000 - 0x00007ffae2c39000 	C:\WINDOWS\System32\msvcrt.dll
0x00007ffae2980000 - 0x00007ffae29ab000 	C:\WINDOWS\System32\GDI32.dll
0x00007ffae0590000 - 0x00007ffae06bc000 	C:\WINDOWS\System32\gdi32full.dll
0x00007ffae06c0000 - 0x00007ffae0763000 	C:\WINDOWS\System32\msvcp_win.dll
0x00007ffae0dc0000 - 0x00007ffae0df1000 	C:\WINDOWS\System32\IMM32.DLL
0x00007ffac2930000 - 0x00007ffac293c000 	C:\Program Files\Android\Android Studio\jbr\bin\vcruntime140_1.dll
0x00007ffaa65f0000 - 0x00007ffaa667d000 	C:\Program Files\Android\Android Studio\jbr\bin\msvcp140.dll
0x00007ffa61a20000 - 0x00007ffa626a3000 	C:\Program Files\Android\Android Studio\jbr\bin\server\jvm.dll
0x00007ffae1c30000 - 0x00007ffae1ce4000 	C:\WINDOWS\System32\ADVAPI32.dll
0x00007ffae0c30000 - 0x00007ffae0cd6000 	C:\WINDOWS\System32\sechost.dll
0x00007ffae14a0000 - 0x00007ffae15b8000 	C:\WINDOWS\System32\RPCRT4.dll
0x00007ffadfe30000 - 0x00007ffadfe8e000 	C:\WINDOWS\SYSTEM32\POWRPROF.dll
0x00007ffac0ce0000 - 0x00007ffac0cea000 	C:\WINDOWS\SYSTEM32\WSOCK32.dll
0x00007ffad54e0000 - 0x00007ffad5515000 	C:\WINDOWS\SYSTEM32\WINMM.dll
0x00007ffaced00000 - 0x00007ffaced0b000 	C:\WINDOWS\SYSTEM32\VERSION.dll
0x00007ffae1200000 - 0x00007ffae1274000 	C:\WINDOWS\System32\WS2_32.dll
0x00007ffadfe10000 - 0x00007ffadfe24000 	C:\WINDOWS\SYSTEM32\UMPDC.dll
0x00007ffaded90000 - 0x00007ffadedab000 	C:\WINDOWS\SYSTEM32\kernel.appcore.dll
0x00007ffac08a0000 - 0x00007ffac08aa000 	C:\Program Files\Android\Android Studio\jbr\bin\jimage.dll
0x00007ffadd6b0000 - 0x00007ffadd8f2000 	C:\WINDOWS\SYSTEM32\DBGHELP.DLL
0x00007ffae0e00000 - 0x00007ffae118b000 	C:\WINDOWS\System32\combase.dll
0x00007ffae0ce0000 - 0x00007ffae0db7000 	C:\WINDOWS\System32\OLEAUT32.dll
0x00007ffab9d00000 - 0x00007ffab9d3c000 	C:\WINDOWS\SYSTEM32\dbgcore.DLL
0x00007ffae0770000 - 0x00007ffae0815000 	C:\WINDOWS\System32\bcryptPrimitives.dll
0x00007ffadc940000 - 0x00007ffadc94e000 	C:\Program Files\Android\Android Studio\jbr\bin\instrument.dll
0x00007ffac0570000 - 0x00007ffac0595000 	C:\Program Files\Android\Android Studio\jbr\bin\java.dll
0x00007ffac0680000 - 0x00007ffac0698000 	C:\Program Files\Android\Android Studio\jbr\bin\zip.dll
0x00007ffae2060000 - 0x00007ffae27b1000 	C:\WINDOWS\System32\SHELL32.dll
0x00007ffadffd0000 - 0x00007ffae013b000 	C:\WINDOWS\System32\wintypes.dll
0x00007ffaddbe0000 - 0x00007ffade43d000 	C:\WINDOWS\SYSTEM32\windows.storage.dll
0x00007ffae1a60000 - 0x00007ffae1b52000 	C:\WINDOWS\System32\SHCORE.dll
0x00007ffae1190000 - 0x00007ffae11f7000 	C:\WINDOWS\System32\shlwapi.dll
0x00007ffadfef0000 - 0x00007ffadff19000 	C:\WINDOWS\SYSTEM32\profapi.dll
0x00007ffabfb20000 - 0x00007ffabfb39000 	C:\Program Files\Android\Android Studio\jbr\bin\net.dll
0x00007ffad4ac0000 - 0x00007ffad4be8000 	C:\WINDOWS\SYSTEM32\WINHTTP.dll
0x00007ffadf300000 - 0x00007ffadf36b000 	C:\WINDOWS\system32\mswsock.dll
0x00007ffabf9b0000 - 0x00007ffabf9c6000 	C:\Program Files\Android\Android Studio\jbr\bin\nio.dll
0x00007ffad4f10000 - 0x00007ffad4f20000 	C:\Program Files\Android\Android Studio\jbr\bin\verify.dll
0x00007ffac2070000 - 0x00007ffac2097000 	C:\Users\Jerusha\.gradle\native\1def1411415f61bf3af743bc5b6707747c0891f09f0c88961ee8f79bc544acac\windows-amd64\native-platform.dll
0x00000000687c0000 - 0x0000000068833000 	C:\Users\Jerusha\.gradle\native\0.2.5\x86_64-windows-gnu\gradle-fileevents.dll
0x00007ffac07d0000 - 0x00007ffac07d9000 	C:\Program Files\Android\Android Studio\jbr\bin\management.dll
0x00007ffabf9a0000 - 0x00007ffabf9ab000 	C:\Program Files\Android\Android Studio\jbr\bin\management_ext.dll
0x00007ffae1470000 - 0x00007ffae1478000 	C:\WINDOWS\System32\PSAPI.DLL
0x00007ffadf5c0000 - 0x00007ffadf5db000 	C:\WINDOWS\SYSTEM32\CRYPTSP.dll
0x00007ffadecf0000 - 0x00007ffaded2a000 	C:\WINDOWS\system32\rsaenh.dll
0x00007ffadf3b0000 - 0x00007ffadf3db000 	C:\WINDOWS\SYSTEM32\USERENV.dll
0x00007ffadfec0000 - 0x00007ffadfeea000 	C:\WINDOWS\SYSTEM32\bcrypt.dll
0x00007ffadf5e0000 - 0x00007ffadf5ec000 	C:\WINDOWS\SYSTEM32\CRYPTBASE.dll
0x00007ffade8c0000 - 0x00007ffade8f4000 	C:\WINDOWS\SYSTEM32\IPHLPAPI.DLL
0x00007ffae0c20000 - 0x00007ffae0c2a000 	C:\WINDOWS\System32\NSI.dll
0x00007ffad76f0000 - 0x00007ffad770e000 	C:\WINDOWS\SYSTEM32\dhcpcsvc6.DLL
0x00007ffad7690000 - 0x00007ffad76b3000 	C:\WINDOWS\SYSTEM32\dhcpcsvc.DLL
0x00007ffade900000 - 0x00007ffadea2c000 	C:\WINDOWS\SYSTEM32\DNSAPI.dll
0x00007ffacad70000 - 0x00007ffacad78000 	C:\WINDOWS\system32\wshunix.dll
0x0000000068740000 - 0x00000000687b3000 	C:\Users\Jerusha\AppData\Local\Temp\native-platform10370802288219387759dir\gradle-fileevents.dll

dbghelp: loaded successfully - version: 4.0.5 - missing functions: none
symbol engine: initialized successfully - sym options: 0x614 - pdb path: .;C:\Program Files\Android\Android Studio\jbr\bin;C:\WINDOWS\SYSTEM32;C:\WINDOWS\WinSxS\amd64_microsoft.windows.common-controls_6595b64144ccf1df_6.0.26100.7019_none_3e06ffa0e335b8a8;C:\Program Files\Android\Android Studio\jbr\bin\server;C:\Users\Jerusha\.gradle\native\1def1411415f61bf3af743bc5b6707747c0891f09f0c88961ee8f79bc544acac\windows-amd64;C:\Users\Jerusha\.gradle\native\0.2.5\x86_64-windows-gnu;C:\Users\Jerusha\AppData\Local\Temp\native-platform10370802288219387759dir

VM Arguments:
jvm_args: --add-opens=java.base/java.lang=ALL-UNNAMED --add-opens=java.base/java.lang.invoke=ALL-UNNAMED --add-opens=java.base/java.util=ALL-UNNAMED --add-opens=java.prefs/java.util.prefs=ALL-UNNAMED --add-exports=jdk.compiler/com.sun.tools.javac.api=ALL-UNNAMED --add-exports=jdk.compiler/com.sun.tools.javac.util=ALL-UNNAMED --add-opens=java.base/java.util=ALL-UNNAMED --add-opens=java.prefs/java.util.prefs=ALL-UNNAMED --add-opens=java.base/java.nio.charset=ALL-UNNAMED --add-opens=java.base/java.net=ALL-UNNAMED --add-opens=java.base/java.util.concurrent.atomic=ALL-UNNAMED --add-opens=java.xml/javax.xml.namespace=ALL-UNNAMED -XX:MaxMetaspaceSize=256m -XX:CICompilerCount=2 -XX:+HeapDumpOnOutOfMemoryError -Xms256m -Xmx512m -Dfile.encoding=windows-1252 -Duser.country=US -Duser.language=en -Duser.variant -javaagent:C:\Users\Jerusha\.gradle\wrapper\dists\gradle-8.12-all\ejduaidbjup3bmmkhw3rie4zb\gradle-8.12\lib\agents\gradle-instrumentation-agent-8.12.jar 
java_command: org.gradle.launcher.daemon.bootstrap.GradleDaemon 8.12
java_class_path (initial): C:\Users\Jerusha\.gradle\wrapper\dists\gradle-8.12-all\ejduaidbjup3bmmkhw3rie4zb\gradle-8.12\lib\gradle-daemon-main-8.12.jar
Launcher Type: SUN_STANDARD

[Global flags]
     intx CICompilerCount                          = 2                                         {product} {command line}
   size_t CompressedClassSpaceSize                 = 218103808                                 {product} {ergonomic}
     uint ConcGCThreads                            = 3                                         {product} {ergonomic}
     uint G1ConcRefinementThreads                  = 10                                        {product} {ergonomic}
   size_t G1HeapRegionSize                         = 1048576                                   {product} {ergonomic}
    uintx GCDrainStackTargetSize                   = 64                                        {product} {ergonomic}
     bool HeapDumpOnOutOfMemoryError               = true                                   {manageable} {command line}
   size_t InitialHeapSize                          = 268435456                                 {product} {command line}
   size_t MarkStackSize                            = 4194304                                   {product} {ergonomic}
   size_t MaxHeapSize                              = 536870912                                 {product} {command line}
   size_t MaxMetaspaceSize                         = 268435456                                 {product} {command line}
   size_t MaxNewSize                               = 321912832                                 {product} {ergonomic}
   size_t MinHeapDeltaBytes                        = 1048576                                   {product} {ergonomic}
   size_t MinHeapSize                              = 268435456                                 {product} {command line}
    uintx NonNMethodCodeHeapSize                   = 5826188                                {pd product} {ergonomic}
    uintx NonProfiledCodeHeapSize                  = 122916026                              {pd product} {ergonomic}
    uintx ProfiledCodeHeapSize                     = 122916026                              {pd product} {ergonomic}
    uintx ReservedCodeCacheSize                    = 251658240                              {pd product} {ergonomic}
     bool SegmentedCodeCache                       = true                                      {product} {ergonomic}
   size_t SoftMaxHeapSize                          = 536870912                              {manageable} {ergonomic}
     bool UseCompressedClassPointers               = true                           {product lp64_product} {ergonomic}
     bool UseCompressedOops                        = true                           {product lp64_product} {ergonomic}
     bool UseG1GC                                  = true                                      {product} {ergonomic}
     bool UseLargePagesIndividualAllocation        = false                                  {pd product} {ergonomic}

Logging:
Log output configuration:
 #0: stdout all=warning uptime,level,tags
 #1: stderr all=off uptime,level,tags

Environment Variables:
JAVA_HOME=C:\Program Files\Android\Android Studio\jbr
CLASSPATH=C:\Users\Jerusha\Desktop\CleaningApp\cleaning_app\android\\gradle\wrapper\gradle-wrapper.jar
PATH=C:\Program Files\Android\Android Studio\jbr\bin;C:\flutter\bin;c:\Users\Jerusha\AppData\Local\Programs\cursor\resources\app\bin;C:\Python313\Scripts\;C:\Python313\;C:\Program Files\Common Files\Oracle\Java\javapath;C:\WINDOWS\system32;C:\WINDOWS;C:\WINDOWS\System32\Wbem;C:\WINDOWS\System32\WindowsPowerShell\v1.0\;C:\WINDOWS\System32\OpenSSH\;C:\Program Files\nodejs\;C:\ProgramData\chocolatey\bin;C:\Program Files\NVIDIA Corporation\NVIDIA app\NvDLISR;C:\Program Files (x86)\NVIDIA Corporation\PhysX\Common;C:\Users\Jerusha\AppData\Local\Microsoft\WindowsApps;C:\Users\Jerusha\AppData\Roaming\npm;C:\Users\Jerusha\AppData\Local\Programs\cursor\resources\app\bin;c:\Users\Jerusha\AppData\Local\Programs\cursor\resources\app\bin;C:\Program Files\Git\cmd;C:\Program Files\dotnet\;C:\Users\Jerusha\AppData\Local\Microsoft\WindowsApps;C:\Users\Jerusha\AppData\Local\Programs\Microsoft VS Code\bin;C:\Users\Jerusha\AppData\Roaming\npm;C:\Users\Jerusha\AppData\Local\Programs\cursor\resources\app\bin;C:\Users\Jerusha\.dotnet\tools;C:\flutter\bin\mingit\cmd;C:\flutter\bin\mingit\cmd
USERNAME=Jerusha
OS=Windows_NT
PROCESSOR_IDENTIFIER=Intel64 Family 6 Model 154 Stepping 4, GenuineIntel
TMP=C:\Users\Jerusha\AppData\Local\Temp
TEMP=C:\Users\Jerusha\AppData\Local\Temp



Periodic native trim disabled

JNI global refs:
JNI global refs: 24, weak refs: 0

JNI global refs memory usage: 843, weak refs: 841

OOME stack traces (most recent first):
Classloader memory used:
Loader bootstrap                                                                       : 1884K
Loader org.gradle.internal.classloader.VisitableURLClassLoader                         : 1271K
Loader org.gradle.initialization.MixInLegacyTypesClassLoader                           : 149K
Loader jdk.internal.loader.ClassLoaders$AppClassLoader                                 : 28792B
Loader jdk.internal.loader.ClassLoaders$PlatformClassLoader                            : 14824B
Loader jdk.internal.reflect.DelegatingClassLoader                                      : 3280B

Classes loaded by more than one classloader:
Class org.gradle.internal.installation.GradleInstallation                             : loaded 2 times (x 73B)
Class org.gradle.internal.classpath.ClassPath                                         : loaded 2 times (x 68B)
Class org.gradle.api.internal.classpath.DefaultModuleRegistry                         : loaded 2 times (x 84B)
Class org.gradle.api.Action                                                           : loaded 2 times (x 68B)
Class org.gradle.api.internal.DefaultClassPathProvider                                : loaded 2 times (x 74B)
Class org.gradle.internal.installation.GradleInstallation$1                           : loaded 2 times (x 73B)
Class org.gradle.internal.classloader.FilteringClassLoader                            : loaded 2 times (x 103B)
Class org.gradle.internal.classpath.DefaultClassPath$ImmutableUniqueList$Builder      : loaded 2 times (x 73B)
Class org.gradle.internal.classloader.ClassLoaderVisitor                              : loaded 2 times (x 74B)
Class org.gradle.internal.service.DefaultServiceLocator                               : loaded 2 times (x 81B)
Class org.gradle.internal.service.UnknownServiceException                             : loaded 2 times (x 81B)
Class org.gradle.internal.classloader.DefaultClassLoaderFactory                       : loaded 2 times (x 80B)
Class org.gradle.internal.classloader.VisitableURLClassLoader$Spec                    : loaded 2 times (x 72B)
Class org.gradle.api.GradleException                                                  : loaded 2 times (x 80B)
Class org.gradle.api.internal.classpath.ModuleRegistry                                : loaded 2 times (x 68B)
Class org.gradle.api.internal.ClassPathProvider                                       : loaded 2 times (x 68B)
Class org.gradle.internal.classloader.ClasspathUtil$1                                 : loaded 2 times (x 74B)
Class org.gradle.internal.classloader.ClassLoaderFactory                              : loaded 2 times (x 68B)
Class org.gradle.api.internal.classpath.ManifestUtil                                  : loaded 2 times (x 69B)
Class org.gradle.api.specs.Spec                                                       : loaded 2 times (x 68B)
Class org.gradle.internal.IoActions                                                   : loaded 2 times (x 69B)
Class org.gradle.api.internal.classpath.EffectiveClassPath                            : loaded 2 times (x 88B)
Class org.gradle.internal.installation.CurrentGradleInstallation                      : loaded 2 times (x 71B)
Class org.gradle.internal.installation.CurrentGradleInstallationLocator               : loaded 2 times (x 69B)
Class org.gradle.api.internal.classpath.Module                                        : loaded 2 times (x 68B)
Class org.gradle.internal.service.CachingServiceLocator                               : loaded 2 times (x 80B)
Class org.gradle.internal.classpath.DefaultClassPath                                  : loaded 2 times (x 88B)
Class org.gradle.internal.classloader.SystemClassLoaderSpec                           : loaded 2 times (x 69B)
Class org.gradle.api.UncheckedIOException                                             : loaded 2 times (x 80B)
Class org.gradle.api.internal.classpath.GlobalCacheRootsProvider                      : loaded 2 times (x 68B)
Class org.gradle.internal.classloader.ClasspathUtil                                   : loaded 2 times (x 69B)
Class org.gradle.api.internal.DefaultClassPathRegistry                                : loaded 2 times (x 74B)
Class org.gradle.api.internal.classpath.DefaultModuleRegistry$DefaultModule           : loaded 2 times (x 84B)
Class org.gradle.api.internal.classpath.UnknownModuleException                        : loaded 2 times (x 80B)
Class org.gradle.internal.service.ServiceLookupException                              : loaded 2 times (x 80B)
Class [Lorg.gradle.api.internal.ClassPathProvider;                                    : loaded 2 times (x 67B)
Class org.gradle.util.internal.GUtil                                                  : loaded 2 times (x 69B)
Class org.gradle.internal.classloader.ClassLoaderSpec                                 : loaded 2 times (x 69B)
Class org.gradle.internal.classloader.InstrumentingClassLoader                        : loaded 2 times (x 68B)
Class org.gradle.internal.classloader.VisitableURLClassLoader                         : loaded 2 times (x 115B)
Class org.gradle.internal.Cast                                                        : loaded 2 times (x 69B)
Class org.gradle.api.internal.ClassPathRegistry                                       : loaded 2 times (x 68B)
Class org.gradle.internal.classloader.VisitableURLClassLoader$InstrumentingVisitableURLClassLoader: loaded 2 times (x 121B)
Class org.gradle.internal.classloader.ClassLoaderHierarchy                            : loaded 2 times (x 68B)
Class org.gradle.internal.InternalTransformer                                         : loaded 2 times (x 68B)
Class org.gradle.internal.service.ServiceLocator                                      : loaded 2 times (x 68B)
Class org.gradle.internal.classpath.DefaultClassPath$ImmutableUniqueList              : loaded 2 times (x 159B)
Class org.gradle.internal.classpath.TransformedClassPath                              : loaded 2 times (x 94B)


---------------  S Y S T E M  ---------------

OS:
 Windows 11 , 64 bit Build 26100 (10.0.26100.7019)
OS uptime: 2 days 23:08 hours
Hyper-V role detected

CPU: total 12 (initial active 12) (6 cores per cpu, 2 threads per core) family 6 model 154 stepping 4 microcode 0x423, cx8, cmov, fxsr, ht, mmx, 3dnowpref, sse, sse2, sse3, ssse3, sse4.1, sse4.2, popcnt, lzcnt, tsc, tscinvbit, avx, avx2, aes, erms, clmul, bmi1, bmi2, adx, sha, fma, vzeroupper, clflush, clflushopt, clwb, hv
Processor Information for processor 0
  Max Mhz: 1700, Current Mhz: 1700, Mhz Limit: 1700
Processor Information for processor 1
  Max Mhz: 1700, Current Mhz: 1700, Mhz Limit: 1700
Processor Information for processor 2
  Max Mhz: 1700, Current Mhz: 1700, Mhz Limit: 1700
Processor Information for processor 3
  Max Mhz: 1700, Current Mhz: 1700, Mhz Limit: 1700
Processor Information for processor 4
  Max Mhz: 1700, Current Mhz: 1200, Mhz Limit: 1190
Processor Information for processor 5
  Max Mhz: 1700, Current Mhz: 1200, Mhz Limit: 1190
Processor Information for processor 6
  Max Mhz: 1700, Current Mhz: 1200, Mhz Limit: 1190
Processor Information for processor 7
  Max Mhz: 1700, Current Mhz: 1200, Mhz Limit: 1190
Processor Information for processor 8
  Max Mhz: 1700, Current Mhz: 1200, Mhz Limit: 1190
Processor Information for processor 9
  Max Mhz: 1700, Current Mhz: 1200, Mhz Limit: 1190
Processor Information for processor 10
  Max Mhz: 1700, Current Mhz: 1200, Mhz Limit: 1190
Processor Information for processor 11
  Max Mhz: 1700, Current Mhz: 1200, Mhz Limit: 1190

Memory: 4k page, system-wide physical 7896M (811M free)
TotalPageFile size 16088M (AvailPageFile size 3M)
current process WorkingSet (physical memory assigned to process): 179M, peak: 179M
current process commit charge ("private bytes"): 411M, peak: 414M

vm_info: OpenJDK 64-Bit Server VM (17.0.9+0--11185874) for windows-amd64 JRE (17.0.9+0--11185874), built on Dec  6 2023 18:57:44 by "androidbuild" with MS VC++ 16.10 / 16.11 (VS2019)

END.
